[2024-01-27 08:53:39,289] {processor.py:153} INFO - Started process (PID=225) to work on /opt/airflow/dags/sample_dag.py
[2024-01-27 08:53:39,289] {processor.py:641} INFO - Processing file /opt/airflow/dags/sample_dag.py for tasks to queue
[2024-01-27 08:53:39,289] {logging_mixin.py:115} INFO - [2024-01-27 08:53:39,289] {dagbag.py:507} INFO - Filling up the DagBag from /opt/airflow/dags/sample_dag.py
[2024-01-27 08:53:39,293] {processor.py:651} INFO - DAG(s) dict_keys(['first_sample_dag']) retrieved from /opt/airflow/dags/sample_dag.py
[2024-01-27 08:53:39,354] {logging_mixin.py:115} INFO - [2024-01-27 08:53:39,354] {manager.py:508} INFO - Created Permission View: can edit on DAG:first_sample_dag
[2024-01-27 08:53:39,361] {logging_mixin.py:115} INFO - [2024-01-27 08:53:39,361] {manager.py:508} INFO - Created Permission View: can delete on DAG:first_sample_dag
[2024-01-27 08:53:39,365] {logging_mixin.py:115} INFO - [2024-01-27 08:53:39,365] {manager.py:508} INFO - Created Permission View: can read on DAG:first_sample_dag
[2024-01-27 08:53:39,365] {logging_mixin.py:115} INFO - [2024-01-27 08:53:39,365] {dag.py:2371} INFO - Sync 1 DAGs
[2024-01-27 08:53:39,372] {logging_mixin.py:115} INFO - [2024-01-27 08:53:39,371] {dag.py:2390} INFO - Creating ORM DAG for first_sample_dag
[2024-01-27 08:53:39,380] {logging_mixin.py:115} INFO - [2024-01-27 08:53:39,380] {dag.py:2919} INFO - Setting next_dagrun for first_sample_dag to None, run_after=None
[2024-01-27 08:53:39,389] {processor.py:161} INFO - Processing /opt/airflow/dags/sample_dag.py took 0.102 seconds
[2024-01-27 08:54:09,473] {processor.py:153} INFO - Started process (PID=230) to work on /opt/airflow/dags/sample_dag.py
[2024-01-27 08:54:09,475] {processor.py:641} INFO - Processing file /opt/airflow/dags/sample_dag.py for tasks to queue
[2024-01-27 08:54:09,476] {logging_mixin.py:115} INFO - [2024-01-27 08:54:09,476] {dagbag.py:507} INFO - Filling up the DagBag from /opt/airflow/dags/sample_dag.py
[2024-01-27 08:54:09,490] {processor.py:651} INFO - DAG(s) dict_keys(['first_sample_dag']) retrieved from /opt/airflow/dags/sample_dag.py
[2024-01-27 08:54:09,515] {logging_mixin.py:115} INFO - [2024-01-27 08:54:09,515] {dag.py:2371} INFO - Sync 1 DAGs
[2024-01-27 08:54:09,531] {logging_mixin.py:115} INFO - [2024-01-27 08:54:09,531] {dag.py:2919} INFO - Setting next_dagrun for first_sample_dag to None, run_after=None
[2024-01-27 08:54:09,538] {processor.py:161} INFO - Processing /opt/airflow/dags/sample_dag.py took 0.073 seconds
[2024-01-27 08:54:39,605] {processor.py:153} INFO - Started process (PID=249) to work on /opt/airflow/dags/sample_dag.py
[2024-01-27 08:54:39,615] {processor.py:641} INFO - Processing file /opt/airflow/dags/sample_dag.py for tasks to queue
[2024-01-27 08:54:39,616] {logging_mixin.py:115} INFO - [2024-01-27 08:54:39,615] {dagbag.py:507} INFO - Filling up the DagBag from /opt/airflow/dags/sample_dag.py
[2024-01-27 08:54:39,619] {processor.py:651} INFO - DAG(s) dict_keys(['first_sample_dag']) retrieved from /opt/airflow/dags/sample_dag.py
[2024-01-27 08:54:39,636] {logging_mixin.py:115} INFO - [2024-01-27 08:54:39,636] {dag.py:2371} INFO - Sync 1 DAGs
[2024-01-27 08:54:39,651] {logging_mixin.py:115} INFO - [2024-01-27 08:54:39,651] {dag.py:2919} INFO - Setting next_dagrun for first_sample_dag to None, run_after=None
[2024-01-27 08:54:39,658] {processor.py:161} INFO - Processing /opt/airflow/dags/sample_dag.py took 0.055 seconds
[2024-01-27 08:55:09,686] {processor.py:153} INFO - Started process (PID=257) to work on /opt/airflow/dags/sample_dag.py
[2024-01-27 08:55:09,696] {processor.py:641} INFO - Processing file /opt/airflow/dags/sample_dag.py for tasks to queue
[2024-01-27 08:55:09,697] {logging_mixin.py:115} INFO - [2024-01-27 08:55:09,697] {dagbag.py:507} INFO - Filling up the DagBag from /opt/airflow/dags/sample_dag.py
[2024-01-27 08:55:09,705] {processor.py:651} INFO - DAG(s) dict_keys(['first_sample_dag']) retrieved from /opt/airflow/dags/sample_dag.py
[2024-01-27 08:55:09,740] {logging_mixin.py:115} INFO - [2024-01-27 08:55:09,740] {dag.py:2371} INFO - Sync 1 DAGs
[2024-01-27 08:55:09,758] {logging_mixin.py:115} INFO - [2024-01-27 08:55:09,758] {dag.py:2919} INFO - Setting next_dagrun for first_sample_dag to None, run_after=None
[2024-01-27 08:55:09,765] {processor.py:161} INFO - Processing /opt/airflow/dags/sample_dag.py took 0.083 seconds
[2024-01-27 08:55:39,811] {processor.py:153} INFO - Started process (PID=262) to work on /opt/airflow/dags/sample_dag.py
[2024-01-27 08:55:39,811] {processor.py:641} INFO - Processing file /opt/airflow/dags/sample_dag.py for tasks to queue
[2024-01-27 08:55:39,812] {logging_mixin.py:115} INFO - [2024-01-27 08:55:39,811] {dagbag.py:507} INFO - Filling up the DagBag from /opt/airflow/dags/sample_dag.py
[2024-01-27 08:55:39,815] {processor.py:651} INFO - DAG(s) dict_keys(['first_sample_dag']) retrieved from /opt/airflow/dags/sample_dag.py
[2024-01-27 08:55:39,831] {logging_mixin.py:115} INFO - [2024-01-27 08:55:39,831] {dag.py:2371} INFO - Sync 1 DAGs
[2024-01-27 08:55:39,845] {logging_mixin.py:115} INFO - [2024-01-27 08:55:39,845] {dag.py:2919} INFO - Setting next_dagrun for first_sample_dag to None, run_after=None
[2024-01-27 08:55:39,851] {processor.py:161} INFO - Processing /opt/airflow/dags/sample_dag.py took 0.042 seconds
[2024-01-27 08:56:09,902] {processor.py:153} INFO - Started process (PID=267) to work on /opt/airflow/dags/sample_dag.py
[2024-01-27 08:56:09,912] {processor.py:641} INFO - Processing file /opt/airflow/dags/sample_dag.py for tasks to queue
[2024-01-27 08:56:09,912] {logging_mixin.py:115} INFO - [2024-01-27 08:56:09,912] {dagbag.py:507} INFO - Filling up the DagBag from /opt/airflow/dags/sample_dag.py
[2024-01-27 08:56:09,916] {processor.py:651} INFO - DAG(s) dict_keys(['first_sample_dag']) retrieved from /opt/airflow/dags/sample_dag.py
[2024-01-27 08:56:09,932] {logging_mixin.py:115} INFO - [2024-01-27 08:56:09,932] {dag.py:2371} INFO - Sync 1 DAGs
[2024-01-27 08:56:09,945] {logging_mixin.py:115} INFO - [2024-01-27 08:56:09,945] {dag.py:2919} INFO - Setting next_dagrun for first_sample_dag to None, run_after=None
[2024-01-27 08:56:09,952] {processor.py:161} INFO - Processing /opt/airflow/dags/sample_dag.py took 0.052 seconds
[2024-01-27 08:56:39,986] {processor.py:153} INFO - Started process (PID=288) to work on /opt/airflow/dags/sample_dag.py
[2024-01-27 08:56:39,987] {processor.py:641} INFO - Processing file /opt/airflow/dags/sample_dag.py for tasks to queue
[2024-01-27 08:56:39,987] {logging_mixin.py:115} INFO - [2024-01-27 08:56:39,987] {dagbag.py:507} INFO - Filling up the DagBag from /opt/airflow/dags/sample_dag.py
[2024-01-27 08:56:39,991] {processor.py:651} INFO - DAG(s) dict_keys(['first_sample_dag']) retrieved from /opt/airflow/dags/sample_dag.py
[2024-01-27 08:56:40,011] {logging_mixin.py:115} INFO - [2024-01-27 08:56:40,011] {dag.py:2371} INFO - Sync 1 DAGs
[2024-01-27 08:56:40,030] {logging_mixin.py:115} INFO - [2024-01-27 08:56:40,030] {dag.py:2919} INFO - Setting next_dagrun for first_sample_dag to None, run_after=None
[2024-01-27 08:56:40,038] {processor.py:161} INFO - Processing /opt/airflow/dags/sample_dag.py took 0.054 seconds
[2024-01-27 08:57:10,083] {processor.py:153} INFO - Started process (PID=293) to work on /opt/airflow/dags/sample_dag.py
[2024-01-27 08:57:10,094] {processor.py:641} INFO - Processing file /opt/airflow/dags/sample_dag.py for tasks to queue
[2024-01-27 08:57:10,094] {logging_mixin.py:115} INFO - [2024-01-27 08:57:10,094] {dagbag.py:507} INFO - Filling up the DagBag from /opt/airflow/dags/sample_dag.py
[2024-01-27 08:57:10,099] {processor.py:651} INFO - DAG(s) dict_keys(['first_sample_dag']) retrieved from /opt/airflow/dags/sample_dag.py
[2024-01-27 08:57:10,120] {logging_mixin.py:115} INFO - [2024-01-27 08:57:10,120] {dag.py:2371} INFO - Sync 1 DAGs
[2024-01-27 08:57:10,141] {logging_mixin.py:115} INFO - [2024-01-27 08:57:10,140] {dag.py:2919} INFO - Setting next_dagrun for first_sample_dag to None, run_after=None
[2024-01-27 08:57:10,149] {processor.py:161} INFO - Processing /opt/airflow/dags/sample_dag.py took 0.069 seconds
[2024-01-27 08:57:40,204] {processor.py:153} INFO - Started process (PID=298) to work on /opt/airflow/dags/sample_dag.py
[2024-01-27 08:57:40,205] {processor.py:641} INFO - Processing file /opt/airflow/dags/sample_dag.py for tasks to queue
[2024-01-27 08:57:40,206] {logging_mixin.py:115} INFO - [2024-01-27 08:57:40,206] {dagbag.py:507} INFO - Filling up the DagBag from /opt/airflow/dags/sample_dag.py
[2024-01-27 08:57:40,219] {processor.py:651} INFO - DAG(s) dict_keys(['first_sample_dag']) retrieved from /opt/airflow/dags/sample_dag.py
[2024-01-27 08:57:40,247] {logging_mixin.py:115} INFO - [2024-01-27 08:57:40,247] {dag.py:2371} INFO - Sync 1 DAGs
[2024-01-27 08:57:40,267] {logging_mixin.py:115} INFO - [2024-01-27 08:57:40,267] {dag.py:2919} INFO - Setting next_dagrun for first_sample_dag to None, run_after=None
[2024-01-27 08:57:40,274] {processor.py:161} INFO - Processing /opt/airflow/dags/sample_dag.py took 0.078 seconds
[2024-01-27 08:58:10,307] {processor.py:153} INFO - Started process (PID=303) to work on /opt/airflow/dags/sample_dag.py
[2024-01-27 08:58:10,308] {processor.py:641} INFO - Processing file /opt/airflow/dags/sample_dag.py for tasks to queue
[2024-01-27 08:58:10,308] {logging_mixin.py:115} INFO - [2024-01-27 08:58:10,308] {dagbag.py:507} INFO - Filling up the DagBag from /opt/airflow/dags/sample_dag.py
[2024-01-27 08:58:10,316] {processor.py:651} INFO - DAG(s) dict_keys(['first_sample_dag']) retrieved from /opt/airflow/dags/sample_dag.py
[2024-01-27 08:58:10,342] {logging_mixin.py:115} INFO - [2024-01-27 08:58:10,342] {dag.py:2371} INFO - Sync 1 DAGs
[2024-01-27 08:58:10,360] {logging_mixin.py:115} INFO - [2024-01-27 08:58:10,360] {dag.py:2919} INFO - Setting next_dagrun for first_sample_dag to None, run_after=None
[2024-01-27 08:58:10,369] {processor.py:161} INFO - Processing /opt/airflow/dags/sample_dag.py took 0.067 seconds
[2024-01-27 08:58:40,432] {processor.py:153} INFO - Started process (PID=313) to work on /opt/airflow/dags/sample_dag.py
[2024-01-27 08:58:40,433] {processor.py:641} INFO - Processing file /opt/airflow/dags/sample_dag.py for tasks to queue
[2024-01-27 08:58:40,433] {logging_mixin.py:115} INFO - [2024-01-27 08:58:40,433] {dagbag.py:507} INFO - Filling up the DagBag from /opt/airflow/dags/sample_dag.py
[2024-01-27 08:58:40,439] {processor.py:651} INFO - DAG(s) dict_keys(['first_sample_dag']) retrieved from /opt/airflow/dags/sample_dag.py
[2024-01-27 08:58:40,468] {logging_mixin.py:115} INFO - [2024-01-27 08:58:40,468] {dag.py:2371} INFO - Sync 1 DAGs
[2024-01-27 08:58:40,485] {logging_mixin.py:115} INFO - [2024-01-27 08:58:40,485] {dag.py:2919} INFO - Setting next_dagrun for first_sample_dag to None, run_after=None
[2024-01-27 08:58:40,491] {processor.py:161} INFO - Processing /opt/airflow/dags/sample_dag.py took 0.062 seconds
[2024-01-27 08:59:10,556] {processor.py:153} INFO - Started process (PID=338) to work on /opt/airflow/dags/sample_dag.py
[2024-01-27 08:59:10,566] {processor.py:641} INFO - Processing file /opt/airflow/dags/sample_dag.py for tasks to queue
[2024-01-27 08:59:10,567] {logging_mixin.py:115} INFO - [2024-01-27 08:59:10,567] {dagbag.py:507} INFO - Filling up the DagBag from /opt/airflow/dags/sample_dag.py
[2024-01-27 08:59:10,571] {processor.py:651} INFO - DAG(s) dict_keys(['first_sample_dag']) retrieved from /opt/airflow/dags/sample_dag.py
[2024-01-27 08:59:10,596] {logging_mixin.py:115} INFO - [2024-01-27 08:59:10,595] {dag.py:2371} INFO - Sync 1 DAGs
[2024-01-27 08:59:10,617] {logging_mixin.py:115} INFO - [2024-01-27 08:59:10,616] {dag.py:2919} INFO - Setting next_dagrun for first_sample_dag to None, run_after=None
[2024-01-27 08:59:10,630] {processor.py:161} INFO - Processing /opt/airflow/dags/sample_dag.py took 0.076 seconds
[2024-01-27 08:59:40,716] {processor.py:153} INFO - Started process (PID=348) to work on /opt/airflow/dags/sample_dag.py
[2024-01-27 08:59:40,716] {processor.py:641} INFO - Processing file /opt/airflow/dags/sample_dag.py for tasks to queue
[2024-01-27 08:59:40,716] {logging_mixin.py:115} INFO - [2024-01-27 08:59:40,716] {dagbag.py:507} INFO - Filling up the DagBag from /opt/airflow/dags/sample_dag.py
[2024-01-27 08:59:40,720] {processor.py:651} INFO - DAG(s) dict_keys(['first_sample_dag']) retrieved from /opt/airflow/dags/sample_dag.py
[2024-01-27 08:59:40,738] {logging_mixin.py:115} INFO - [2024-01-27 08:59:40,738] {dag.py:2371} INFO - Sync 1 DAGs
[2024-01-27 08:59:40,754] {logging_mixin.py:115} INFO - [2024-01-27 08:59:40,754] {dag.py:2919} INFO - Setting next_dagrun for first_sample_dag to None, run_after=None
[2024-01-27 08:59:40,760] {processor.py:161} INFO - Processing /opt/airflow/dags/sample_dag.py took 0.046 seconds
[2024-01-27 09:00:10,885] {processor.py:153} INFO - Started process (PID=358) to work on /opt/airflow/dags/sample_dag.py
[2024-01-27 09:00:10,896] {processor.py:641} INFO - Processing file /opt/airflow/dags/sample_dag.py for tasks to queue
[2024-01-27 09:00:10,897] {logging_mixin.py:115} INFO - [2024-01-27 09:00:10,897] {dagbag.py:507} INFO - Filling up the DagBag from /opt/airflow/dags/sample_dag.py
[2024-01-27 09:00:10,911] {processor.py:651} INFO - DAG(s) dict_keys(['first_sample_dag']) retrieved from /opt/airflow/dags/sample_dag.py
[2024-01-27 09:00:10,950] {logging_mixin.py:115} INFO - [2024-01-27 09:00:10,950] {dag.py:2371} INFO - Sync 1 DAGs
[2024-01-27 09:00:10,974] {logging_mixin.py:115} INFO - [2024-01-27 09:00:10,974] {dag.py:2919} INFO - Setting next_dagrun for first_sample_dag to None, run_after=None
[2024-01-27 09:00:10,981] {processor.py:161} INFO - Processing /opt/airflow/dags/sample_dag.py took 0.103 seconds
[2024-01-27 09:00:41,059] {processor.py:153} INFO - Started process (PID=368) to work on /opt/airflow/dags/sample_dag.py
[2024-01-27 09:00:41,060] {processor.py:641} INFO - Processing file /opt/airflow/dags/sample_dag.py for tasks to queue
[2024-01-27 09:00:41,060] {logging_mixin.py:115} INFO - [2024-01-27 09:00:41,060] {dagbag.py:507} INFO - Filling up the DagBag from /opt/airflow/dags/sample_dag.py
[2024-01-27 09:00:41,063] {processor.py:651} INFO - DAG(s) dict_keys(['first_sample_dag']) retrieved from /opt/airflow/dags/sample_dag.py
[2024-01-27 09:00:41,079] {logging_mixin.py:115} INFO - [2024-01-27 09:00:41,079] {dag.py:2371} INFO - Sync 1 DAGs
[2024-01-27 09:00:41,093] {logging_mixin.py:115} INFO - [2024-01-27 09:00:41,093] {dag.py:2919} INFO - Setting next_dagrun for first_sample_dag to None, run_after=None
[2024-01-27 09:00:41,099] {processor.py:161} INFO - Processing /opt/airflow/dags/sample_dag.py took 0.041 seconds
[2024-01-27 09:01:11,222] {processor.py:153} INFO - Started process (PID=378) to work on /opt/airflow/dags/sample_dag.py
[2024-01-27 09:01:11,232] {processor.py:641} INFO - Processing file /opt/airflow/dags/sample_dag.py for tasks to queue
[2024-01-27 09:01:11,233] {logging_mixin.py:115} INFO - [2024-01-27 09:01:11,233] {dagbag.py:507} INFO - Filling up the DagBag from /opt/airflow/dags/sample_dag.py
[2024-01-27 09:01:11,241] {processor.py:651} INFO - DAG(s) dict_keys(['first_sample_dag']) retrieved from /opt/airflow/dags/sample_dag.py
[2024-01-27 09:01:11,268] {logging_mixin.py:115} INFO - [2024-01-27 09:01:11,268] {dag.py:2371} INFO - Sync 1 DAGs
[2024-01-27 09:01:11,303] {logging_mixin.py:115} INFO - [2024-01-27 09:01:11,302] {dag.py:2919} INFO - Setting next_dagrun for first_sample_dag to None, run_after=None
[2024-01-27 09:01:11,318] {processor.py:161} INFO - Processing /opt/airflow/dags/sample_dag.py took 0.101 seconds
