[2024-01-27T08:41:25.734+0000] {processor.py:161} INFO - Started process (PID=70) to work on /home/airflow/.local/lib/python3.8/site-packages/airflow/example_dags/example_branch_day_of_week_operator.py
[2024-01-27T08:41:25.735+0000] {processor.py:830} INFO - Processing file /home/airflow/.local/lib/python3.8/site-packages/airflow/example_dags/example_branch_day_of_week_operator.py for tasks to queue
[2024-01-27T08:41:25.736+0000] {logging_mixin.py:188} INFO - [2024-01-27T08:41:25.736+0000] {dagbag.py:538} INFO - Filling up the DagBag from /home/airflow/.local/lib/python3.8/site-packages/airflow/example_dags/example_branch_day_of_week_operator.py
[2024-01-27T08:41:25.742+0000] {processor.py:840} INFO - DAG(s) 'example_weekday_branch_operator' retrieved from /home/airflow/.local/lib/python3.8/site-packages/airflow/example_dags/example_branch_day_of_week_operator.py
[2024-01-27T08:41:25.752+0000] {logging_mixin.py:188} INFO - [2024-01-27T08:41:25.752+0000] {dag.py:3036} INFO - Sync 1 DAGs
[2024-01-27T08:41:25.772+0000] {logging_mixin.py:188} INFO - [2024-01-27T08:41:25.771+0000] {dag.py:3823} INFO - Setting next_dagrun for example_weekday_branch_operator to 2024-01-26 00:00:00+00:00, run_after=2024-01-27 00:00:00+00:00
[2024-01-27T08:41:25.790+0000] {processor.py:183} INFO - Processing /home/airflow/.local/lib/python3.8/site-packages/airflow/example_dags/example_branch_day_of_week_operator.py took 0.058 seconds
[2024-01-27T08:41:56.534+0000] {processor.py:161} INFO - Started process (PID=126) to work on /home/airflow/.local/lib/python3.8/site-packages/airflow/example_dags/example_branch_day_of_week_operator.py
[2024-01-27T08:41:56.535+0000] {processor.py:830} INFO - Processing file /home/airflow/.local/lib/python3.8/site-packages/airflow/example_dags/example_branch_day_of_week_operator.py for tasks to queue
[2024-01-27T08:41:56.536+0000] {logging_mixin.py:188} INFO - [2024-01-27T08:41:56.536+0000] {dagbag.py:538} INFO - Filling up the DagBag from /home/airflow/.local/lib/python3.8/site-packages/airflow/example_dags/example_branch_day_of_week_operator.py
[2024-01-27T08:41:56.541+0000] {processor.py:840} INFO - DAG(s) 'example_weekday_branch_operator' retrieved from /home/airflow/.local/lib/python3.8/site-packages/airflow/example_dags/example_branch_day_of_week_operator.py
[2024-01-27T08:41:56.612+0000] {logging_mixin.py:188} INFO - [2024-01-27T08:41:56.612+0000] {dag.py:3036} INFO - Sync 1 DAGs
[2024-01-27T08:41:56.626+0000] {logging_mixin.py:188} INFO - [2024-01-27T08:41:56.626+0000] {dag.py:3823} INFO - Setting next_dagrun for example_weekday_branch_operator to 2024-01-26 00:00:00+00:00, run_after=2024-01-27 00:00:00+00:00
[2024-01-27T08:41:56.638+0000] {processor.py:183} INFO - Processing /home/airflow/.local/lib/python3.8/site-packages/airflow/example_dags/example_branch_day_of_week_operator.py took 0.106 seconds
[2024-01-27T08:42:26.787+0000] {processor.py:161} INFO - Started process (PID=181) to work on /home/airflow/.local/lib/python3.8/site-packages/airflow/example_dags/example_branch_day_of_week_operator.py
[2024-01-27T08:42:26.788+0000] {processor.py:830} INFO - Processing file /home/airflow/.local/lib/python3.8/site-packages/airflow/example_dags/example_branch_day_of_week_operator.py for tasks to queue
[2024-01-27T08:42:26.789+0000] {logging_mixin.py:188} INFO - [2024-01-27T08:42:26.789+0000] {dagbag.py:538} INFO - Filling up the DagBag from /home/airflow/.local/lib/python3.8/site-packages/airflow/example_dags/example_branch_day_of_week_operator.py
[2024-01-27T08:42:26.795+0000] {processor.py:840} INFO - DAG(s) 'example_weekday_branch_operator' retrieved from /home/airflow/.local/lib/python3.8/site-packages/airflow/example_dags/example_branch_day_of_week_operator.py
[2024-01-27T08:42:26.811+0000] {logging_mixin.py:188} INFO - [2024-01-27T08:42:26.811+0000] {dag.py:3036} INFO - Sync 1 DAGs
[2024-01-27T08:42:26.828+0000] {logging_mixin.py:188} INFO - [2024-01-27T08:42:26.828+0000] {dag.py:3823} INFO - Setting next_dagrun for example_weekday_branch_operator to 2024-01-26 00:00:00+00:00, run_after=2024-01-27 00:00:00+00:00
[2024-01-27T08:42:26.840+0000] {processor.py:183} INFO - Processing /home/airflow/.local/lib/python3.8/site-packages/airflow/example_dags/example_branch_day_of_week_operator.py took 0.055 seconds
[2024-01-27T08:42:56.926+0000] {processor.py:161} INFO - Started process (PID=236) to work on /home/airflow/.local/lib/python3.8/site-packages/airflow/example_dags/example_branch_day_of_week_operator.py
[2024-01-27T08:42:56.927+0000] {processor.py:830} INFO - Processing file /home/airflow/.local/lib/python3.8/site-packages/airflow/example_dags/example_branch_day_of_week_operator.py for tasks to queue
[2024-01-27T08:42:56.928+0000] {logging_mixin.py:188} INFO - [2024-01-27T08:42:56.928+0000] {dagbag.py:538} INFO - Filling up the DagBag from /home/airflow/.local/lib/python3.8/site-packages/airflow/example_dags/example_branch_day_of_week_operator.py
[2024-01-27T08:42:56.934+0000] {processor.py:840} INFO - DAG(s) 'example_weekday_branch_operator' retrieved from /home/airflow/.local/lib/python3.8/site-packages/airflow/example_dags/example_branch_day_of_week_operator.py
[2024-01-27T08:42:56.948+0000] {logging_mixin.py:188} INFO - [2024-01-27T08:42:56.948+0000] {dag.py:3036} INFO - Sync 1 DAGs
[2024-01-27T08:42:56.965+0000] {logging_mixin.py:188} INFO - [2024-01-27T08:42:56.965+0000] {dag.py:3823} INFO - Setting next_dagrun for example_weekday_branch_operator to 2024-01-26 00:00:00+00:00, run_after=2024-01-27 00:00:00+00:00
[2024-01-27T08:42:56.977+0000] {processor.py:183} INFO - Processing /home/airflow/.local/lib/python3.8/site-packages/airflow/example_dags/example_branch_day_of_week_operator.py took 0.052 seconds
[2024-01-27T08:43:27.083+0000] {processor.py:161} INFO - Started process (PID=292) to work on /home/airflow/.local/lib/python3.8/site-packages/airflow/example_dags/example_branch_day_of_week_operator.py
[2024-01-27T08:43:27.083+0000] {processor.py:830} INFO - Processing file /home/airflow/.local/lib/python3.8/site-packages/airflow/example_dags/example_branch_day_of_week_operator.py for tasks to queue
[2024-01-27T08:43:27.084+0000] {logging_mixin.py:188} INFO - [2024-01-27T08:43:27.084+0000] {dagbag.py:538} INFO - Filling up the DagBag from /home/airflow/.local/lib/python3.8/site-packages/airflow/example_dags/example_branch_day_of_week_operator.py
[2024-01-27T08:43:27.090+0000] {processor.py:840} INFO - DAG(s) 'example_weekday_branch_operator' retrieved from /home/airflow/.local/lib/python3.8/site-packages/airflow/example_dags/example_branch_day_of_week_operator.py
[2024-01-27T08:43:27.104+0000] {logging_mixin.py:188} INFO - [2024-01-27T08:43:27.104+0000] {dag.py:3036} INFO - Sync 1 DAGs
[2024-01-27T08:43:27.121+0000] {logging_mixin.py:188} INFO - [2024-01-27T08:43:27.121+0000] {dag.py:3823} INFO - Setting next_dagrun for example_weekday_branch_operator to 2024-01-26 00:00:00+00:00, run_after=2024-01-27 00:00:00+00:00
[2024-01-27T08:43:27.134+0000] {processor.py:183} INFO - Processing /home/airflow/.local/lib/python3.8/site-packages/airflow/example_dags/example_branch_day_of_week_operator.py took 0.053 seconds
[2024-01-27T08:43:57.325+0000] {processor.py:161} INFO - Started process (PID=347) to work on /home/airflow/.local/lib/python3.8/site-packages/airflow/example_dags/example_branch_day_of_week_operator.py
[2024-01-27T08:43:57.325+0000] {processor.py:830} INFO - Processing file /home/airflow/.local/lib/python3.8/site-packages/airflow/example_dags/example_branch_day_of_week_operator.py for tasks to queue
[2024-01-27T08:43:57.326+0000] {logging_mixin.py:188} INFO - [2024-01-27T08:43:57.326+0000] {dagbag.py:538} INFO - Filling up the DagBag from /home/airflow/.local/lib/python3.8/site-packages/airflow/example_dags/example_branch_day_of_week_operator.py
[2024-01-27T08:43:57.331+0000] {processor.py:840} INFO - DAG(s) 'example_weekday_branch_operator' retrieved from /home/airflow/.local/lib/python3.8/site-packages/airflow/example_dags/example_branch_day_of_week_operator.py
[2024-01-27T08:43:57.346+0000] {logging_mixin.py:188} INFO - [2024-01-27T08:43:57.346+0000] {dag.py:3036} INFO - Sync 1 DAGs
[2024-01-27T08:43:57.363+0000] {logging_mixin.py:188} INFO - [2024-01-27T08:43:57.362+0000] {dag.py:3823} INFO - Setting next_dagrun for example_weekday_branch_operator to 2024-01-26 00:00:00+00:00, run_after=2024-01-27 00:00:00+00:00
[2024-01-27T08:43:57.375+0000] {processor.py:183} INFO - Processing /home/airflow/.local/lib/python3.8/site-packages/airflow/example_dags/example_branch_day_of_week_operator.py took 0.052 seconds
[2024-01-27T08:44:27.740+0000] {processor.py:161} INFO - Started process (PID=402) to work on /home/airflow/.local/lib/python3.8/site-packages/airflow/example_dags/example_branch_day_of_week_operator.py
[2024-01-27T08:44:27.741+0000] {processor.py:830} INFO - Processing file /home/airflow/.local/lib/python3.8/site-packages/airflow/example_dags/example_branch_day_of_week_operator.py for tasks to queue
[2024-01-27T08:44:27.742+0000] {logging_mixin.py:188} INFO - [2024-01-27T08:44:27.742+0000] {dagbag.py:538} INFO - Filling up the DagBag from /home/airflow/.local/lib/python3.8/site-packages/airflow/example_dags/example_branch_day_of_week_operator.py
[2024-01-27T08:44:27.747+0000] {processor.py:840} INFO - DAG(s) 'example_weekday_branch_operator' retrieved from /home/airflow/.local/lib/python3.8/site-packages/airflow/example_dags/example_branch_day_of_week_operator.py
[2024-01-27T08:44:27.762+0000] {logging_mixin.py:188} INFO - [2024-01-27T08:44:27.762+0000] {dag.py:3036} INFO - Sync 1 DAGs
[2024-01-27T08:44:27.778+0000] {logging_mixin.py:188} INFO - [2024-01-27T08:44:27.778+0000] {dag.py:3823} INFO - Setting next_dagrun for example_weekday_branch_operator to 2024-01-26 00:00:00+00:00, run_after=2024-01-27 00:00:00+00:00
[2024-01-27T08:44:27.790+0000] {processor.py:183} INFO - Processing /home/airflow/.local/lib/python3.8/site-packages/airflow/example_dags/example_branch_day_of_week_operator.py took 0.052 seconds
[2024-01-27T08:44:58.769+0000] {processor.py:161} INFO - Started process (PID=457) to work on /home/airflow/.local/lib/python3.8/site-packages/airflow/example_dags/example_branch_day_of_week_operator.py
[2024-01-27T08:44:58.769+0000] {processor.py:830} INFO - Processing file /home/airflow/.local/lib/python3.8/site-packages/airflow/example_dags/example_branch_day_of_week_operator.py for tasks to queue
[2024-01-27T08:44:58.770+0000] {logging_mixin.py:188} INFO - [2024-01-27T08:44:58.770+0000] {dagbag.py:538} INFO - Filling up the DagBag from /home/airflow/.local/lib/python3.8/site-packages/airflow/example_dags/example_branch_day_of_week_operator.py
[2024-01-27T08:44:58.775+0000] {processor.py:840} INFO - DAG(s) 'example_weekday_branch_operator' retrieved from /home/airflow/.local/lib/python3.8/site-packages/airflow/example_dags/example_branch_day_of_week_operator.py
[2024-01-27T08:44:58.789+0000] {logging_mixin.py:188} INFO - [2024-01-27T08:44:58.789+0000] {dag.py:3036} INFO - Sync 1 DAGs
[2024-01-27T08:44:58.805+0000] {logging_mixin.py:188} INFO - [2024-01-27T08:44:58.805+0000] {dag.py:3823} INFO - Setting next_dagrun for example_weekday_branch_operator to 2024-01-26 00:00:00+00:00, run_after=2024-01-27 00:00:00+00:00
[2024-01-27T08:44:58.817+0000] {processor.py:183} INFO - Processing /home/airflow/.local/lib/python3.8/site-packages/airflow/example_dags/example_branch_day_of_week_operator.py took 0.050 seconds
