[2024-01-27T08:41:26.044+0000] {processor.py:161} INFO - Started process (PID=76) to work on /home/airflow/.local/lib/python3.8/site-packages/airflow/example_dags/example_local_kubernetes_executor.py
[2024-01-27T08:41:26.045+0000] {processor.py:830} INFO - Processing file /home/airflow/.local/lib/python3.8/site-packages/airflow/example_dags/example_local_kubernetes_executor.py for tasks to queue
[2024-01-27T08:41:26.046+0000] {logging_mixin.py:188} INFO - [2024-01-27T08:41:26.046+0000] {dagbag.py:538} INFO - Filling up the DagBag from /home/airflow/.local/lib/python3.8/site-packages/airflow/example_dags/example_local_kubernetes_executor.py
[2024-01-27T08:41:26.054+0000] {processor.py:840} INFO - DAG(s) 'example_local_kubernetes_executor' retrieved from /home/airflow/.local/lib/python3.8/site-packages/airflow/example_dags/example_local_kubernetes_executor.py
[2024-01-27T08:41:26.064+0000] {logging_mixin.py:188} INFO - [2024-01-27T08:41:26.064+0000] {dag.py:3036} INFO - Sync 1 DAGs
[2024-01-27T08:41:26.075+0000] {logging_mixin.py:188} INFO - [2024-01-27T08:41:26.075+0000] {dag.py:3823} INFO - Setting next_dagrun for example_local_kubernetes_executor to None, run_after=None
[2024-01-27T08:41:26.089+0000] {processor.py:183} INFO - Processing /home/airflow/.local/lib/python3.8/site-packages/airflow/example_dags/example_local_kubernetes_executor.py took 0.047 seconds
[2024-01-27T08:41:57.003+0000] {processor.py:161} INFO - Started process (PID=132) to work on /home/airflow/.local/lib/python3.8/site-packages/airflow/example_dags/example_local_kubernetes_executor.py
[2024-01-27T08:41:57.004+0000] {processor.py:830} INFO - Processing file /home/airflow/.local/lib/python3.8/site-packages/airflow/example_dags/example_local_kubernetes_executor.py for tasks to queue
[2024-01-27T08:41:57.005+0000] {logging_mixin.py:188} INFO - [2024-01-27T08:41:57.005+0000] {dagbag.py:538} INFO - Filling up the DagBag from /home/airflow/.local/lib/python3.8/site-packages/airflow/example_dags/example_local_kubernetes_executor.py
[2024-01-27T08:41:57.010+0000] {processor.py:840} INFO - DAG(s) 'example_local_kubernetes_executor' retrieved from /home/airflow/.local/lib/python3.8/site-packages/airflow/example_dags/example_local_kubernetes_executor.py
[2024-01-27T08:41:57.088+0000] {logging_mixin.py:188} INFO - [2024-01-27T08:41:57.088+0000] {dag.py:3036} INFO - Sync 1 DAGs
[2024-01-27T08:41:57.095+0000] {logging_mixin.py:188} INFO - [2024-01-27T08:41:57.095+0000] {dag.py:3823} INFO - Setting next_dagrun for example_local_kubernetes_executor to None, run_after=None
[2024-01-27T08:41:57.108+0000] {processor.py:183} INFO - Processing /home/airflow/.local/lib/python3.8/site-packages/airflow/example_dags/example_local_kubernetes_executor.py took 0.107 seconds
[2024-01-27T08:42:28.166+0000] {processor.py:161} INFO - Started process (PID=187) to work on /home/airflow/.local/lib/python3.8/site-packages/airflow/example_dags/example_local_kubernetes_executor.py
[2024-01-27T08:42:28.167+0000] {processor.py:830} INFO - Processing file /home/airflow/.local/lib/python3.8/site-packages/airflow/example_dags/example_local_kubernetes_executor.py for tasks to queue
[2024-01-27T08:42:28.168+0000] {logging_mixin.py:188} INFO - [2024-01-27T08:42:28.168+0000] {dagbag.py:538} INFO - Filling up the DagBag from /home/airflow/.local/lib/python3.8/site-packages/airflow/example_dags/example_local_kubernetes_executor.py
[2024-01-27T08:42:28.176+0000] {processor.py:840} INFO - DAG(s) 'example_local_kubernetes_executor' retrieved from /home/airflow/.local/lib/python3.8/site-packages/airflow/example_dags/example_local_kubernetes_executor.py
[2024-01-27T08:42:28.208+0000] {logging_mixin.py:188} INFO - [2024-01-27T08:42:28.207+0000] {dag.py:3036} INFO - Sync 1 DAGs
[2024-01-27T08:42:28.230+0000] {logging_mixin.py:188} INFO - [2024-01-27T08:42:28.230+0000] {dag.py:3823} INFO - Setting next_dagrun for example_local_kubernetes_executor to None, run_after=None
[2024-01-27T08:42:28.255+0000] {processor.py:183} INFO - Processing /home/airflow/.local/lib/python3.8/site-packages/airflow/example_dags/example_local_kubernetes_executor.py took 0.093 seconds
[2024-01-27T08:42:59.154+0000] {processor.py:161} INFO - Started process (PID=242) to work on /home/airflow/.local/lib/python3.8/site-packages/airflow/example_dags/example_local_kubernetes_executor.py
[2024-01-27T08:42:59.155+0000] {processor.py:830} INFO - Processing file /home/airflow/.local/lib/python3.8/site-packages/airflow/example_dags/example_local_kubernetes_executor.py for tasks to queue
[2024-01-27T08:42:59.156+0000] {logging_mixin.py:188} INFO - [2024-01-27T08:42:59.156+0000] {dagbag.py:538} INFO - Filling up the DagBag from /home/airflow/.local/lib/python3.8/site-packages/airflow/example_dags/example_local_kubernetes_executor.py
[2024-01-27T08:42:59.160+0000] {processor.py:840} INFO - DAG(s) 'example_local_kubernetes_executor' retrieved from /home/airflow/.local/lib/python3.8/site-packages/airflow/example_dags/example_local_kubernetes_executor.py
[2024-01-27T08:42:59.184+0000] {logging_mixin.py:188} INFO - [2024-01-27T08:42:59.183+0000] {dag.py:3036} INFO - Sync 1 DAGs
[2024-01-27T08:42:59.193+0000] {logging_mixin.py:188} INFO - [2024-01-27T08:42:59.192+0000] {dag.py:3823} INFO - Setting next_dagrun for example_local_kubernetes_executor to None, run_after=None
[2024-01-27T08:42:59.204+0000] {processor.py:183} INFO - Processing /home/airflow/.local/lib/python3.8/site-packages/airflow/example_dags/example_local_kubernetes_executor.py took 0.052 seconds
[2024-01-27T08:43:29.329+0000] {processor.py:161} INFO - Started process (PID=298) to work on /home/airflow/.local/lib/python3.8/site-packages/airflow/example_dags/example_local_kubernetes_executor.py
[2024-01-27T08:43:29.329+0000] {processor.py:830} INFO - Processing file /home/airflow/.local/lib/python3.8/site-packages/airflow/example_dags/example_local_kubernetes_executor.py for tasks to queue
[2024-01-27T08:43:29.330+0000] {logging_mixin.py:188} INFO - [2024-01-27T08:43:29.330+0000] {dagbag.py:538} INFO - Filling up the DagBag from /home/airflow/.local/lib/python3.8/site-packages/airflow/example_dags/example_local_kubernetes_executor.py
[2024-01-27T08:43:29.335+0000] {processor.py:840} INFO - DAG(s) 'example_local_kubernetes_executor' retrieved from /home/airflow/.local/lib/python3.8/site-packages/airflow/example_dags/example_local_kubernetes_executor.py
[2024-01-27T08:43:29.358+0000] {logging_mixin.py:188} INFO - [2024-01-27T08:43:29.358+0000] {dag.py:3036} INFO - Sync 1 DAGs
[2024-01-27T08:43:29.367+0000] {logging_mixin.py:188} INFO - [2024-01-27T08:43:29.366+0000] {dag.py:3823} INFO - Setting next_dagrun for example_local_kubernetes_executor to None, run_after=None
[2024-01-27T08:43:29.378+0000] {processor.py:183} INFO - Processing /home/airflow/.local/lib/python3.8/site-packages/airflow/example_dags/example_local_kubernetes_executor.py took 0.052 seconds
[2024-01-27T08:43:59.599+0000] {processor.py:161} INFO - Started process (PID=353) to work on /home/airflow/.local/lib/python3.8/site-packages/airflow/example_dags/example_local_kubernetes_executor.py
[2024-01-27T08:43:59.600+0000] {processor.py:830} INFO - Processing file /home/airflow/.local/lib/python3.8/site-packages/airflow/example_dags/example_local_kubernetes_executor.py for tasks to queue
[2024-01-27T08:43:59.601+0000] {logging_mixin.py:188} INFO - [2024-01-27T08:43:59.601+0000] {dagbag.py:538} INFO - Filling up the DagBag from /home/airflow/.local/lib/python3.8/site-packages/airflow/example_dags/example_local_kubernetes_executor.py
[2024-01-27T08:43:59.606+0000] {processor.py:840} INFO - DAG(s) 'example_local_kubernetes_executor' retrieved from /home/airflow/.local/lib/python3.8/site-packages/airflow/example_dags/example_local_kubernetes_executor.py
[2024-01-27T08:43:59.632+0000] {logging_mixin.py:188} INFO - [2024-01-27T08:43:59.631+0000] {dag.py:3036} INFO - Sync 1 DAGs
[2024-01-27T08:43:59.644+0000] {logging_mixin.py:188} INFO - [2024-01-27T08:43:59.644+0000] {dag.py:3823} INFO - Setting next_dagrun for example_local_kubernetes_executor to None, run_after=None
[2024-01-27T08:43:59.662+0000] {processor.py:183} INFO - Processing /home/airflow/.local/lib/python3.8/site-packages/airflow/example_dags/example_local_kubernetes_executor.py took 0.065 seconds
[2024-01-27T08:44:29.960+0000] {processor.py:161} INFO - Started process (PID=408) to work on /home/airflow/.local/lib/python3.8/site-packages/airflow/example_dags/example_local_kubernetes_executor.py
[2024-01-27T08:44:29.961+0000] {processor.py:830} INFO - Processing file /home/airflow/.local/lib/python3.8/site-packages/airflow/example_dags/example_local_kubernetes_executor.py for tasks to queue
[2024-01-27T08:44:29.962+0000] {logging_mixin.py:188} INFO - [2024-01-27T08:44:29.962+0000] {dagbag.py:538} INFO - Filling up the DagBag from /home/airflow/.local/lib/python3.8/site-packages/airflow/example_dags/example_local_kubernetes_executor.py
[2024-01-27T08:44:29.967+0000] {processor.py:840} INFO - DAG(s) 'example_local_kubernetes_executor' retrieved from /home/airflow/.local/lib/python3.8/site-packages/airflow/example_dags/example_local_kubernetes_executor.py
[2024-01-27T08:44:29.989+0000] {logging_mixin.py:188} INFO - [2024-01-27T08:44:29.989+0000] {dag.py:3036} INFO - Sync 1 DAGs
[2024-01-27T08:44:29.999+0000] {logging_mixin.py:188} INFO - [2024-01-27T08:44:29.998+0000] {dag.py:3823} INFO - Setting next_dagrun for example_local_kubernetes_executor to None, run_after=None
[2024-01-27T08:44:30.011+0000] {processor.py:183} INFO - Processing /home/airflow/.local/lib/python3.8/site-packages/airflow/example_dags/example_local_kubernetes_executor.py took 0.053 seconds
[2024-01-27T08:45:01.023+0000] {processor.py:161} INFO - Started process (PID=463) to work on /home/airflow/.local/lib/python3.8/site-packages/airflow/example_dags/example_local_kubernetes_executor.py
[2024-01-27T08:45:01.024+0000] {processor.py:830} INFO - Processing file /home/airflow/.local/lib/python3.8/site-packages/airflow/example_dags/example_local_kubernetes_executor.py for tasks to queue
[2024-01-27T08:45:01.026+0000] {logging_mixin.py:188} INFO - [2024-01-27T08:45:01.025+0000] {dagbag.py:538} INFO - Filling up the DagBag from /home/airflow/.local/lib/python3.8/site-packages/airflow/example_dags/example_local_kubernetes_executor.py
[2024-01-27T08:45:01.032+0000] {processor.py:840} INFO - DAG(s) 'example_local_kubernetes_executor' retrieved from /home/airflow/.local/lib/python3.8/site-packages/airflow/example_dags/example_local_kubernetes_executor.py
[2024-01-27T08:45:01.055+0000] {logging_mixin.py:188} INFO - [2024-01-27T08:45:01.055+0000] {dag.py:3036} INFO - Sync 1 DAGs
[2024-01-27T08:45:01.064+0000] {logging_mixin.py:188} INFO - [2024-01-27T08:45:01.064+0000] {dag.py:3823} INFO - Setting next_dagrun for example_local_kubernetes_executor to None, run_after=None
[2024-01-27T08:45:01.076+0000] {processor.py:183} INFO - Processing /home/airflow/.local/lib/python3.8/site-packages/airflow/example_dags/example_local_kubernetes_executor.py took 0.055 seconds
