[2024-01-27T08:41:25.979+0000] {processor.py:161} INFO - Started process (PID=74) to work on /home/airflow/.local/lib/python3.8/site-packages/airflow/example_dags/example_external_task_marker_dag.py
[2024-01-27T08:41:25.980+0000] {processor.py:830} INFO - Processing file /home/airflow/.local/lib/python3.8/site-packages/airflow/example_dags/example_external_task_marker_dag.py for tasks to queue
[2024-01-27T08:41:25.981+0000] {logging_mixin.py:188} INFO - [2024-01-27T08:41:25.981+0000] {dagbag.py:538} INFO - Filling up the DagBag from /home/airflow/.local/lib/python3.8/site-packages/airflow/example_dags/example_external_task_marker_dag.py
[2024-01-27T08:41:25.987+0000] {processor.py:840} INFO - DAG(s) 'example_external_task_marker_parent', 'example_external_task_marker_child' retrieved from /home/airflow/.local/lib/python3.8/site-packages/airflow/example_dags/example_external_task_marker_dag.py
[2024-01-27T08:41:26.001+0000] {logging_mixin.py:188} INFO - [2024-01-27T08:41:26.001+0000] {dag.py:3036} INFO - Sync 2 DAGs
[2024-01-27T08:41:26.013+0000] {logging_mixin.py:188} INFO - [2024-01-27T08:41:26.013+0000] {dag.py:3823} INFO - Setting next_dagrun for example_external_task_marker_child to None, run_after=None
[2024-01-27T08:41:26.016+0000] {logging_mixin.py:188} INFO - [2024-01-27T08:41:26.016+0000] {dag.py:3823} INFO - Setting next_dagrun for example_external_task_marker_parent to None, run_after=None
[2024-01-27T08:41:26.028+0000] {processor.py:183} INFO - Processing /home/airflow/.local/lib/python3.8/site-packages/airflow/example_dags/example_external_task_marker_dag.py took 0.052 seconds
[2024-01-27T08:41:56.883+0000] {processor.py:161} INFO - Started process (PID=130) to work on /home/airflow/.local/lib/python3.8/site-packages/airflow/example_dags/example_external_task_marker_dag.py
[2024-01-27T08:41:56.884+0000] {processor.py:830} INFO - Processing file /home/airflow/.local/lib/python3.8/site-packages/airflow/example_dags/example_external_task_marker_dag.py for tasks to queue
[2024-01-27T08:41:56.885+0000] {logging_mixin.py:188} INFO - [2024-01-27T08:41:56.884+0000] {dagbag.py:538} INFO - Filling up the DagBag from /home/airflow/.local/lib/python3.8/site-packages/airflow/example_dags/example_external_task_marker_dag.py
[2024-01-27T08:41:56.888+0000] {processor.py:840} INFO - DAG(s) 'example_external_task_marker_parent', 'example_external_task_marker_child' retrieved from /home/airflow/.local/lib/python3.8/site-packages/airflow/example_dags/example_external_task_marker_dag.py
[2024-01-27T08:41:56.966+0000] {logging_mixin.py:188} INFO - [2024-01-27T08:41:56.966+0000] {dag.py:3036} INFO - Sync 2 DAGs
[2024-01-27T08:41:56.974+0000] {logging_mixin.py:188} INFO - [2024-01-27T08:41:56.973+0000] {dag.py:3823} INFO - Setting next_dagrun for example_external_task_marker_child to None, run_after=None
[2024-01-27T08:41:56.976+0000] {logging_mixin.py:188} INFO - [2024-01-27T08:41:56.976+0000] {dag.py:3823} INFO - Setting next_dagrun for example_external_task_marker_parent to None, run_after=None
[2024-01-27T08:41:56.987+0000] {processor.py:183} INFO - Processing /home/airflow/.local/lib/python3.8/site-packages/airflow/example_dags/example_external_task_marker_dag.py took 0.106 seconds
[2024-01-27T08:42:27.951+0000] {processor.py:161} INFO - Started process (PID=185) to work on /home/airflow/.local/lib/python3.8/site-packages/airflow/example_dags/example_external_task_marker_dag.py
[2024-01-27T08:42:27.963+0000] {processor.py:830} INFO - Processing file /home/airflow/.local/lib/python3.8/site-packages/airflow/example_dags/example_external_task_marker_dag.py for tasks to queue
[2024-01-27T08:42:27.967+0000] {logging_mixin.py:188} INFO - [2024-01-27T08:42:27.966+0000] {dagbag.py:538} INFO - Filling up the DagBag from /home/airflow/.local/lib/python3.8/site-packages/airflow/example_dags/example_external_task_marker_dag.py
[2024-01-27T08:42:27.983+0000] {processor.py:840} INFO - DAG(s) 'example_external_task_marker_parent', 'example_external_task_marker_child' retrieved from /home/airflow/.local/lib/python3.8/site-packages/airflow/example_dags/example_external_task_marker_dag.py
[2024-01-27T08:42:28.050+0000] {logging_mixin.py:188} INFO - [2024-01-27T08:42:28.049+0000] {dag.py:3036} INFO - Sync 2 DAGs
[2024-01-27T08:42:28.097+0000] {logging_mixin.py:188} INFO - [2024-01-27T08:42:28.096+0000] {dag.py:3823} INFO - Setting next_dagrun for example_external_task_marker_child to None, run_after=None
[2024-01-27T08:42:28.108+0000] {logging_mixin.py:188} INFO - [2024-01-27T08:42:28.108+0000] {dag.py:3823} INFO - Setting next_dagrun for example_external_task_marker_parent to None, run_after=None
[2024-01-27T08:42:28.143+0000] {processor.py:183} INFO - Processing /home/airflow/.local/lib/python3.8/site-packages/airflow/example_dags/example_external_task_marker_dag.py took 0.200 seconds
[2024-01-27T08:42:59.081+0000] {processor.py:161} INFO - Started process (PID=240) to work on /home/airflow/.local/lib/python3.8/site-packages/airflow/example_dags/example_external_task_marker_dag.py
[2024-01-27T08:42:59.092+0000] {processor.py:830} INFO - Processing file /home/airflow/.local/lib/python3.8/site-packages/airflow/example_dags/example_external_task_marker_dag.py for tasks to queue
[2024-01-27T08:42:59.096+0000] {logging_mixin.py:188} INFO - [2024-01-27T08:42:59.095+0000] {dagbag.py:538} INFO - Filling up the DagBag from /home/airflow/.local/lib/python3.8/site-packages/airflow/example_dags/example_external_task_marker_dag.py
[2024-01-27T08:42:59.100+0000] {processor.py:840} INFO - DAG(s) 'example_external_task_marker_parent', 'example_external_task_marker_child' retrieved from /home/airflow/.local/lib/python3.8/site-packages/airflow/example_dags/example_external_task_marker_dag.py
[2024-01-27T08:42:59.117+0000] {logging_mixin.py:188} INFO - [2024-01-27T08:42:59.117+0000] {dag.py:3036} INFO - Sync 2 DAGs
[2024-01-27T08:42:59.126+0000] {logging_mixin.py:188} INFO - [2024-01-27T08:42:59.125+0000] {dag.py:3823} INFO - Setting next_dagrun for example_external_task_marker_child to None, run_after=None
[2024-01-27T08:42:59.128+0000] {logging_mixin.py:188} INFO - [2024-01-27T08:42:59.128+0000] {dag.py:3823} INFO - Setting next_dagrun for example_external_task_marker_parent to None, run_after=None
[2024-01-27T08:42:59.140+0000] {processor.py:183} INFO - Processing /home/airflow/.local/lib/python3.8/site-packages/airflow/example_dags/example_external_task_marker_dag.py took 0.061 seconds
[2024-01-27T08:43:29.255+0000] {processor.py:161} INFO - Started process (PID=296) to work on /home/airflow/.local/lib/python3.8/site-packages/airflow/example_dags/example_external_task_marker_dag.py
[2024-01-27T08:43:29.265+0000] {processor.py:830} INFO - Processing file /home/airflow/.local/lib/python3.8/site-packages/airflow/example_dags/example_external_task_marker_dag.py for tasks to queue
[2024-01-27T08:43:29.269+0000] {logging_mixin.py:188} INFO - [2024-01-27T08:43:29.269+0000] {dagbag.py:538} INFO - Filling up the DagBag from /home/airflow/.local/lib/python3.8/site-packages/airflow/example_dags/example_external_task_marker_dag.py
[2024-01-27T08:43:29.274+0000] {processor.py:840} INFO - DAG(s) 'example_external_task_marker_parent', 'example_external_task_marker_child' retrieved from /home/airflow/.local/lib/python3.8/site-packages/airflow/example_dags/example_external_task_marker_dag.py
[2024-01-27T08:43:29.289+0000] {logging_mixin.py:188} INFO - [2024-01-27T08:43:29.289+0000] {dag.py:3036} INFO - Sync 2 DAGs
[2024-01-27T08:43:29.297+0000] {logging_mixin.py:188} INFO - [2024-01-27T08:43:29.297+0000] {dag.py:3823} INFO - Setting next_dagrun for example_external_task_marker_child to None, run_after=None
[2024-01-27T08:43:29.300+0000] {logging_mixin.py:188} INFO - [2024-01-27T08:43:29.300+0000] {dag.py:3823} INFO - Setting next_dagrun for example_external_task_marker_parent to None, run_after=None
[2024-01-27T08:43:29.310+0000] {processor.py:183} INFO - Processing /home/airflow/.local/lib/python3.8/site-packages/airflow/example_dags/example_external_task_marker_dag.py took 0.057 seconds
[2024-01-27T08:43:59.512+0000] {processor.py:161} INFO - Started process (PID=351) to work on /home/airflow/.local/lib/python3.8/site-packages/airflow/example_dags/example_external_task_marker_dag.py
[2024-01-27T08:43:59.524+0000] {processor.py:830} INFO - Processing file /home/airflow/.local/lib/python3.8/site-packages/airflow/example_dags/example_external_task_marker_dag.py for tasks to queue
[2024-01-27T08:43:59.526+0000] {logging_mixin.py:188} INFO - [2024-01-27T08:43:59.525+0000] {dagbag.py:538} INFO - Filling up the DagBag from /home/airflow/.local/lib/python3.8/site-packages/airflow/example_dags/example_external_task_marker_dag.py
[2024-01-27T08:43:59.532+0000] {processor.py:840} INFO - DAG(s) 'example_external_task_marker_parent', 'example_external_task_marker_child' retrieved from /home/airflow/.local/lib/python3.8/site-packages/airflow/example_dags/example_external_task_marker_dag.py
[2024-01-27T08:43:59.559+0000] {logging_mixin.py:188} INFO - [2024-01-27T08:43:59.559+0000] {dag.py:3036} INFO - Sync 2 DAGs
[2024-01-27T08:43:59.570+0000] {logging_mixin.py:188} INFO - [2024-01-27T08:43:59.570+0000] {dag.py:3823} INFO - Setting next_dagrun for example_external_task_marker_child to None, run_after=None
[2024-01-27T08:43:59.573+0000] {logging_mixin.py:188} INFO - [2024-01-27T08:43:59.573+0000] {dag.py:3823} INFO - Setting next_dagrun for example_external_task_marker_parent to None, run_after=None
[2024-01-27T08:43:59.584+0000] {processor.py:183} INFO - Processing /home/airflow/.local/lib/python3.8/site-packages/airflow/example_dags/example_external_task_marker_dag.py took 0.080 seconds
[2024-01-27T08:44:29.901+0000] {processor.py:161} INFO - Started process (PID=406) to work on /home/airflow/.local/lib/python3.8/site-packages/airflow/example_dags/example_external_task_marker_dag.py
[2024-01-27T08:44:29.902+0000] {processor.py:830} INFO - Processing file /home/airflow/.local/lib/python3.8/site-packages/airflow/example_dags/example_external_task_marker_dag.py for tasks to queue
[2024-01-27T08:44:29.903+0000] {logging_mixin.py:188} INFO - [2024-01-27T08:44:29.903+0000] {dagbag.py:538} INFO - Filling up the DagBag from /home/airflow/.local/lib/python3.8/site-packages/airflow/example_dags/example_external_task_marker_dag.py
[2024-01-27T08:44:29.907+0000] {processor.py:840} INFO - DAG(s) 'example_external_task_marker_parent', 'example_external_task_marker_child' retrieved from /home/airflow/.local/lib/python3.8/site-packages/airflow/example_dags/example_external_task_marker_dag.py
[2024-01-27T08:44:29.923+0000] {logging_mixin.py:188} INFO - [2024-01-27T08:44:29.923+0000] {dag.py:3036} INFO - Sync 2 DAGs
[2024-01-27T08:44:29.932+0000] {logging_mixin.py:188} INFO - [2024-01-27T08:44:29.932+0000] {dag.py:3823} INFO - Setting next_dagrun for example_external_task_marker_child to None, run_after=None
[2024-01-27T08:44:29.935+0000] {logging_mixin.py:188} INFO - [2024-01-27T08:44:29.935+0000] {dag.py:3823} INFO - Setting next_dagrun for example_external_task_marker_parent to None, run_after=None
[2024-01-27T08:44:29.945+0000] {processor.py:183} INFO - Processing /home/airflow/.local/lib/python3.8/site-packages/airflow/example_dags/example_external_task_marker_dag.py took 0.046 seconds
[2024-01-27T08:45:00.938+0000] {processor.py:161} INFO - Started process (PID=461) to work on /home/airflow/.local/lib/python3.8/site-packages/airflow/example_dags/example_external_task_marker_dag.py
[2024-01-27T08:45:00.949+0000] {processor.py:830} INFO - Processing file /home/airflow/.local/lib/python3.8/site-packages/airflow/example_dags/example_external_task_marker_dag.py for tasks to queue
[2024-01-27T08:45:00.951+0000] {logging_mixin.py:188} INFO - [2024-01-27T08:45:00.950+0000] {dagbag.py:538} INFO - Filling up the DagBag from /home/airflow/.local/lib/python3.8/site-packages/airflow/example_dags/example_external_task_marker_dag.py
[2024-01-27T08:45:00.956+0000] {processor.py:840} INFO - DAG(s) 'example_external_task_marker_child', 'example_external_task_marker_parent' retrieved from /home/airflow/.local/lib/python3.8/site-packages/airflow/example_dags/example_external_task_marker_dag.py
[2024-01-27T08:45:00.979+0000] {logging_mixin.py:188} INFO - [2024-01-27T08:45:00.979+0000] {dag.py:3036} INFO - Sync 2 DAGs
[2024-01-27T08:45:00.994+0000] {logging_mixin.py:188} INFO - [2024-01-27T08:45:00.993+0000] {dag.py:3823} INFO - Setting next_dagrun for example_external_task_marker_child to None, run_after=None
[2024-01-27T08:45:00.997+0000] {logging_mixin.py:188} INFO - [2024-01-27T08:45:00.997+0000] {dag.py:3823} INFO - Setting next_dagrun for example_external_task_marker_parent to None, run_after=None
[2024-01-27T08:45:01.015+0000] {processor.py:183} INFO - Processing /home/airflow/.local/lib/python3.8/site-packages/airflow/example_dags/example_external_task_marker_dag.py took 0.079 seconds
