[2024-01-27T08:41:24.864+0000] {processor.py:161} INFO - Started process (PID=52) to work on /home/airflow/.local/lib/python3.8/site-packages/airflow/example_dags/example_python_decorator.py
[2024-01-27T08:41:24.864+0000] {processor.py:830} INFO - Processing file /home/airflow/.local/lib/python3.8/site-packages/airflow/example_dags/example_python_decorator.py for tasks to queue
[2024-01-27T08:41:24.866+0000] {logging_mixin.py:188} INFO - [2024-01-27T08:41:24.866+0000] {dagbag.py:538} INFO - Filling up the DagBag from /home/airflow/.local/lib/python3.8/site-packages/airflow/example_dags/example_python_decorator.py
[2024-01-27T08:41:24.880+0000] {processor.py:840} INFO - DAG(s) 'example_python_decorator' retrieved from /home/airflow/.local/lib/python3.8/site-packages/airflow/example_dags/example_python_decorator.py
[2024-01-27T08:41:24.890+0000] {logging_mixin.py:188} INFO - [2024-01-27T08:41:24.890+0000] {dag.py:3036} INFO - Sync 1 DAGs
[2024-01-27T08:41:24.901+0000] {logging_mixin.py:188} INFO - [2024-01-27T08:41:24.901+0000] {dag.py:3823} INFO - Setting next_dagrun for example_python_decorator to None, run_after=None
[2024-01-27T08:41:24.918+0000] {processor.py:183} INFO - Processing /home/airflow/.local/lib/python3.8/site-packages/airflow/example_dags/example_python_decorator.py took 0.058 seconds
[2024-01-27T08:41:55.354+0000] {processor.py:161} INFO - Started process (PID=108) to work on /home/airflow/.local/lib/python3.8/site-packages/airflow/example_dags/example_python_decorator.py
[2024-01-27T08:41:55.355+0000] {processor.py:830} INFO - Processing file /home/airflow/.local/lib/python3.8/site-packages/airflow/example_dags/example_python_decorator.py for tasks to queue
[2024-01-27T08:41:55.356+0000] {logging_mixin.py:188} INFO - [2024-01-27T08:41:55.355+0000] {dagbag.py:538} INFO - Filling up the DagBag from /home/airflow/.local/lib/python3.8/site-packages/airflow/example_dags/example_python_decorator.py
[2024-01-27T08:41:55.365+0000] {processor.py:840} INFO - DAG(s) 'example_python_decorator' retrieved from /home/airflow/.local/lib/python3.8/site-packages/airflow/example_dags/example_python_decorator.py
[2024-01-27T08:41:55.445+0000] {logging_mixin.py:188} INFO - [2024-01-27T08:41:55.445+0000] {dag.py:3036} INFO - Sync 1 DAGs
[2024-01-27T08:41:55.453+0000] {logging_mixin.py:188} INFO - [2024-01-27T08:41:55.453+0000] {dag.py:3823} INFO - Setting next_dagrun for example_python_decorator to None, run_after=None
[2024-01-27T08:41:55.467+0000] {processor.py:183} INFO - Processing /home/airflow/.local/lib/python3.8/site-packages/airflow/example_dags/example_python_decorator.py took 0.115 seconds
[2024-01-27T08:42:26.077+0000] {processor.py:161} INFO - Started process (PID=163) to work on /home/airflow/.local/lib/python3.8/site-packages/airflow/example_dags/example_python_decorator.py
[2024-01-27T08:42:26.078+0000] {processor.py:830} INFO - Processing file /home/airflow/.local/lib/python3.8/site-packages/airflow/example_dags/example_python_decorator.py for tasks to queue
[2024-01-27T08:42:26.079+0000] {logging_mixin.py:188} INFO - [2024-01-27T08:42:26.079+0000] {dagbag.py:538} INFO - Filling up the DagBag from /home/airflow/.local/lib/python3.8/site-packages/airflow/example_dags/example_python_decorator.py
[2024-01-27T08:42:26.088+0000] {processor.py:840} INFO - DAG(s) 'example_python_decorator' retrieved from /home/airflow/.local/lib/python3.8/site-packages/airflow/example_dags/example_python_decorator.py
[2024-01-27T08:42:26.107+0000] {logging_mixin.py:188} INFO - [2024-01-27T08:42:26.106+0000] {dag.py:3036} INFO - Sync 1 DAGs
[2024-01-27T08:42:26.118+0000] {logging_mixin.py:188} INFO - [2024-01-27T08:42:26.118+0000] {dag.py:3823} INFO - Setting next_dagrun for example_python_decorator to None, run_after=None
[2024-01-27T08:42:26.131+0000] {processor.py:183} INFO - Processing /home/airflow/.local/lib/python3.8/site-packages/airflow/example_dags/example_python_decorator.py took 0.056 seconds
[2024-01-27T08:42:56.187+0000] {processor.py:161} INFO - Started process (PID=218) to work on /home/airflow/.local/lib/python3.8/site-packages/airflow/example_dags/example_python_decorator.py
[2024-01-27T08:42:56.187+0000] {processor.py:830} INFO - Processing file /home/airflow/.local/lib/python3.8/site-packages/airflow/example_dags/example_python_decorator.py for tasks to queue
[2024-01-27T08:42:56.188+0000] {logging_mixin.py:188} INFO - [2024-01-27T08:42:56.188+0000] {dagbag.py:538} INFO - Filling up the DagBag from /home/airflow/.local/lib/python3.8/site-packages/airflow/example_dags/example_python_decorator.py
[2024-01-27T08:42:56.196+0000] {processor.py:840} INFO - DAG(s) 'example_python_decorator' retrieved from /home/airflow/.local/lib/python3.8/site-packages/airflow/example_dags/example_python_decorator.py
[2024-01-27T08:42:56.211+0000] {logging_mixin.py:188} INFO - [2024-01-27T08:42:56.211+0000] {dag.py:3036} INFO - Sync 1 DAGs
[2024-01-27T08:42:56.219+0000] {logging_mixin.py:188} INFO - [2024-01-27T08:42:56.219+0000] {dag.py:3823} INFO - Setting next_dagrun for example_python_decorator to None, run_after=None
[2024-01-27T08:42:56.230+0000] {processor.py:183} INFO - Processing /home/airflow/.local/lib/python3.8/site-packages/airflow/example_dags/example_python_decorator.py took 0.045 seconds
[2024-01-27T08:43:26.319+0000] {processor.py:161} INFO - Started process (PID=274) to work on /home/airflow/.local/lib/python3.8/site-packages/airflow/example_dags/example_python_decorator.py
[2024-01-27T08:43:26.319+0000] {processor.py:830} INFO - Processing file /home/airflow/.local/lib/python3.8/site-packages/airflow/example_dags/example_python_decorator.py for tasks to queue
[2024-01-27T08:43:26.321+0000] {logging_mixin.py:188} INFO - [2024-01-27T08:43:26.321+0000] {dagbag.py:538} INFO - Filling up the DagBag from /home/airflow/.local/lib/python3.8/site-packages/airflow/example_dags/example_python_decorator.py
[2024-01-27T08:43:26.333+0000] {processor.py:840} INFO - DAG(s) 'example_python_decorator' retrieved from /home/airflow/.local/lib/python3.8/site-packages/airflow/example_dags/example_python_decorator.py
[2024-01-27T08:43:26.351+0000] {logging_mixin.py:188} INFO - [2024-01-27T08:43:26.351+0000] {dag.py:3036} INFO - Sync 1 DAGs
[2024-01-27T08:43:26.360+0000] {logging_mixin.py:188} INFO - [2024-01-27T08:43:26.360+0000] {dag.py:3823} INFO - Setting next_dagrun for example_python_decorator to None, run_after=None
[2024-01-27T08:43:26.373+0000] {processor.py:183} INFO - Processing /home/airflow/.local/lib/python3.8/site-packages/airflow/example_dags/example_python_decorator.py took 0.057 seconds
[2024-01-27T08:43:56.573+0000] {processor.py:161} INFO - Started process (PID=329) to work on /home/airflow/.local/lib/python3.8/site-packages/airflow/example_dags/example_python_decorator.py
[2024-01-27T08:43:56.573+0000] {processor.py:830} INFO - Processing file /home/airflow/.local/lib/python3.8/site-packages/airflow/example_dags/example_python_decorator.py for tasks to queue
[2024-01-27T08:43:56.574+0000] {logging_mixin.py:188} INFO - [2024-01-27T08:43:56.574+0000] {dagbag.py:538} INFO - Filling up the DagBag from /home/airflow/.local/lib/python3.8/site-packages/airflow/example_dags/example_python_decorator.py
[2024-01-27T08:43:56.583+0000] {processor.py:840} INFO - DAG(s) 'example_python_decorator' retrieved from /home/airflow/.local/lib/python3.8/site-packages/airflow/example_dags/example_python_decorator.py
[2024-01-27T08:43:56.598+0000] {logging_mixin.py:188} INFO - [2024-01-27T08:43:56.598+0000] {dag.py:3036} INFO - Sync 1 DAGs
[2024-01-27T08:43:56.607+0000] {logging_mixin.py:188} INFO - [2024-01-27T08:43:56.607+0000] {dag.py:3823} INFO - Setting next_dagrun for example_python_decorator to None, run_after=None
[2024-01-27T08:43:56.628+0000] {processor.py:183} INFO - Processing /home/airflow/.local/lib/python3.8/site-packages/airflow/example_dags/example_python_decorator.py took 0.057 seconds
[2024-01-27T08:44:26.949+0000] {processor.py:161} INFO - Started process (PID=384) to work on /home/airflow/.local/lib/python3.8/site-packages/airflow/example_dags/example_python_decorator.py
[2024-01-27T08:44:26.950+0000] {processor.py:830} INFO - Processing file /home/airflow/.local/lib/python3.8/site-packages/airflow/example_dags/example_python_decorator.py for tasks to queue
[2024-01-27T08:44:26.951+0000] {logging_mixin.py:188} INFO - [2024-01-27T08:44:26.951+0000] {dagbag.py:538} INFO - Filling up the DagBag from /home/airflow/.local/lib/python3.8/site-packages/airflow/example_dags/example_python_decorator.py
[2024-01-27T08:44:26.960+0000] {processor.py:840} INFO - DAG(s) 'example_python_decorator' retrieved from /home/airflow/.local/lib/python3.8/site-packages/airflow/example_dags/example_python_decorator.py
[2024-01-27T08:44:26.974+0000] {logging_mixin.py:188} INFO - [2024-01-27T08:44:26.974+0000] {dag.py:3036} INFO - Sync 1 DAGs
[2024-01-27T08:44:26.982+0000] {logging_mixin.py:188} INFO - [2024-01-27T08:44:26.982+0000] {dag.py:3823} INFO - Setting next_dagrun for example_python_decorator to None, run_after=None
[2024-01-27T08:44:26.994+0000] {processor.py:183} INFO - Processing /home/airflow/.local/lib/python3.8/site-packages/airflow/example_dags/example_python_decorator.py took 0.046 seconds
[2024-01-27T08:44:57.054+0000] {processor.py:161} INFO - Started process (PID=439) to work on /home/airflow/.local/lib/python3.8/site-packages/airflow/example_dags/example_python_decorator.py
[2024-01-27T08:44:57.055+0000] {processor.py:830} INFO - Processing file /home/airflow/.local/lib/python3.8/site-packages/airflow/example_dags/example_python_decorator.py for tasks to queue
[2024-01-27T08:44:57.056+0000] {logging_mixin.py:188} INFO - [2024-01-27T08:44:57.056+0000] {dagbag.py:538} INFO - Filling up the DagBag from /home/airflow/.local/lib/python3.8/site-packages/airflow/example_dags/example_python_decorator.py
[2024-01-27T08:44:57.064+0000] {processor.py:840} INFO - DAG(s) 'example_python_decorator' retrieved from /home/airflow/.local/lib/python3.8/site-packages/airflow/example_dags/example_python_decorator.py
[2024-01-27T08:44:57.082+0000] {logging_mixin.py:188} INFO - [2024-01-27T08:44:57.082+0000] {dag.py:3036} INFO - Sync 1 DAGs
[2024-01-27T08:44:57.092+0000] {logging_mixin.py:188} INFO - [2024-01-27T08:44:57.091+0000] {dag.py:3823} INFO - Setting next_dagrun for example_python_decorator to None, run_after=None
[2024-01-27T08:44:57.104+0000] {processor.py:183} INFO - Processing /home/airflow/.local/lib/python3.8/site-packages/airflow/example_dags/example_python_decorator.py took 0.052 seconds
