[2024-01-27T08:41:26.067+0000] {processor.py:161} INFO - Started process (PID=77) to work on /home/airflow/.local/lib/python3.8/site-packages/airflow/example_dags/example_branch_labels.py
[2024-01-27T08:41:26.068+0000] {processor.py:830} INFO - Processing file /home/airflow/.local/lib/python3.8/site-packages/airflow/example_dags/example_branch_labels.py for tasks to queue
[2024-01-27T08:41:26.069+0000] {logging_mixin.py:188} INFO - [2024-01-27T08:41:26.069+0000] {dagbag.py:538} INFO - Filling up the DagBag from /home/airflow/.local/lib/python3.8/site-packages/airflow/example_dags/example_branch_labels.py
[2024-01-27T08:41:26.075+0000] {processor.py:840} INFO - DAG(s) 'example_branch_labels' retrieved from /home/airflow/.local/lib/python3.8/site-packages/airflow/example_dags/example_branch_labels.py
[2024-01-27T08:41:26.083+0000] {logging_mixin.py:188} INFO - [2024-01-27T08:41:26.083+0000] {dag.py:3036} INFO - Sync 1 DAGs
[2024-01-27T08:41:26.101+0000] {logging_mixin.py:188} INFO - [2024-01-27T08:41:26.101+0000] {dag.py:3823} INFO - Setting next_dagrun for example_branch_labels to 2024-01-26 00:00:00+00:00, run_after=2024-01-27 00:00:00+00:00
[2024-01-27T08:41:26.114+0000] {processor.py:183} INFO - Processing /home/airflow/.local/lib/python3.8/site-packages/airflow/example_dags/example_branch_labels.py took 0.049 seconds
[2024-01-27T08:41:57.013+0000] {processor.py:161} INFO - Started process (PID=133) to work on /home/airflow/.local/lib/python3.8/site-packages/airflow/example_dags/example_branch_labels.py
[2024-01-27T08:41:57.013+0000] {processor.py:830} INFO - Processing file /home/airflow/.local/lib/python3.8/site-packages/airflow/example_dags/example_branch_labels.py for tasks to queue
[2024-01-27T08:41:57.014+0000] {logging_mixin.py:188} INFO - [2024-01-27T08:41:57.014+0000] {dagbag.py:538} INFO - Filling up the DagBag from /home/airflow/.local/lib/python3.8/site-packages/airflow/example_dags/example_branch_labels.py
[2024-01-27T08:41:57.020+0000] {processor.py:840} INFO - DAG(s) 'example_branch_labels' retrieved from /home/airflow/.local/lib/python3.8/site-packages/airflow/example_dags/example_branch_labels.py
[2024-01-27T08:41:57.089+0000] {logging_mixin.py:188} INFO - [2024-01-27T08:41:57.089+0000] {dag.py:3036} INFO - Sync 1 DAGs
[2024-01-27T08:41:57.103+0000] {logging_mixin.py:188} INFO - [2024-01-27T08:41:57.103+0000] {dag.py:3823} INFO - Setting next_dagrun for example_branch_labels to 2024-01-26 00:00:00+00:00, run_after=2024-01-27 00:00:00+00:00
[2024-01-27T08:41:57.118+0000] {processor.py:183} INFO - Processing /home/airflow/.local/lib/python3.8/site-packages/airflow/example_dags/example_branch_labels.py took 0.107 seconds
[2024-01-27T08:42:28.187+0000] {processor.py:161} INFO - Started process (PID=188) to work on /home/airflow/.local/lib/python3.8/site-packages/airflow/example_dags/example_branch_labels.py
[2024-01-27T08:42:28.188+0000] {processor.py:830} INFO - Processing file /home/airflow/.local/lib/python3.8/site-packages/airflow/example_dags/example_branch_labels.py for tasks to queue
[2024-01-27T08:42:28.189+0000] {logging_mixin.py:188} INFO - [2024-01-27T08:42:28.189+0000] {dagbag.py:538} INFO - Filling up the DagBag from /home/airflow/.local/lib/python3.8/site-packages/airflow/example_dags/example_branch_labels.py
[2024-01-27T08:42:28.196+0000] {processor.py:840} INFO - DAG(s) 'example_branch_labels' retrieved from /home/airflow/.local/lib/python3.8/site-packages/airflow/example_dags/example_branch_labels.py
[2024-01-27T08:42:28.228+0000] {logging_mixin.py:188} INFO - [2024-01-27T08:42:28.228+0000] {dag.py:3036} INFO - Sync 1 DAGs
[2024-01-27T08:42:28.259+0000] {logging_mixin.py:188} INFO - [2024-01-27T08:42:28.259+0000] {dag.py:3823} INFO - Setting next_dagrun for example_branch_labels to 2024-01-26 00:00:00+00:00, run_after=2024-01-27 00:00:00+00:00
[2024-01-27T08:42:28.276+0000] {processor.py:183} INFO - Processing /home/airflow/.local/lib/python3.8/site-packages/airflow/example_dags/example_branch_labels.py took 0.092 seconds
[2024-01-27T08:42:59.163+0000] {processor.py:161} INFO - Started process (PID=243) to work on /home/airflow/.local/lib/python3.8/site-packages/airflow/example_dags/example_branch_labels.py
[2024-01-27T08:42:59.164+0000] {processor.py:830} INFO - Processing file /home/airflow/.local/lib/python3.8/site-packages/airflow/example_dags/example_branch_labels.py for tasks to queue
[2024-01-27T08:42:59.165+0000] {logging_mixin.py:188} INFO - [2024-01-27T08:42:59.164+0000] {dagbag.py:538} INFO - Filling up the DagBag from /home/airflow/.local/lib/python3.8/site-packages/airflow/example_dags/example_branch_labels.py
[2024-01-27T08:42:59.170+0000] {processor.py:840} INFO - DAG(s) 'example_branch_labels' retrieved from /home/airflow/.local/lib/python3.8/site-packages/airflow/example_dags/example_branch_labels.py
[2024-01-27T08:42:59.185+0000] {logging_mixin.py:188} INFO - [2024-01-27T08:42:59.185+0000] {dag.py:3036} INFO - Sync 1 DAGs
[2024-01-27T08:42:59.202+0000] {logging_mixin.py:188} INFO - [2024-01-27T08:42:59.202+0000] {dag.py:3823} INFO - Setting next_dagrun for example_branch_labels to 2024-01-26 00:00:00+00:00, run_after=2024-01-27 00:00:00+00:00
[2024-01-27T08:42:59.214+0000] {processor.py:183} INFO - Processing /home/airflow/.local/lib/python3.8/site-packages/airflow/example_dags/example_branch_labels.py took 0.054 seconds
[2024-01-27T08:43:29.338+0000] {processor.py:161} INFO - Started process (PID=299) to work on /home/airflow/.local/lib/python3.8/site-packages/airflow/example_dags/example_branch_labels.py
[2024-01-27T08:43:29.339+0000] {processor.py:830} INFO - Processing file /home/airflow/.local/lib/python3.8/site-packages/airflow/example_dags/example_branch_labels.py for tasks to queue
[2024-01-27T08:43:29.340+0000] {logging_mixin.py:188} INFO - [2024-01-27T08:43:29.340+0000] {dagbag.py:538} INFO - Filling up the DagBag from /home/airflow/.local/lib/python3.8/site-packages/airflow/example_dags/example_branch_labels.py
[2024-01-27T08:43:29.346+0000] {processor.py:840} INFO - DAG(s) 'example_branch_labels' retrieved from /home/airflow/.local/lib/python3.8/site-packages/airflow/example_dags/example_branch_labels.py
[2024-01-27T08:43:29.360+0000] {logging_mixin.py:188} INFO - [2024-01-27T08:43:29.359+0000] {dag.py:3036} INFO - Sync 1 DAGs
[2024-01-27T08:43:29.376+0000] {logging_mixin.py:188} INFO - [2024-01-27T08:43:29.376+0000] {dag.py:3823} INFO - Setting next_dagrun for example_branch_labels to 2024-01-26 00:00:00+00:00, run_after=2024-01-27 00:00:00+00:00
[2024-01-27T08:43:29.388+0000] {processor.py:183} INFO - Processing /home/airflow/.local/lib/python3.8/site-packages/airflow/example_dags/example_branch_labels.py took 0.052 seconds
[2024-01-27T08:43:59.610+0000] {processor.py:161} INFO - Started process (PID=354) to work on /home/airflow/.local/lib/python3.8/site-packages/airflow/example_dags/example_branch_labels.py
[2024-01-27T08:43:59.610+0000] {processor.py:830} INFO - Processing file /home/airflow/.local/lib/python3.8/site-packages/airflow/example_dags/example_branch_labels.py for tasks to queue
[2024-01-27T08:43:59.612+0000] {logging_mixin.py:188} INFO - [2024-01-27T08:43:59.611+0000] {dagbag.py:538} INFO - Filling up the DagBag from /home/airflow/.local/lib/python3.8/site-packages/airflow/example_dags/example_branch_labels.py
[2024-01-27T08:43:59.617+0000] {processor.py:840} INFO - DAG(s) 'example_branch_labels' retrieved from /home/airflow/.local/lib/python3.8/site-packages/airflow/example_dags/example_branch_labels.py
[2024-01-27T08:43:59.637+0000] {logging_mixin.py:188} INFO - [2024-01-27T08:43:59.636+0000] {dag.py:3036} INFO - Sync 1 DAGs
[2024-01-27T08:43:59.656+0000] {logging_mixin.py:188} INFO - [2024-01-27T08:43:59.656+0000] {dag.py:3823} INFO - Setting next_dagrun for example_branch_labels to 2024-01-26 00:00:00+00:00, run_after=2024-01-27 00:00:00+00:00
[2024-01-27T08:43:59.673+0000] {processor.py:183} INFO - Processing /home/airflow/.local/lib/python3.8/site-packages/airflow/example_dags/example_branch_labels.py took 0.066 seconds
[2024-01-27T08:44:29.976+0000] {processor.py:161} INFO - Started process (PID=409) to work on /home/airflow/.local/lib/python3.8/site-packages/airflow/example_dags/example_branch_labels.py
[2024-01-27T08:44:29.976+0000] {processor.py:830} INFO - Processing file /home/airflow/.local/lib/python3.8/site-packages/airflow/example_dags/example_branch_labels.py for tasks to queue
[2024-01-27T08:44:29.977+0000] {logging_mixin.py:188} INFO - [2024-01-27T08:44:29.977+0000] {dagbag.py:538} INFO - Filling up the DagBag from /home/airflow/.local/lib/python3.8/site-packages/airflow/example_dags/example_branch_labels.py
[2024-01-27T08:44:29.983+0000] {processor.py:840} INFO - DAG(s) 'example_branch_labels' retrieved from /home/airflow/.local/lib/python3.8/site-packages/airflow/example_dags/example_branch_labels.py
[2024-01-27T08:44:29.997+0000] {logging_mixin.py:188} INFO - [2024-01-27T08:44:29.997+0000] {dag.py:3036} INFO - Sync 1 DAGs
[2024-01-27T08:44:30.013+0000] {logging_mixin.py:188} INFO - [2024-01-27T08:44:30.013+0000] {dag.py:3823} INFO - Setting next_dagrun for example_branch_labels to 2024-01-26 00:00:00+00:00, run_after=2024-01-27 00:00:00+00:00
[2024-01-27T08:44:30.025+0000] {processor.py:183} INFO - Processing /home/airflow/.local/lib/python3.8/site-packages/airflow/example_dags/example_branch_labels.py took 0.051 seconds
[2024-01-27T08:45:01.036+0000] {processor.py:161} INFO - Started process (PID=464) to work on /home/airflow/.local/lib/python3.8/site-packages/airflow/example_dags/example_branch_labels.py
[2024-01-27T08:45:01.036+0000] {processor.py:830} INFO - Processing file /home/airflow/.local/lib/python3.8/site-packages/airflow/example_dags/example_branch_labels.py for tasks to queue
[2024-01-27T08:45:01.037+0000] {logging_mixin.py:188} INFO - [2024-01-27T08:45:01.037+0000] {dagbag.py:538} INFO - Filling up the DagBag from /home/airflow/.local/lib/python3.8/site-packages/airflow/example_dags/example_branch_labels.py
[2024-01-27T08:45:01.043+0000] {processor.py:840} INFO - DAG(s) 'example_branch_labels' retrieved from /home/airflow/.local/lib/python3.8/site-packages/airflow/example_dags/example_branch_labels.py
[2024-01-27T08:45:01.057+0000] {logging_mixin.py:188} INFO - [2024-01-27T08:45:01.057+0000] {dag.py:3036} INFO - Sync 1 DAGs
[2024-01-27T08:45:01.074+0000] {logging_mixin.py:188} INFO - [2024-01-27T08:45:01.073+0000] {dag.py:3823} INFO - Setting next_dagrun for example_branch_labels to 2024-01-26 00:00:00+00:00, run_after=2024-01-27 00:00:00+00:00
[2024-01-27T08:45:01.086+0000] {processor.py:183} INFO - Processing /home/airflow/.local/lib/python3.8/site-packages/airflow/example_dags/example_branch_labels.py took 0.053 seconds
