[2024-01-27T08:41:24.378+0000] {processor.py:161} INFO - Started process (PID=42) to work on /home/airflow/.local/lib/python3.8/site-packages/airflow/example_dags/example_sensors.py
[2024-01-27T08:41:24.379+0000] {processor.py:830} INFO - Processing file /home/airflow/.local/lib/python3.8/site-packages/airflow/example_dags/example_sensors.py for tasks to queue
[2024-01-27T08:41:24.380+0000] {logging_mixin.py:188} INFO - [2024-01-27T08:41:24.380+0000] {dagbag.py:538} INFO - Filling up the DagBag from /home/airflow/.local/lib/python3.8/site-packages/airflow/example_dags/example_sensors.py
[2024-01-27T08:41:24.388+0000] {processor.py:840} INFO - DAG(s) 'example_sensors' retrieved from /home/airflow/.local/lib/python3.8/site-packages/airflow/example_dags/example_sensors.py
[2024-01-27T08:41:24.397+0000] {logging_mixin.py:188} INFO - [2024-01-27T08:41:24.397+0000] {dag.py:3036} INFO - Sync 1 DAGs
[2024-01-27T08:41:24.411+0000] {logging_mixin.py:188} INFO - [2024-01-27T08:41:24.411+0000] {dag.py:3823} INFO - Setting next_dagrun for example_sensors to None, run_after=None
[2024-01-27T08:41:24.428+0000] {processor.py:183} INFO - Processing /home/airflow/.local/lib/python3.8/site-packages/airflow/example_dags/example_sensors.py took 0.053 seconds
[2024-01-27T08:41:54.764+0000] {processor.py:161} INFO - Started process (PID=98) to work on /home/airflow/.local/lib/python3.8/site-packages/airflow/example_dags/example_sensors.py
[2024-01-27T08:41:54.764+0000] {processor.py:830} INFO - Processing file /home/airflow/.local/lib/python3.8/site-packages/airflow/example_dags/example_sensors.py for tasks to queue
[2024-01-27T08:41:54.766+0000] {logging_mixin.py:188} INFO - [2024-01-27T08:41:54.765+0000] {dagbag.py:538} INFO - Filling up the DagBag from /home/airflow/.local/lib/python3.8/site-packages/airflow/example_dags/example_sensors.py
[2024-01-27T08:41:54.772+0000] {processor.py:840} INFO - DAG(s) 'example_sensors' retrieved from /home/airflow/.local/lib/python3.8/site-packages/airflow/example_dags/example_sensors.py
[2024-01-27T08:41:54.845+0000] {logging_mixin.py:188} INFO - [2024-01-27T08:41:54.845+0000] {dag.py:3036} INFO - Sync 1 DAGs
[2024-01-27T08:41:54.853+0000] {logging_mixin.py:188} INFO - [2024-01-27T08:41:54.853+0000] {dag.py:3823} INFO - Setting next_dagrun for example_sensors to None, run_after=None
[2024-01-27T08:41:54.866+0000] {processor.py:183} INFO - Processing /home/airflow/.local/lib/python3.8/site-packages/airflow/example_dags/example_sensors.py took 0.104 seconds
[2024-01-27T08:42:25.731+0000] {processor.py:161} INFO - Started process (PID=153) to work on /home/airflow/.local/lib/python3.8/site-packages/airflow/example_dags/example_sensors.py
[2024-01-27T08:42:25.732+0000] {processor.py:830} INFO - Processing file /home/airflow/.local/lib/python3.8/site-packages/airflow/example_dags/example_sensors.py for tasks to queue
[2024-01-27T08:42:25.733+0000] {logging_mixin.py:188} INFO - [2024-01-27T08:42:25.732+0000] {dagbag.py:538} INFO - Filling up the DagBag from /home/airflow/.local/lib/python3.8/site-packages/airflow/example_dags/example_sensors.py
[2024-01-27T08:42:25.739+0000] {processor.py:840} INFO - DAG(s) 'example_sensors' retrieved from /home/airflow/.local/lib/python3.8/site-packages/airflow/example_dags/example_sensors.py
[2024-01-27T08:42:25.759+0000] {logging_mixin.py:188} INFO - [2024-01-27T08:42:25.758+0000] {dag.py:3036} INFO - Sync 1 DAGs
[2024-01-27T08:42:25.768+0000] {logging_mixin.py:188} INFO - [2024-01-27T08:42:25.768+0000] {dag.py:3823} INFO - Setting next_dagrun for example_sensors to None, run_after=None
[2024-01-27T08:42:25.783+0000] {processor.py:183} INFO - Processing /home/airflow/.local/lib/python3.8/site-packages/airflow/example_dags/example_sensors.py took 0.055 seconds
[2024-01-27T08:42:55.832+0000] {processor.py:161} INFO - Started process (PID=208) to work on /home/airflow/.local/lib/python3.8/site-packages/airflow/example_dags/example_sensors.py
[2024-01-27T08:42:55.833+0000] {processor.py:830} INFO - Processing file /home/airflow/.local/lib/python3.8/site-packages/airflow/example_dags/example_sensors.py for tasks to queue
[2024-01-27T08:42:55.834+0000] {logging_mixin.py:188} INFO - [2024-01-27T08:42:55.833+0000] {dagbag.py:538} INFO - Filling up the DagBag from /home/airflow/.local/lib/python3.8/site-packages/airflow/example_dags/example_sensors.py
[2024-01-27T08:42:55.839+0000] {processor.py:840} INFO - DAG(s) 'example_sensors' retrieved from /home/airflow/.local/lib/python3.8/site-packages/airflow/example_dags/example_sensors.py
[2024-01-27T08:42:55.857+0000] {logging_mixin.py:188} INFO - [2024-01-27T08:42:55.857+0000] {dag.py:3036} INFO - Sync 1 DAGs
[2024-01-27T08:42:55.867+0000] {logging_mixin.py:188} INFO - [2024-01-27T08:42:55.867+0000] {dag.py:3823} INFO - Setting next_dagrun for example_sensors to None, run_after=None
[2024-01-27T08:42:55.881+0000] {processor.py:183} INFO - Processing /home/airflow/.local/lib/python3.8/site-packages/airflow/example_dags/example_sensors.py took 0.051 seconds
[2024-01-27T08:43:26.014+0000] {processor.py:161} INFO - Started process (PID=264) to work on /home/airflow/.local/lib/python3.8/site-packages/airflow/example_dags/example_sensors.py
[2024-01-27T08:43:26.015+0000] {processor.py:830} INFO - Processing file /home/airflow/.local/lib/python3.8/site-packages/airflow/example_dags/example_sensors.py for tasks to queue
[2024-01-27T08:43:26.016+0000] {logging_mixin.py:188} INFO - [2024-01-27T08:43:26.015+0000] {dagbag.py:538} INFO - Filling up the DagBag from /home/airflow/.local/lib/python3.8/site-packages/airflow/example_dags/example_sensors.py
[2024-01-27T08:43:26.022+0000] {processor.py:840} INFO - DAG(s) 'example_sensors' retrieved from /home/airflow/.local/lib/python3.8/site-packages/airflow/example_dags/example_sensors.py
[2024-01-27T08:43:26.040+0000] {logging_mixin.py:188} INFO - [2024-01-27T08:43:26.040+0000] {dag.py:3036} INFO - Sync 1 DAGs
[2024-01-27T08:43:26.049+0000] {logging_mixin.py:188} INFO - [2024-01-27T08:43:26.049+0000] {dag.py:3823} INFO - Setting next_dagrun for example_sensors to None, run_after=None
[2024-01-27T08:43:26.065+0000] {processor.py:183} INFO - Processing /home/airflow/.local/lib/python3.8/site-packages/airflow/example_dags/example_sensors.py took 0.053 seconds
[2024-01-27T08:43:56.214+0000] {processor.py:161} INFO - Started process (PID=319) to work on /home/airflow/.local/lib/python3.8/site-packages/airflow/example_dags/example_sensors.py
[2024-01-27T08:43:56.215+0000] {processor.py:830} INFO - Processing file /home/airflow/.local/lib/python3.8/site-packages/airflow/example_dags/example_sensors.py for tasks to queue
[2024-01-27T08:43:56.216+0000] {logging_mixin.py:188} INFO - [2024-01-27T08:43:56.216+0000] {dagbag.py:538} INFO - Filling up the DagBag from /home/airflow/.local/lib/python3.8/site-packages/airflow/example_dags/example_sensors.py
[2024-01-27T08:43:56.224+0000] {processor.py:840} INFO - DAG(s) 'example_sensors' retrieved from /home/airflow/.local/lib/python3.8/site-packages/airflow/example_dags/example_sensors.py
[2024-01-27T08:43:56.243+0000] {logging_mixin.py:188} INFO - [2024-01-27T08:43:56.243+0000] {dag.py:3036} INFO - Sync 1 DAGs
[2024-01-27T08:43:56.257+0000] {logging_mixin.py:188} INFO - [2024-01-27T08:43:56.256+0000] {dag.py:3823} INFO - Setting next_dagrun for example_sensors to None, run_after=None
[2024-01-27T08:43:56.281+0000] {processor.py:183} INFO - Processing /home/airflow/.local/lib/python3.8/site-packages/airflow/example_dags/example_sensors.py took 0.069 seconds
[2024-01-27T08:44:26.537+0000] {processor.py:161} INFO - Started process (PID=374) to work on /home/airflow/.local/lib/python3.8/site-packages/airflow/example_dags/example_sensors.py
[2024-01-27T08:44:26.538+0000] {processor.py:830} INFO - Processing file /home/airflow/.local/lib/python3.8/site-packages/airflow/example_dags/example_sensors.py for tasks to queue
[2024-01-27T08:44:26.539+0000] {logging_mixin.py:188} INFO - [2024-01-27T08:44:26.539+0000] {dagbag.py:538} INFO - Filling up the DagBag from /home/airflow/.local/lib/python3.8/site-packages/airflow/example_dags/example_sensors.py
[2024-01-27T08:44:26.545+0000] {processor.py:840} INFO - DAG(s) 'example_sensors' retrieved from /home/airflow/.local/lib/python3.8/site-packages/airflow/example_dags/example_sensors.py
[2024-01-27T08:44:26.562+0000] {logging_mixin.py:188} INFO - [2024-01-27T08:44:26.562+0000] {dag.py:3036} INFO - Sync 1 DAGs
[2024-01-27T08:44:26.570+0000] {logging_mixin.py:188} INFO - [2024-01-27T08:44:26.570+0000] {dag.py:3823} INFO - Setting next_dagrun for example_sensors to None, run_after=None
[2024-01-27T08:44:26.581+0000] {processor.py:183} INFO - Processing /home/airflow/.local/lib/python3.8/site-packages/airflow/example_dags/example_sensors.py took 0.045 seconds
[2024-01-27T08:44:56.641+0000] {processor.py:161} INFO - Started process (PID=429) to work on /home/airflow/.local/lib/python3.8/site-packages/airflow/example_dags/example_sensors.py
[2024-01-27T08:44:56.642+0000] {processor.py:830} INFO - Processing file /home/airflow/.local/lib/python3.8/site-packages/airflow/example_dags/example_sensors.py for tasks to queue
[2024-01-27T08:44:56.643+0000] {logging_mixin.py:188} INFO - [2024-01-27T08:44:56.642+0000] {dagbag.py:538} INFO - Filling up the DagBag from /home/airflow/.local/lib/python3.8/site-packages/airflow/example_dags/example_sensors.py
[2024-01-27T08:44:56.648+0000] {processor.py:840} INFO - DAG(s) 'example_sensors' retrieved from /home/airflow/.local/lib/python3.8/site-packages/airflow/example_dags/example_sensors.py
[2024-01-27T08:44:56.664+0000] {logging_mixin.py:188} INFO - [2024-01-27T08:44:56.664+0000] {dag.py:3036} INFO - Sync 1 DAGs
[2024-01-27T08:44:56.672+0000] {logging_mixin.py:188} INFO - [2024-01-27T08:44:56.672+0000] {dag.py:3823} INFO - Setting next_dagrun for example_sensors to None, run_after=None
[2024-01-27T08:44:56.684+0000] {processor.py:183} INFO - Processing /home/airflow/.local/lib/python3.8/site-packages/airflow/example_dags/example_sensors.py took 0.044 seconds
