[2024-01-27T08:41:25.815+0000] {processor.py:161} INFO - Started process (PID=72) to work on /home/airflow/.local/lib/python3.8/site-packages/airflow/example_dags/example_xcomargs.py
[2024-01-27T08:41:25.816+0000] {processor.py:830} INFO - Processing file /home/airflow/.local/lib/python3.8/site-packages/airflow/example_dags/example_xcomargs.py for tasks to queue
[2024-01-27T08:41:25.818+0000] {logging_mixin.py:188} INFO - [2024-01-27T08:41:25.818+0000] {dagbag.py:538} INFO - Filling up the DagBag from /home/airflow/.local/lib/python3.8/site-packages/airflow/example_dags/example_xcomargs.py
[2024-01-27T08:41:25.829+0000] {processor.py:840} INFO - DAG(s) 'example_xcom_args_with_operators', 'example_xcom_args' retrieved from /home/airflow/.local/lib/python3.8/site-packages/airflow/example_dags/example_xcomargs.py
[2024-01-27T08:41:25.843+0000] {logging_mixin.py:188} INFO - [2024-01-27T08:41:25.843+0000] {dag.py:3036} INFO - Sync 2 DAGs
[2024-01-27T08:41:25.857+0000] {logging_mixin.py:188} INFO - [2024-01-27T08:41:25.857+0000] {dag.py:3823} INFO - Setting next_dagrun for example_xcom_args to None, run_after=None
[2024-01-27T08:41:25.861+0000] {logging_mixin.py:188} INFO - [2024-01-27T08:41:25.860+0000] {dag.py:3823} INFO - Setting next_dagrun for example_xcom_args_with_operators to None, run_after=None
[2024-01-27T08:41:25.880+0000] {processor.py:183} INFO - Processing /home/airflow/.local/lib/python3.8/site-packages/airflow/example_dags/example_xcomargs.py took 0.068 seconds
[2024-01-27T08:41:56.653+0000] {processor.py:161} INFO - Started process (PID=128) to work on /home/airflow/.local/lib/python3.8/site-packages/airflow/example_dags/example_xcomargs.py
[2024-01-27T08:41:56.654+0000] {processor.py:830} INFO - Processing file /home/airflow/.local/lib/python3.8/site-packages/airflow/example_dags/example_xcomargs.py for tasks to queue
[2024-01-27T08:41:56.655+0000] {logging_mixin.py:188} INFO - [2024-01-27T08:41:56.654+0000] {dagbag.py:538} INFO - Filling up the DagBag from /home/airflow/.local/lib/python3.8/site-packages/airflow/example_dags/example_xcomargs.py
[2024-01-27T08:41:56.660+0000] {processor.py:840} INFO - DAG(s) 'example_xcom_args', 'example_xcom_args_with_operators' retrieved from /home/airflow/.local/lib/python3.8/site-packages/airflow/example_dags/example_xcomargs.py
[2024-01-27T08:41:56.738+0000] {logging_mixin.py:188} INFO - [2024-01-27T08:41:56.738+0000] {dag.py:3036} INFO - Sync 2 DAGs
[2024-01-27T08:41:56.746+0000] {logging_mixin.py:188} INFO - [2024-01-27T08:41:56.745+0000] {dag.py:3823} INFO - Setting next_dagrun for example_xcom_args to None, run_after=None
[2024-01-27T08:41:56.748+0000] {logging_mixin.py:188} INFO - [2024-01-27T08:41:56.748+0000] {dag.py:3823} INFO - Setting next_dagrun for example_xcom_args_with_operators to None, run_after=None
[2024-01-27T08:41:56.760+0000] {processor.py:183} INFO - Processing /home/airflow/.local/lib/python3.8/site-packages/airflow/example_dags/example_xcomargs.py took 0.109 seconds
[2024-01-27T08:42:26.857+0000] {processor.py:161} INFO - Started process (PID=183) to work on /home/airflow/.local/lib/python3.8/site-packages/airflow/example_dags/example_xcomargs.py
[2024-01-27T08:42:26.858+0000] {processor.py:830} INFO - Processing file /home/airflow/.local/lib/python3.8/site-packages/airflow/example_dags/example_xcomargs.py for tasks to queue
[2024-01-27T08:42:26.859+0000] {logging_mixin.py:188} INFO - [2024-01-27T08:42:26.859+0000] {dagbag.py:538} INFO - Filling up the DagBag from /home/airflow/.local/lib/python3.8/site-packages/airflow/example_dags/example_xcomargs.py
[2024-01-27T08:42:26.865+0000] {processor.py:840} INFO - DAG(s) 'example_xcom_args_with_operators', 'example_xcom_args' retrieved from /home/airflow/.local/lib/python3.8/site-packages/airflow/example_dags/example_xcomargs.py
[2024-01-27T08:42:26.881+0000] {logging_mixin.py:188} INFO - [2024-01-27T08:42:26.880+0000] {dag.py:3036} INFO - Sync 2 DAGs
[2024-01-27T08:42:26.890+0000] {logging_mixin.py:188} INFO - [2024-01-27T08:42:26.890+0000] {dag.py:3823} INFO - Setting next_dagrun for example_xcom_args to None, run_after=None
[2024-01-27T08:42:26.893+0000] {logging_mixin.py:188} INFO - [2024-01-27T08:42:26.892+0000] {dag.py:3823} INFO - Setting next_dagrun for example_xcom_args_with_operators to None, run_after=None
[2024-01-27T08:42:26.905+0000] {processor.py:183} INFO - Processing /home/airflow/.local/lib/python3.8/site-packages/airflow/example_dags/example_xcomargs.py took 0.051 seconds
[2024-01-27T08:42:56.992+0000] {processor.py:161} INFO - Started process (PID=238) to work on /home/airflow/.local/lib/python3.8/site-packages/airflow/example_dags/example_xcomargs.py
[2024-01-27T08:42:56.992+0000] {processor.py:830} INFO - Processing file /home/airflow/.local/lib/python3.8/site-packages/airflow/example_dags/example_xcomargs.py for tasks to queue
[2024-01-27T08:42:56.993+0000] {logging_mixin.py:188} INFO - [2024-01-27T08:42:56.993+0000] {dagbag.py:538} INFO - Filling up the DagBag from /home/airflow/.local/lib/python3.8/site-packages/airflow/example_dags/example_xcomargs.py
[2024-01-27T08:42:56.999+0000] {processor.py:840} INFO - DAG(s) 'example_xcom_args', 'example_xcom_args_with_operators' retrieved from /home/airflow/.local/lib/python3.8/site-packages/airflow/example_dags/example_xcomargs.py
[2024-01-27T08:42:57.014+0000] {logging_mixin.py:188} INFO - [2024-01-27T08:42:57.014+0000] {dag.py:3036} INFO - Sync 2 DAGs
[2024-01-27T08:42:57.023+0000] {logging_mixin.py:188} INFO - [2024-01-27T08:42:57.022+0000] {dag.py:3823} INFO - Setting next_dagrun for example_xcom_args to None, run_after=None
[2024-01-27T08:42:57.025+0000] {logging_mixin.py:188} INFO - [2024-01-27T08:42:57.025+0000] {dag.py:3823} INFO - Setting next_dagrun for example_xcom_args_with_operators to None, run_after=None
[2024-01-27T08:42:57.035+0000] {processor.py:183} INFO - Processing /home/airflow/.local/lib/python3.8/site-packages/airflow/example_dags/example_xcomargs.py took 0.045 seconds
[2024-01-27T08:43:27.149+0000] {processor.py:161} INFO - Started process (PID=294) to work on /home/airflow/.local/lib/python3.8/site-packages/airflow/example_dags/example_xcomargs.py
[2024-01-27T08:43:27.150+0000] {processor.py:830} INFO - Processing file /home/airflow/.local/lib/python3.8/site-packages/airflow/example_dags/example_xcomargs.py for tasks to queue
[2024-01-27T08:43:27.151+0000] {logging_mixin.py:188} INFO - [2024-01-27T08:43:27.151+0000] {dagbag.py:538} INFO - Filling up the DagBag from /home/airflow/.local/lib/python3.8/site-packages/airflow/example_dags/example_xcomargs.py
[2024-01-27T08:43:27.156+0000] {processor.py:840} INFO - DAG(s) 'example_xcom_args', 'example_xcom_args_with_operators' retrieved from /home/airflow/.local/lib/python3.8/site-packages/airflow/example_dags/example_xcomargs.py
[2024-01-27T08:43:27.172+0000] {logging_mixin.py:188} INFO - [2024-01-27T08:43:27.172+0000] {dag.py:3036} INFO - Sync 2 DAGs
[2024-01-27T08:43:27.181+0000] {logging_mixin.py:188} INFO - [2024-01-27T08:43:27.181+0000] {dag.py:3823} INFO - Setting next_dagrun for example_xcom_args to None, run_after=None
[2024-01-27T08:43:27.183+0000] {logging_mixin.py:188} INFO - [2024-01-27T08:43:27.183+0000] {dag.py:3823} INFO - Setting next_dagrun for example_xcom_args_with_operators to None, run_after=None
[2024-01-27T08:43:27.194+0000] {processor.py:183} INFO - Processing /home/airflow/.local/lib/python3.8/site-packages/airflow/example_dags/example_xcomargs.py took 0.046 seconds
[2024-01-27T08:43:57.354+0000] {processor.py:161} INFO - Started process (PID=348) to work on /home/airflow/.local/lib/python3.8/site-packages/airflow/example_dags/example_xcomargs.py
[2024-01-27T08:43:57.354+0000] {processor.py:830} INFO - Processing file /home/airflow/.local/lib/python3.8/site-packages/airflow/example_dags/example_xcomargs.py for tasks to queue
[2024-01-27T08:43:57.355+0000] {logging_mixin.py:188} INFO - [2024-01-27T08:43:57.355+0000] {dagbag.py:538} INFO - Filling up the DagBag from /home/airflow/.local/lib/python3.8/site-packages/airflow/example_dags/example_xcomargs.py
[2024-01-27T08:43:57.361+0000] {processor.py:840} INFO - DAG(s) 'example_xcom_args', 'example_xcom_args_with_operators' retrieved from /home/airflow/.local/lib/python3.8/site-packages/airflow/example_dags/example_xcomargs.py
[2024-01-27T08:43:57.377+0000] {logging_mixin.py:188} INFO - [2024-01-27T08:43:57.377+0000] {dag.py:3036} INFO - Sync 2 DAGs
[2024-01-27T08:43:57.387+0000] {logging_mixin.py:188} INFO - [2024-01-27T08:43:57.386+0000] {dag.py:3823} INFO - Setting next_dagrun for example_xcom_args to None, run_after=None
[2024-01-27T08:43:57.389+0000] {logging_mixin.py:188} INFO - [2024-01-27T08:43:57.389+0000] {dag.py:3823} INFO - Setting next_dagrun for example_xcom_args_with_operators to None, run_after=None
[2024-01-27T08:43:57.400+0000] {processor.py:183} INFO - Processing /home/airflow/.local/lib/python3.8/site-packages/airflow/example_dags/example_xcomargs.py took 0.049 seconds
[2024-01-27T08:44:27.810+0000] {processor.py:161} INFO - Started process (PID=404) to work on /home/airflow/.local/lib/python3.8/site-packages/airflow/example_dags/example_xcomargs.py
[2024-01-27T08:44:27.811+0000] {processor.py:830} INFO - Processing file /home/airflow/.local/lib/python3.8/site-packages/airflow/example_dags/example_xcomargs.py for tasks to queue
[2024-01-27T08:44:27.812+0000] {logging_mixin.py:188} INFO - [2024-01-27T08:44:27.812+0000] {dagbag.py:538} INFO - Filling up the DagBag from /home/airflow/.local/lib/python3.8/site-packages/airflow/example_dags/example_xcomargs.py
[2024-01-27T08:44:27.820+0000] {processor.py:840} INFO - DAG(s) 'example_xcom_args_with_operators', 'example_xcom_args' retrieved from /home/airflow/.local/lib/python3.8/site-packages/airflow/example_dags/example_xcomargs.py
[2024-01-27T08:44:27.840+0000] {logging_mixin.py:188} INFO - [2024-01-27T08:44:27.839+0000] {dag.py:3036} INFO - Sync 2 DAGs
[2024-01-27T08:44:27.852+0000] {logging_mixin.py:188} INFO - [2024-01-27T08:44:27.852+0000] {dag.py:3823} INFO - Setting next_dagrun for example_xcom_args to None, run_after=None
[2024-01-27T08:44:27.856+0000] {logging_mixin.py:188} INFO - [2024-01-27T08:44:27.855+0000] {dag.py:3823} INFO - Setting next_dagrun for example_xcom_args_with_operators to None, run_after=None
[2024-01-27T08:44:27.874+0000] {processor.py:183} INFO - Processing /home/airflow/.local/lib/python3.8/site-packages/airflow/example_dags/example_xcomargs.py took 0.067 seconds
[2024-01-27T08:44:58.833+0000] {processor.py:161} INFO - Started process (PID=459) to work on /home/airflow/.local/lib/python3.8/site-packages/airflow/example_dags/example_xcomargs.py
[2024-01-27T08:44:58.834+0000] {processor.py:830} INFO - Processing file /home/airflow/.local/lib/python3.8/site-packages/airflow/example_dags/example_xcomargs.py for tasks to queue
[2024-01-27T08:44:58.835+0000] {logging_mixin.py:188} INFO - [2024-01-27T08:44:58.834+0000] {dagbag.py:538} INFO - Filling up the DagBag from /home/airflow/.local/lib/python3.8/site-packages/airflow/example_dags/example_xcomargs.py
[2024-01-27T08:44:58.840+0000] {processor.py:840} INFO - DAG(s) 'example_xcom_args', 'example_xcom_args_with_operators' retrieved from /home/airflow/.local/lib/python3.8/site-packages/airflow/example_dags/example_xcomargs.py
[2024-01-27T08:44:58.856+0000] {logging_mixin.py:188} INFO - [2024-01-27T08:44:58.855+0000] {dag.py:3036} INFO - Sync 2 DAGs
[2024-01-27T08:44:58.864+0000] {logging_mixin.py:188} INFO - [2024-01-27T08:44:58.864+0000] {dag.py:3823} INFO - Setting next_dagrun for example_xcom_args to None, run_after=None
[2024-01-27T08:44:58.867+0000] {logging_mixin.py:188} INFO - [2024-01-27T08:44:58.867+0000] {dag.py:3823} INFO - Setting next_dagrun for example_xcom_args_with_operators to None, run_after=None
[2024-01-27T08:44:58.877+0000] {processor.py:183} INFO - Processing /home/airflow/.local/lib/python3.8/site-packages/airflow/example_dags/example_xcomargs.py took 0.046 seconds
