[2024-01-27T08:41:25.302+0000] {processor.py:161} INFO - Started process (PID=60) to work on /home/airflow/.local/lib/python3.8/site-packages/airflow/example_dags/example_latest_only.py
[2024-01-27T08:41:25.302+0000] {processor.py:830} INFO - Processing file /home/airflow/.local/lib/python3.8/site-packages/airflow/example_dags/example_latest_only.py for tasks to queue
[2024-01-27T08:41:25.304+0000] {logging_mixin.py:188} INFO - [2024-01-27T08:41:25.303+0000] {dagbag.py:538} INFO - Filling up the DagBag from /home/airflow/.local/lib/python3.8/site-packages/airflow/example_dags/example_latest_only.py
[2024-01-27T08:41:25.309+0000] {processor.py:840} INFO - DAG(s) 'latest_only' retrieved from /home/airflow/.local/lib/python3.8/site-packages/airflow/example_dags/example_latest_only.py
[2024-01-27T08:41:25.319+0000] {logging_mixin.py:188} INFO - [2024-01-27T08:41:25.318+0000] {dag.py:3036} INFO - Sync 1 DAGs
[2024-01-27T08:41:25.344+0000] {logging_mixin.py:188} INFO - [2024-01-27T08:41:25.343+0000] {dag.py:3823} INFO - Setting next_dagrun for latest_only to 2024-01-27 04:00:00+00:00, run_after=2024-01-27 08:00:00+00:00
[2024-01-27T08:41:25.363+0000] {processor.py:183} INFO - Processing /home/airflow/.local/lib/python3.8/site-packages/airflow/example_dags/example_latest_only.py took 0.064 seconds
[2024-01-27T08:41:55.911+0000] {processor.py:161} INFO - Started process (PID=116) to work on /home/airflow/.local/lib/python3.8/site-packages/airflow/example_dags/example_latest_only.py
[2024-01-27T08:41:55.912+0000] {processor.py:830} INFO - Processing file /home/airflow/.local/lib/python3.8/site-packages/airflow/example_dags/example_latest_only.py for tasks to queue
[2024-01-27T08:41:55.913+0000] {logging_mixin.py:188} INFO - [2024-01-27T08:41:55.913+0000] {dagbag.py:538} INFO - Filling up the DagBag from /home/airflow/.local/lib/python3.8/site-packages/airflow/example_dags/example_latest_only.py
[2024-01-27T08:41:55.916+0000] {processor.py:840} INFO - DAG(s) 'latest_only' retrieved from /home/airflow/.local/lib/python3.8/site-packages/airflow/example_dags/example_latest_only.py
[2024-01-27T08:41:55.987+0000] {logging_mixin.py:188} INFO - [2024-01-27T08:41:55.987+0000] {dag.py:3036} INFO - Sync 1 DAGs
[2024-01-27T08:41:56.000+0000] {logging_mixin.py:188} INFO - [2024-01-27T08:41:56.000+0000] {dag.py:3823} INFO - Setting next_dagrun for latest_only to 2024-01-27 04:00:00+00:00, run_after=2024-01-27 08:00:00+00:00
[2024-01-27T08:41:56.012+0000] {processor.py:183} INFO - Processing /home/airflow/.local/lib/python3.8/site-packages/airflow/example_dags/example_latest_only.py took 0.103 seconds
[2024-01-27T08:42:26.422+0000] {processor.py:161} INFO - Started process (PID=171) to work on /home/airflow/.local/lib/python3.8/site-packages/airflow/example_dags/example_latest_only.py
[2024-01-27T08:42:26.422+0000] {processor.py:830} INFO - Processing file /home/airflow/.local/lib/python3.8/site-packages/airflow/example_dags/example_latest_only.py for tasks to queue
[2024-01-27T08:42:26.423+0000] {logging_mixin.py:188} INFO - [2024-01-27T08:42:26.423+0000] {dagbag.py:538} INFO - Filling up the DagBag from /home/airflow/.local/lib/python3.8/site-packages/airflow/example_dags/example_latest_only.py
[2024-01-27T08:42:26.426+0000] {processor.py:840} INFO - DAG(s) 'latest_only' retrieved from /home/airflow/.local/lib/python3.8/site-packages/airflow/example_dags/example_latest_only.py
[2024-01-27T08:42:26.441+0000] {logging_mixin.py:188} INFO - [2024-01-27T08:42:26.441+0000] {dag.py:3036} INFO - Sync 1 DAGs
[2024-01-27T08:42:26.457+0000] {logging_mixin.py:188} INFO - [2024-01-27T08:42:26.457+0000] {dag.py:3823} INFO - Setting next_dagrun for latest_only to 2024-01-27 04:00:00+00:00, run_after=2024-01-27 08:00:00+00:00
[2024-01-27T08:42:26.469+0000] {processor.py:183} INFO - Processing /home/airflow/.local/lib/python3.8/site-packages/airflow/example_dags/example_latest_only.py took 0.049 seconds
[2024-01-27T08:42:56.579+0000] {processor.py:161} INFO - Started process (PID=226) to work on /home/airflow/.local/lib/python3.8/site-packages/airflow/example_dags/example_latest_only.py
[2024-01-27T08:42:56.580+0000] {processor.py:830} INFO - Processing file /home/airflow/.local/lib/python3.8/site-packages/airflow/example_dags/example_latest_only.py for tasks to queue
[2024-01-27T08:42:56.581+0000] {logging_mixin.py:188} INFO - [2024-01-27T08:42:56.581+0000] {dagbag.py:538} INFO - Filling up the DagBag from /home/airflow/.local/lib/python3.8/site-packages/airflow/example_dags/example_latest_only.py
[2024-01-27T08:42:56.584+0000] {processor.py:840} INFO - DAG(s) 'latest_only' retrieved from /home/airflow/.local/lib/python3.8/site-packages/airflow/example_dags/example_latest_only.py
[2024-01-27T08:42:56.598+0000] {logging_mixin.py:188} INFO - [2024-01-27T08:42:56.597+0000] {dag.py:3036} INFO - Sync 1 DAGs
[2024-01-27T08:42:56.613+0000] {logging_mixin.py:188} INFO - [2024-01-27T08:42:56.613+0000] {dag.py:3823} INFO - Setting next_dagrun for latest_only to 2024-01-27 04:00:00+00:00, run_after=2024-01-27 08:00:00+00:00
[2024-01-27T08:42:56.626+0000] {processor.py:183} INFO - Processing /home/airflow/.local/lib/python3.8/site-packages/airflow/example_dags/example_latest_only.py took 0.048 seconds
[2024-01-27T08:43:26.725+0000] {processor.py:161} INFO - Started process (PID=282) to work on /home/airflow/.local/lib/python3.8/site-packages/airflow/example_dags/example_latest_only.py
[2024-01-27T08:43:26.725+0000] {processor.py:830} INFO - Processing file /home/airflow/.local/lib/python3.8/site-packages/airflow/example_dags/example_latest_only.py for tasks to queue
[2024-01-27T08:43:26.726+0000] {logging_mixin.py:188} INFO - [2024-01-27T08:43:26.726+0000] {dagbag.py:538} INFO - Filling up the DagBag from /home/airflow/.local/lib/python3.8/site-packages/airflow/example_dags/example_latest_only.py
[2024-01-27T08:43:26.729+0000] {processor.py:840} INFO - DAG(s) 'latest_only' retrieved from /home/airflow/.local/lib/python3.8/site-packages/airflow/example_dags/example_latest_only.py
[2024-01-27T08:43:26.742+0000] {logging_mixin.py:188} INFO - [2024-01-27T08:43:26.742+0000] {dag.py:3036} INFO - Sync 1 DAGs
[2024-01-27T08:43:26.759+0000] {logging_mixin.py:188} INFO - [2024-01-27T08:43:26.759+0000] {dag.py:3823} INFO - Setting next_dagrun for latest_only to 2024-01-27 04:00:00+00:00, run_after=2024-01-27 08:00:00+00:00
[2024-01-27T08:43:26.771+0000] {processor.py:183} INFO - Processing /home/airflow/.local/lib/python3.8/site-packages/airflow/example_dags/example_latest_only.py took 0.048 seconds
[2024-01-27T08:43:56.897+0000] {processor.py:161} INFO - Started process (PID=337) to work on /home/airflow/.local/lib/python3.8/site-packages/airflow/example_dags/example_latest_only.py
[2024-01-27T08:43:56.897+0000] {processor.py:830} INFO - Processing file /home/airflow/.local/lib/python3.8/site-packages/airflow/example_dags/example_latest_only.py for tasks to queue
[2024-01-27T08:43:56.898+0000] {logging_mixin.py:188} INFO - [2024-01-27T08:43:56.898+0000] {dagbag.py:538} INFO - Filling up the DagBag from /home/airflow/.local/lib/python3.8/site-packages/airflow/example_dags/example_latest_only.py
[2024-01-27T08:43:56.902+0000] {processor.py:840} INFO - DAG(s) 'latest_only' retrieved from /home/airflow/.local/lib/python3.8/site-packages/airflow/example_dags/example_latest_only.py
[2024-01-27T08:43:56.915+0000] {logging_mixin.py:188} INFO - [2024-01-27T08:43:56.915+0000] {dag.py:3036} INFO - Sync 1 DAGs
[2024-01-27T08:43:56.931+0000] {logging_mixin.py:188} INFO - [2024-01-27T08:43:56.931+0000] {dag.py:3823} INFO - Setting next_dagrun for latest_only to 2024-01-27 04:00:00+00:00, run_after=2024-01-27 08:00:00+00:00
[2024-01-27T08:43:56.945+0000] {processor.py:183} INFO - Processing /home/airflow/.local/lib/python3.8/site-packages/airflow/example_dags/example_latest_only.py took 0.050 seconds
[2024-01-27T08:44:27.396+0000] {processor.py:161} INFO - Started process (PID=392) to work on /home/airflow/.local/lib/python3.8/site-packages/airflow/example_dags/example_latest_only.py
[2024-01-27T08:44:27.396+0000] {processor.py:830} INFO - Processing file /home/airflow/.local/lib/python3.8/site-packages/airflow/example_dags/example_latest_only.py for tasks to queue
[2024-01-27T08:44:27.397+0000] {logging_mixin.py:188} INFO - [2024-01-27T08:44:27.397+0000] {dagbag.py:538} INFO - Filling up the DagBag from /home/airflow/.local/lib/python3.8/site-packages/airflow/example_dags/example_latest_only.py
[2024-01-27T08:44:27.401+0000] {processor.py:840} INFO - DAG(s) 'latest_only' retrieved from /home/airflow/.local/lib/python3.8/site-packages/airflow/example_dags/example_latest_only.py
[2024-01-27T08:44:27.415+0000] {logging_mixin.py:188} INFO - [2024-01-27T08:44:27.414+0000] {dag.py:3036} INFO - Sync 1 DAGs
[2024-01-27T08:44:27.430+0000] {logging_mixin.py:188} INFO - [2024-01-27T08:44:27.430+0000] {dag.py:3823} INFO - Setting next_dagrun for latest_only to 2024-01-27 04:00:00+00:00, run_after=2024-01-27 08:00:00+00:00
[2024-01-27T08:44:27.442+0000] {processor.py:183} INFO - Processing /home/airflow/.local/lib/python3.8/site-packages/airflow/example_dags/example_latest_only.py took 0.048 seconds
[2024-01-27T08:44:58.419+0000] {processor.py:161} INFO - Started process (PID=447) to work on /home/airflow/.local/lib/python3.8/site-packages/airflow/example_dags/example_latest_only.py
[2024-01-27T08:44:58.420+0000] {processor.py:830} INFO - Processing file /home/airflow/.local/lib/python3.8/site-packages/airflow/example_dags/example_latest_only.py for tasks to queue
[2024-01-27T08:44:58.421+0000] {logging_mixin.py:188} INFO - [2024-01-27T08:44:58.420+0000] {dagbag.py:538} INFO - Filling up the DagBag from /home/airflow/.local/lib/python3.8/site-packages/airflow/example_dags/example_latest_only.py
[2024-01-27T08:44:58.424+0000] {processor.py:840} INFO - DAG(s) 'latest_only' retrieved from /home/airflow/.local/lib/python3.8/site-packages/airflow/example_dags/example_latest_only.py
[2024-01-27T08:44:58.437+0000] {logging_mixin.py:188} INFO - [2024-01-27T08:44:58.437+0000] {dag.py:3036} INFO - Sync 1 DAGs
[2024-01-27T08:44:58.453+0000] {logging_mixin.py:188} INFO - [2024-01-27T08:44:58.453+0000] {dag.py:3823} INFO - Setting next_dagrun for latest_only to 2024-01-27 04:00:00+00:00, run_after=2024-01-27 08:00:00+00:00
[2024-01-27T08:44:58.466+0000] {processor.py:183} INFO - Processing /home/airflow/.local/lib/python3.8/site-packages/airflow/example_dags/example_latest_only.py took 0.049 seconds
