[2024-01-27T08:41:24.798+0000] {processor.py:161} INFO - Started process (PID=51) to work on /home/airflow/.local/lib/python3.8/site-packages/airflow/example_dags/example_skip_dag.py
[2024-01-27T08:41:24.799+0000] {processor.py:830} INFO - Processing file /home/airflow/.local/lib/python3.8/site-packages/airflow/example_dags/example_skip_dag.py for tasks to queue
[2024-01-27T08:41:24.800+0000] {logging_mixin.py:188} INFO - [2024-01-27T08:41:24.800+0000] {dagbag.py:538} INFO - Filling up the DagBag from /home/airflow/.local/lib/python3.8/site-packages/airflow/example_dags/example_skip_dag.py
[2024-01-27T08:41:24.806+0000] {processor.py:840} INFO - DAG(s) 'example_skip_dag' retrieved from /home/airflow/.local/lib/python3.8/site-packages/airflow/example_dags/example_skip_dag.py
[2024-01-27T08:41:24.814+0000] {logging_mixin.py:188} INFO - [2024-01-27T08:41:24.814+0000] {dag.py:3036} INFO - Sync 1 DAGs
[2024-01-27T08:41:24.833+0000] {logging_mixin.py:188} INFO - [2024-01-27T08:41:24.833+0000] {dag.py:3823} INFO - Setting next_dagrun for example_skip_dag to 2024-01-26 00:00:00+00:00, run_after=2024-01-27 00:00:00+00:00
[2024-01-27T08:41:24.854+0000] {processor.py:183} INFO - Processing /home/airflow/.local/lib/python3.8/site-packages/airflow/example_dags/example_skip_dag.py took 0.058 seconds
[2024-01-27T08:41:55.334+0000] {processor.py:161} INFO - Started process (PID=107) to work on /home/airflow/.local/lib/python3.8/site-packages/airflow/example_dags/example_skip_dag.py
[2024-01-27T08:41:55.335+0000] {processor.py:830} INFO - Processing file /home/airflow/.local/lib/python3.8/site-packages/airflow/example_dags/example_skip_dag.py for tasks to queue
[2024-01-27T08:41:55.336+0000] {logging_mixin.py:188} INFO - [2024-01-27T08:41:55.336+0000] {dagbag.py:538} INFO - Filling up the DagBag from /home/airflow/.local/lib/python3.8/site-packages/airflow/example_dags/example_skip_dag.py
[2024-01-27T08:41:55.340+0000] {processor.py:840} INFO - DAG(s) 'example_skip_dag' retrieved from /home/airflow/.local/lib/python3.8/site-packages/airflow/example_dags/example_skip_dag.py
[2024-01-27T08:41:55.415+0000] {logging_mixin.py:188} INFO - [2024-01-27T08:41:55.415+0000] {dag.py:3036} INFO - Sync 1 DAGs
[2024-01-27T08:41:55.435+0000] {logging_mixin.py:188} INFO - [2024-01-27T08:41:55.435+0000] {dag.py:3823} INFO - Setting next_dagrun for example_skip_dag to 2024-01-26 00:00:00+00:00, run_after=2024-01-27 00:00:00+00:00
[2024-01-27T08:41:55.451+0000] {processor.py:183} INFO - Processing /home/airflow/.local/lib/python3.8/site-packages/airflow/example_dags/example_skip_dag.py took 0.119 seconds
[2024-01-27T08:42:26.057+0000] {processor.py:161} INFO - Started process (PID=162) to work on /home/airflow/.local/lib/python3.8/site-packages/airflow/example_dags/example_skip_dag.py
[2024-01-27T08:42:26.057+0000] {processor.py:830} INFO - Processing file /home/airflow/.local/lib/python3.8/site-packages/airflow/example_dags/example_skip_dag.py for tasks to queue
[2024-01-27T08:42:26.058+0000] {logging_mixin.py:188} INFO - [2024-01-27T08:42:26.058+0000] {dagbag.py:538} INFO - Filling up the DagBag from /home/airflow/.local/lib/python3.8/site-packages/airflow/example_dags/example_skip_dag.py
[2024-01-27T08:42:26.063+0000] {processor.py:840} INFO - DAG(s) 'example_skip_dag' retrieved from /home/airflow/.local/lib/python3.8/site-packages/airflow/example_dags/example_skip_dag.py
[2024-01-27T08:42:26.079+0000] {logging_mixin.py:188} INFO - [2024-01-27T08:42:26.079+0000] {dag.py:3036} INFO - Sync 1 DAGs
[2024-01-27T08:42:26.096+0000] {logging_mixin.py:188} INFO - [2024-01-27T08:42:26.096+0000] {dag.py:3823} INFO - Setting next_dagrun for example_skip_dag to 2024-01-26 00:00:00+00:00, run_after=2024-01-27 00:00:00+00:00
[2024-01-27T08:42:26.113+0000] {processor.py:183} INFO - Processing /home/airflow/.local/lib/python3.8/site-packages/airflow/example_dags/example_skip_dag.py took 0.059 seconds
[2024-01-27T08:42:56.128+0000] {processor.py:161} INFO - Started process (PID=217) to work on /home/airflow/.local/lib/python3.8/site-packages/airflow/example_dags/example_skip_dag.py
[2024-01-27T08:42:56.128+0000] {processor.py:830} INFO - Processing file /home/airflow/.local/lib/python3.8/site-packages/airflow/example_dags/example_skip_dag.py for tasks to queue
[2024-01-27T08:42:56.129+0000] {logging_mixin.py:188} INFO - [2024-01-27T08:42:56.129+0000] {dagbag.py:538} INFO - Filling up the DagBag from /home/airflow/.local/lib/python3.8/site-packages/airflow/example_dags/example_skip_dag.py
[2024-01-27T08:42:56.133+0000] {processor.py:840} INFO - DAG(s) 'example_skip_dag' retrieved from /home/airflow/.local/lib/python3.8/site-packages/airflow/example_dags/example_skip_dag.py
[2024-01-27T08:42:56.147+0000] {logging_mixin.py:188} INFO - [2024-01-27T08:42:56.147+0000] {dag.py:3036} INFO - Sync 1 DAGs
[2024-01-27T08:42:56.161+0000] {logging_mixin.py:188} INFO - [2024-01-27T08:42:56.161+0000] {dag.py:3823} INFO - Setting next_dagrun for example_skip_dag to 2024-01-26 00:00:00+00:00, run_after=2024-01-27 00:00:00+00:00
[2024-01-27T08:42:56.172+0000] {processor.py:183} INFO - Processing /home/airflow/.local/lib/python3.8/site-packages/airflow/example_dags/example_skip_dag.py took 0.047 seconds
[2024-01-27T08:43:26.286+0000] {processor.py:161} INFO - Started process (PID=273) to work on /home/airflow/.local/lib/python3.8/site-packages/airflow/example_dags/example_skip_dag.py
[2024-01-27T08:43:26.286+0000] {processor.py:830} INFO - Processing file /home/airflow/.local/lib/python3.8/site-packages/airflow/example_dags/example_skip_dag.py for tasks to queue
[2024-01-27T08:43:26.287+0000] {logging_mixin.py:188} INFO - [2024-01-27T08:43:26.287+0000] {dagbag.py:538} INFO - Filling up the DagBag from /home/airflow/.local/lib/python3.8/site-packages/airflow/example_dags/example_skip_dag.py
[2024-01-27T08:43:26.292+0000] {processor.py:840} INFO - DAG(s) 'example_skip_dag' retrieved from /home/airflow/.local/lib/python3.8/site-packages/airflow/example_dags/example_skip_dag.py
[2024-01-27T08:43:26.306+0000] {logging_mixin.py:188} INFO - [2024-01-27T08:43:26.306+0000] {dag.py:3036} INFO - Sync 1 DAGs
[2024-01-27T08:43:26.327+0000] {logging_mixin.py:188} INFO - [2024-01-27T08:43:26.327+0000] {dag.py:3823} INFO - Setting next_dagrun for example_skip_dag to 2024-01-26 00:00:00+00:00, run_after=2024-01-27 00:00:00+00:00
[2024-01-27T08:43:26.343+0000] {processor.py:183} INFO - Processing /home/airflow/.local/lib/python3.8/site-packages/airflow/example_dags/example_skip_dag.py took 0.059 seconds
[2024-01-27T08:43:56.548+0000] {processor.py:161} INFO - Started process (PID=328) to work on /home/airflow/.local/lib/python3.8/site-packages/airflow/example_dags/example_skip_dag.py
[2024-01-27T08:43:56.548+0000] {processor.py:830} INFO - Processing file /home/airflow/.local/lib/python3.8/site-packages/airflow/example_dags/example_skip_dag.py for tasks to queue
[2024-01-27T08:43:56.549+0000] {logging_mixin.py:188} INFO - [2024-01-27T08:43:56.549+0000] {dagbag.py:538} INFO - Filling up the DagBag from /home/airflow/.local/lib/python3.8/site-packages/airflow/example_dags/example_skip_dag.py
[2024-01-27T08:43:56.554+0000] {processor.py:840} INFO - DAG(s) 'example_skip_dag' retrieved from /home/airflow/.local/lib/python3.8/site-packages/airflow/example_dags/example_skip_dag.py
[2024-01-27T08:43:56.570+0000] {logging_mixin.py:188} INFO - [2024-01-27T08:43:56.570+0000] {dag.py:3036} INFO - Sync 1 DAGs
[2024-01-27T08:43:56.585+0000] {logging_mixin.py:188} INFO - [2024-01-27T08:43:56.585+0000] {dag.py:3823} INFO - Setting next_dagrun for example_skip_dag to 2024-01-26 00:00:00+00:00, run_after=2024-01-27 00:00:00+00:00
[2024-01-27T08:43:56.599+0000] {processor.py:183} INFO - Processing /home/airflow/.local/lib/python3.8/site-packages/airflow/example_dags/example_skip_dag.py took 0.053 seconds
[2024-01-27T08:44:26.889+0000] {processor.py:161} INFO - Started process (PID=383) to work on /home/airflow/.local/lib/python3.8/site-packages/airflow/example_dags/example_skip_dag.py
[2024-01-27T08:44:26.890+0000] {processor.py:830} INFO - Processing file /home/airflow/.local/lib/python3.8/site-packages/airflow/example_dags/example_skip_dag.py for tasks to queue
[2024-01-27T08:44:26.891+0000] {logging_mixin.py:188} INFO - [2024-01-27T08:44:26.890+0000] {dagbag.py:538} INFO - Filling up the DagBag from /home/airflow/.local/lib/python3.8/site-packages/airflow/example_dags/example_skip_dag.py
[2024-01-27T08:44:26.895+0000] {processor.py:840} INFO - DAG(s) 'example_skip_dag' retrieved from /home/airflow/.local/lib/python3.8/site-packages/airflow/example_dags/example_skip_dag.py
[2024-01-27T08:44:26.910+0000] {logging_mixin.py:188} INFO - [2024-01-27T08:44:26.909+0000] {dag.py:3036} INFO - Sync 1 DAGs
[2024-01-27T08:44:26.924+0000] {logging_mixin.py:188} INFO - [2024-01-27T08:44:26.924+0000] {dag.py:3823} INFO - Setting next_dagrun for example_skip_dag to 2024-01-26 00:00:00+00:00, run_after=2024-01-27 00:00:00+00:00
[2024-01-27T08:44:26.936+0000] {processor.py:183} INFO - Processing /home/airflow/.local/lib/python3.8/site-packages/airflow/example_dags/example_skip_dag.py took 0.049 seconds
[2024-01-27T08:44:56.995+0000] {processor.py:161} INFO - Started process (PID=438) to work on /home/airflow/.local/lib/python3.8/site-packages/airflow/example_dags/example_skip_dag.py
[2024-01-27T08:44:56.995+0000] {processor.py:830} INFO - Processing file /home/airflow/.local/lib/python3.8/site-packages/airflow/example_dags/example_skip_dag.py for tasks to queue
[2024-01-27T08:44:56.997+0000] {logging_mixin.py:188} INFO - [2024-01-27T08:44:56.996+0000] {dagbag.py:538} INFO - Filling up the DagBag from /home/airflow/.local/lib/python3.8/site-packages/airflow/example_dags/example_skip_dag.py
[2024-01-27T08:44:57.001+0000] {processor.py:840} INFO - DAG(s) 'example_skip_dag' retrieved from /home/airflow/.local/lib/python3.8/site-packages/airflow/example_dags/example_skip_dag.py
[2024-01-27T08:44:57.015+0000] {logging_mixin.py:188} INFO - [2024-01-27T08:44:57.015+0000] {dag.py:3036} INFO - Sync 1 DAGs
[2024-01-27T08:44:57.029+0000] {logging_mixin.py:188} INFO - [2024-01-27T08:44:57.029+0000] {dag.py:3823} INFO - Setting next_dagrun for example_skip_dag to 2024-01-26 00:00:00+00:00, run_after=2024-01-27 00:00:00+00:00
[2024-01-27T08:44:57.040+0000] {processor.py:183} INFO - Processing /home/airflow/.local/lib/python3.8/site-packages/airflow/example_dags/example_skip_dag.py took 0.047 seconds
