[2024-01-27T08:41:25.478+0000] {processor.py:161} INFO - Started process (PID=64) to work on /home/airflow/.local/lib/python3.8/site-packages/airflow/example_dags/example_task_group.py
[2024-01-27T08:41:25.478+0000] {processor.py:830} INFO - Processing file /home/airflow/.local/lib/python3.8/site-packages/airflow/example_dags/example_task_group.py for tasks to queue
[2024-01-27T08:41:25.480+0000] {logging_mixin.py:188} INFO - [2024-01-27T08:41:25.479+0000] {dagbag.py:538} INFO - Filling up the DagBag from /home/airflow/.local/lib/python3.8/site-packages/airflow/example_dags/example_task_group.py
[2024-01-27T08:41:25.485+0000] {processor.py:840} INFO - DAG(s) 'example_task_group' retrieved from /home/airflow/.local/lib/python3.8/site-packages/airflow/example_dags/example_task_group.py
[2024-01-27T08:41:25.495+0000] {logging_mixin.py:188} INFO - [2024-01-27T08:41:25.495+0000] {dag.py:3036} INFO - Sync 1 DAGs
[2024-01-27T08:41:25.522+0000] {logging_mixin.py:188} INFO - [2024-01-27T08:41:25.522+0000] {dag.py:3823} INFO - Setting next_dagrun for example_task_group to 2024-01-26 00:00:00+00:00, run_after=2024-01-27 00:00:00+00:00
[2024-01-27T08:41:25.546+0000] {processor.py:183} INFO - Processing /home/airflow/.local/lib/python3.8/site-packages/airflow/example_dags/example_task_group.py took 0.071 seconds
[2024-01-27T08:41:56.177+0000] {processor.py:161} INFO - Started process (PID=120) to work on /home/airflow/.local/lib/python3.8/site-packages/airflow/example_dags/example_task_group.py
[2024-01-27T08:41:56.177+0000] {processor.py:830} INFO - Processing file /home/airflow/.local/lib/python3.8/site-packages/airflow/example_dags/example_task_group.py for tasks to queue
[2024-01-27T08:41:56.178+0000] {logging_mixin.py:188} INFO - [2024-01-27T08:41:56.178+0000] {dagbag.py:538} INFO - Filling up the DagBag from /home/airflow/.local/lib/python3.8/site-packages/airflow/example_dags/example_task_group.py
[2024-01-27T08:41:56.183+0000] {processor.py:840} INFO - DAG(s) 'example_task_group' retrieved from /home/airflow/.local/lib/python3.8/site-packages/airflow/example_dags/example_task_group.py
[2024-01-27T08:41:56.255+0000] {logging_mixin.py:188} INFO - [2024-01-27T08:41:56.255+0000] {dag.py:3036} INFO - Sync 1 DAGs
[2024-01-27T08:41:56.269+0000] {logging_mixin.py:188} INFO - [2024-01-27T08:41:56.269+0000] {dag.py:3823} INFO - Setting next_dagrun for example_task_group to 2024-01-26 00:00:00+00:00, run_after=2024-01-27 00:00:00+00:00
[2024-01-27T08:41:56.280+0000] {processor.py:183} INFO - Processing /home/airflow/.local/lib/python3.8/site-packages/airflow/example_dags/example_task_group.py took 0.106 seconds
[2024-01-27T08:42:26.576+0000] {processor.py:161} INFO - Started process (PID=175) to work on /home/airflow/.local/lib/python3.8/site-packages/airflow/example_dags/example_task_group.py
[2024-01-27T08:42:26.577+0000] {processor.py:830} INFO - Processing file /home/airflow/.local/lib/python3.8/site-packages/airflow/example_dags/example_task_group.py for tasks to queue
[2024-01-27T08:42:26.578+0000] {logging_mixin.py:188} INFO - [2024-01-27T08:42:26.578+0000] {dagbag.py:538} INFO - Filling up the DagBag from /home/airflow/.local/lib/python3.8/site-packages/airflow/example_dags/example_task_group.py
[2024-01-27T08:42:26.584+0000] {processor.py:840} INFO - DAG(s) 'example_task_group' retrieved from /home/airflow/.local/lib/python3.8/site-packages/airflow/example_dags/example_task_group.py
[2024-01-27T08:42:26.600+0000] {logging_mixin.py:188} INFO - [2024-01-27T08:42:26.599+0000] {dag.py:3036} INFO - Sync 1 DAGs
[2024-01-27T08:42:26.616+0000] {logging_mixin.py:188} INFO - [2024-01-27T08:42:26.616+0000] {dag.py:3823} INFO - Setting next_dagrun for example_task_group to 2024-01-26 00:00:00+00:00, run_after=2024-01-27 00:00:00+00:00
[2024-01-27T08:42:26.629+0000] {processor.py:183} INFO - Processing /home/airflow/.local/lib/python3.8/site-packages/airflow/example_dags/example_task_group.py took 0.056 seconds
[2024-01-27T08:42:56.729+0000] {processor.py:161} INFO - Started process (PID=230) to work on /home/airflow/.local/lib/python3.8/site-packages/airflow/example_dags/example_task_group.py
[2024-01-27T08:42:56.730+0000] {processor.py:830} INFO - Processing file /home/airflow/.local/lib/python3.8/site-packages/airflow/example_dags/example_task_group.py for tasks to queue
[2024-01-27T08:42:56.731+0000] {logging_mixin.py:188} INFO - [2024-01-27T08:42:56.731+0000] {dagbag.py:538} INFO - Filling up the DagBag from /home/airflow/.local/lib/python3.8/site-packages/airflow/example_dags/example_task_group.py
[2024-01-27T08:42:56.735+0000] {processor.py:840} INFO - DAG(s) 'example_task_group' retrieved from /home/airflow/.local/lib/python3.8/site-packages/airflow/example_dags/example_task_group.py
[2024-01-27T08:42:56.750+0000] {logging_mixin.py:188} INFO - [2024-01-27T08:42:56.749+0000] {dag.py:3036} INFO - Sync 1 DAGs
[2024-01-27T08:42:56.765+0000] {logging_mixin.py:188} INFO - [2024-01-27T08:42:56.765+0000] {dag.py:3823} INFO - Setting next_dagrun for example_task_group to 2024-01-26 00:00:00+00:00, run_after=2024-01-27 00:00:00+00:00
[2024-01-27T08:42:56.778+0000] {processor.py:183} INFO - Processing /home/airflow/.local/lib/python3.8/site-packages/airflow/example_dags/example_task_group.py took 0.051 seconds
[2024-01-27T08:43:26.880+0000] {processor.py:161} INFO - Started process (PID=286) to work on /home/airflow/.local/lib/python3.8/site-packages/airflow/example_dags/example_task_group.py
[2024-01-27T08:43:26.881+0000] {processor.py:830} INFO - Processing file /home/airflow/.local/lib/python3.8/site-packages/airflow/example_dags/example_task_group.py for tasks to queue
[2024-01-27T08:43:26.882+0000] {logging_mixin.py:188} INFO - [2024-01-27T08:43:26.882+0000] {dagbag.py:538} INFO - Filling up the DagBag from /home/airflow/.local/lib/python3.8/site-packages/airflow/example_dags/example_task_group.py
[2024-01-27T08:43:26.886+0000] {processor.py:840} INFO - DAG(s) 'example_task_group' retrieved from /home/airflow/.local/lib/python3.8/site-packages/airflow/example_dags/example_task_group.py
[2024-01-27T08:43:26.901+0000] {logging_mixin.py:188} INFO - [2024-01-27T08:43:26.900+0000] {dag.py:3036} INFO - Sync 1 DAGs
[2024-01-27T08:43:26.918+0000] {logging_mixin.py:188} INFO - [2024-01-27T08:43:26.918+0000] {dag.py:3823} INFO - Setting next_dagrun for example_task_group to 2024-01-26 00:00:00+00:00, run_after=2024-01-27 00:00:00+00:00
[2024-01-27T08:43:26.932+0000] {processor.py:183} INFO - Processing /home/airflow/.local/lib/python3.8/site-packages/airflow/example_dags/example_task_group.py took 0.054 seconds
[2024-01-27T08:43:57.121+0000] {processor.py:161} INFO - Started process (PID=341) to work on /home/airflow/.local/lib/python3.8/site-packages/airflow/example_dags/example_task_group.py
[2024-01-27T08:43:57.122+0000] {processor.py:830} INFO - Processing file /home/airflow/.local/lib/python3.8/site-packages/airflow/example_dags/example_task_group.py for tasks to queue
[2024-01-27T08:43:57.123+0000] {logging_mixin.py:188} INFO - [2024-01-27T08:43:57.123+0000] {dagbag.py:538} INFO - Filling up the DagBag from /home/airflow/.local/lib/python3.8/site-packages/airflow/example_dags/example_task_group.py
[2024-01-27T08:43:57.128+0000] {processor.py:840} INFO - DAG(s) 'example_task_group' retrieved from /home/airflow/.local/lib/python3.8/site-packages/airflow/example_dags/example_task_group.py
[2024-01-27T08:43:57.143+0000] {logging_mixin.py:188} INFO - [2024-01-27T08:43:57.142+0000] {dag.py:3036} INFO - Sync 1 DAGs
[2024-01-27T08:43:57.158+0000] {logging_mixin.py:188} INFO - [2024-01-27T08:43:57.158+0000] {dag.py:3823} INFO - Setting next_dagrun for example_task_group to 2024-01-26 00:00:00+00:00, run_after=2024-01-27 00:00:00+00:00
[2024-01-27T08:43:57.170+0000] {processor.py:183} INFO - Processing /home/airflow/.local/lib/python3.8/site-packages/airflow/example_dags/example_task_group.py took 0.051 seconds
[2024-01-27T08:44:27.547+0000] {processor.py:161} INFO - Started process (PID=396) to work on /home/airflow/.local/lib/python3.8/site-packages/airflow/example_dags/example_task_group.py
[2024-01-27T08:44:27.548+0000] {processor.py:830} INFO - Processing file /home/airflow/.local/lib/python3.8/site-packages/airflow/example_dags/example_task_group.py for tasks to queue
[2024-01-27T08:44:27.549+0000] {logging_mixin.py:188} INFO - [2024-01-27T08:44:27.548+0000] {dagbag.py:538} INFO - Filling up the DagBag from /home/airflow/.local/lib/python3.8/site-packages/airflow/example_dags/example_task_group.py
[2024-01-27T08:44:27.553+0000] {processor.py:840} INFO - DAG(s) 'example_task_group' retrieved from /home/airflow/.local/lib/python3.8/site-packages/airflow/example_dags/example_task_group.py
[2024-01-27T08:44:27.568+0000] {logging_mixin.py:188} INFO - [2024-01-27T08:44:27.568+0000] {dag.py:3036} INFO - Sync 1 DAGs
[2024-01-27T08:44:27.583+0000] {logging_mixin.py:188} INFO - [2024-01-27T08:44:27.583+0000] {dag.py:3823} INFO - Setting next_dagrun for example_task_group to 2024-01-26 00:00:00+00:00, run_after=2024-01-27 00:00:00+00:00
[2024-01-27T08:44:27.595+0000] {processor.py:183} INFO - Processing /home/airflow/.local/lib/python3.8/site-packages/airflow/example_dags/example_task_group.py took 0.050 seconds
[2024-01-27T08:44:58.573+0000] {processor.py:161} INFO - Started process (PID=451) to work on /home/airflow/.local/lib/python3.8/site-packages/airflow/example_dags/example_task_group.py
[2024-01-27T08:44:58.573+0000] {processor.py:830} INFO - Processing file /home/airflow/.local/lib/python3.8/site-packages/airflow/example_dags/example_task_group.py for tasks to queue
[2024-01-27T08:44:58.574+0000] {logging_mixin.py:188} INFO - [2024-01-27T08:44:58.574+0000] {dagbag.py:538} INFO - Filling up the DagBag from /home/airflow/.local/lib/python3.8/site-packages/airflow/example_dags/example_task_group.py
[2024-01-27T08:44:58.579+0000] {processor.py:840} INFO - DAG(s) 'example_task_group' retrieved from /home/airflow/.local/lib/python3.8/site-packages/airflow/example_dags/example_task_group.py
[2024-01-27T08:44:58.593+0000] {logging_mixin.py:188} INFO - [2024-01-27T08:44:58.593+0000] {dag.py:3036} INFO - Sync 1 DAGs
[2024-01-27T08:44:58.609+0000] {logging_mixin.py:188} INFO - [2024-01-27T08:44:58.609+0000] {dag.py:3823} INFO - Setting next_dagrun for example_task_group to 2024-01-26 00:00:00+00:00, run_after=2024-01-27 00:00:00+00:00
[2024-01-27T08:44:58.621+0000] {processor.py:183} INFO - Processing /home/airflow/.local/lib/python3.8/site-packages/airflow/example_dags/example_task_group.py took 0.050 seconds
