[2024-01-27T08:41:25.900+0000] {processor.py:161} INFO - Started process (PID=73) to work on /home/airflow/.local/lib/python3.8/site-packages/airflow/example_dags/example_python_operator.py
[2024-01-27T08:41:25.901+0000] {processor.py:830} INFO - Processing file /home/airflow/.local/lib/python3.8/site-packages/airflow/example_dags/example_python_operator.py for tasks to queue
[2024-01-27T08:41:25.902+0000] {logging_mixin.py:188} INFO - [2024-01-27T08:41:25.901+0000] {dagbag.py:538} INFO - Filling up the DagBag from /home/airflow/.local/lib/python3.8/site-packages/airflow/example_dags/example_python_operator.py
[2024-01-27T08:41:25.909+0000] {processor.py:840} INFO - DAG(s) 'example_python_operator' retrieved from /home/airflow/.local/lib/python3.8/site-packages/airflow/example_dags/example_python_operator.py
[2024-01-27T08:41:25.919+0000] {logging_mixin.py:188} INFO - [2024-01-27T08:41:25.919+0000] {dag.py:3036} INFO - Sync 1 DAGs
[2024-01-27T08:41:25.933+0000] {logging_mixin.py:188} INFO - [2024-01-27T08:41:25.933+0000] {dag.py:3823} INFO - Setting next_dagrun for example_python_operator to None, run_after=None
[2024-01-27T08:41:25.955+0000] {processor.py:183} INFO - Processing /home/airflow/.local/lib/python3.8/site-packages/airflow/example_dags/example_python_operator.py took 0.057 seconds
[2024-01-27T08:41:56.775+0000] {processor.py:161} INFO - Started process (PID=129) to work on /home/airflow/.local/lib/python3.8/site-packages/airflow/example_dags/example_python_operator.py
[2024-01-27T08:41:56.775+0000] {processor.py:830} INFO - Processing file /home/airflow/.local/lib/python3.8/site-packages/airflow/example_dags/example_python_operator.py for tasks to queue
[2024-01-27T08:41:56.776+0000] {logging_mixin.py:188} INFO - [2024-01-27T08:41:56.776+0000] {dagbag.py:538} INFO - Filling up the DagBag from /home/airflow/.local/lib/python3.8/site-packages/airflow/example_dags/example_python_operator.py
[2024-01-27T08:41:56.783+0000] {processor.py:840} INFO - DAG(s) 'example_python_operator' retrieved from /home/airflow/.local/lib/python3.8/site-packages/airflow/example_dags/example_python_operator.py
[2024-01-27T08:41:56.850+0000] {logging_mixin.py:188} INFO - [2024-01-27T08:41:56.850+0000] {dag.py:3036} INFO - Sync 1 DAGs
[2024-01-27T08:41:56.857+0000] {logging_mixin.py:188} INFO - [2024-01-27T08:41:56.857+0000] {dag.py:3823} INFO - Setting next_dagrun for example_python_operator to None, run_after=None
[2024-01-27T08:41:56.869+0000] {processor.py:183} INFO - Processing /home/airflow/.local/lib/python3.8/site-packages/airflow/example_dags/example_python_operator.py took 0.096 seconds
[2024-01-27T08:42:26.917+0000] {processor.py:161} INFO - Started process (PID=184) to work on /home/airflow/.local/lib/python3.8/site-packages/airflow/example_dags/example_python_operator.py
[2024-01-27T08:42:26.918+0000] {processor.py:830} INFO - Processing file /home/airflow/.local/lib/python3.8/site-packages/airflow/example_dags/example_python_operator.py for tasks to queue
[2024-01-27T08:42:26.919+0000] {logging_mixin.py:188} INFO - [2024-01-27T08:42:26.919+0000] {dagbag.py:538} INFO - Filling up the DagBag from /home/airflow/.local/lib/python3.8/site-packages/airflow/example_dags/example_python_operator.py
[2024-01-27T08:42:26.925+0000] {processor.py:840} INFO - DAG(s) 'example_python_operator' retrieved from /home/airflow/.local/lib/python3.8/site-packages/airflow/example_dags/example_python_operator.py
[2024-01-27T08:42:26.940+0000] {logging_mixin.py:188} INFO - [2024-01-27T08:42:26.940+0000] {dag.py:3036} INFO - Sync 1 DAGs
[2024-01-27T08:42:26.948+0000] {logging_mixin.py:188} INFO - [2024-01-27T08:42:26.948+0000] {dag.py:3823} INFO - Setting next_dagrun for example_python_operator to None, run_after=None
[2024-01-27T08:42:26.959+0000] {processor.py:183} INFO - Processing /home/airflow/.local/lib/python3.8/site-packages/airflow/example_dags/example_python_operator.py took 0.044 seconds
[2024-01-27T08:42:57.050+0000] {processor.py:161} INFO - Started process (PID=239) to work on /home/airflow/.local/lib/python3.8/site-packages/airflow/example_dags/example_python_operator.py
[2024-01-27T08:42:57.051+0000] {processor.py:830} INFO - Processing file /home/airflow/.local/lib/python3.8/site-packages/airflow/example_dags/example_python_operator.py for tasks to queue
[2024-01-27T08:42:57.052+0000] {logging_mixin.py:188} INFO - [2024-01-27T08:42:57.052+0000] {dagbag.py:538} INFO - Filling up the DagBag from /home/airflow/.local/lib/python3.8/site-packages/airflow/example_dags/example_python_operator.py
[2024-01-27T08:42:57.058+0000] {processor.py:840} INFO - DAG(s) 'example_python_operator' retrieved from /home/airflow/.local/lib/python3.8/site-packages/airflow/example_dags/example_python_operator.py
[2024-01-27T08:42:57.072+0000] {logging_mixin.py:188} INFO - [2024-01-27T08:42:57.072+0000] {dag.py:3036} INFO - Sync 1 DAGs
[2024-01-27T08:42:57.080+0000] {logging_mixin.py:188} INFO - [2024-01-27T08:42:57.080+0000] {dag.py:3823} INFO - Setting next_dagrun for example_python_operator to None, run_after=None
[2024-01-27T08:42:57.091+0000] {processor.py:183} INFO - Processing /home/airflow/.local/lib/python3.8/site-packages/airflow/example_dags/example_python_operator.py took 0.043 seconds
[2024-01-27T08:43:27.209+0000] {processor.py:161} INFO - Started process (PID=295) to work on /home/airflow/.local/lib/python3.8/site-packages/airflow/example_dags/example_python_operator.py
[2024-01-27T08:43:27.209+0000] {processor.py:830} INFO - Processing file /home/airflow/.local/lib/python3.8/site-packages/airflow/example_dags/example_python_operator.py for tasks to queue
[2024-01-27T08:43:27.210+0000] {logging_mixin.py:188} INFO - [2024-01-27T08:43:27.210+0000] {dagbag.py:538} INFO - Filling up the DagBag from /home/airflow/.local/lib/python3.8/site-packages/airflow/example_dags/example_python_operator.py
[2024-01-27T08:43:27.218+0000] {processor.py:840} INFO - DAG(s) 'example_python_operator' retrieved from /home/airflow/.local/lib/python3.8/site-packages/airflow/example_dags/example_python_operator.py
[2024-01-27T08:43:27.231+0000] {logging_mixin.py:188} INFO - [2024-01-27T08:43:27.231+0000] {dag.py:3036} INFO - Sync 1 DAGs
[2024-01-27T08:43:27.239+0000] {logging_mixin.py:188} INFO - [2024-01-27T08:43:27.239+0000] {dag.py:3823} INFO - Setting next_dagrun for example_python_operator to None, run_after=None
[2024-01-27T08:43:27.250+0000] {processor.py:183} INFO - Processing /home/airflow/.local/lib/python3.8/site-packages/airflow/example_dags/example_python_operator.py took 0.043 seconds
[2024-01-27T08:43:57.416+0000] {processor.py:161} INFO - Started process (PID=350) to work on /home/airflow/.local/lib/python3.8/site-packages/airflow/example_dags/example_python_operator.py
[2024-01-27T08:43:57.417+0000] {processor.py:830} INFO - Processing file /home/airflow/.local/lib/python3.8/site-packages/airflow/example_dags/example_python_operator.py for tasks to queue
[2024-01-27T08:43:57.418+0000] {logging_mixin.py:188} INFO - [2024-01-27T08:43:57.417+0000] {dagbag.py:538} INFO - Filling up the DagBag from /home/airflow/.local/lib/python3.8/site-packages/airflow/example_dags/example_python_operator.py
[2024-01-27T08:43:57.424+0000] {processor.py:840} INFO - DAG(s) 'example_python_operator' retrieved from /home/airflow/.local/lib/python3.8/site-packages/airflow/example_dags/example_python_operator.py
[2024-01-27T08:43:57.439+0000] {logging_mixin.py:188} INFO - [2024-01-27T08:43:57.439+0000] {dag.py:3036} INFO - Sync 1 DAGs
[2024-01-27T08:43:57.448+0000] {logging_mixin.py:188} INFO - [2024-01-27T08:43:57.448+0000] {dag.py:3823} INFO - Setting next_dagrun for example_python_operator to None, run_after=None
[2024-01-27T08:43:57.460+0000] {processor.py:183} INFO - Processing /home/airflow/.local/lib/python3.8/site-packages/airflow/example_dags/example_python_operator.py took 0.046 seconds
[2024-01-27T08:44:27.883+0000] {processor.py:161} INFO - Started process (PID=405) to work on /home/airflow/.local/lib/python3.8/site-packages/airflow/example_dags/example_python_operator.py
[2024-01-27T08:44:27.884+0000] {processor.py:830} INFO - Processing file /home/airflow/.local/lib/python3.8/site-packages/airflow/example_dags/example_python_operator.py for tasks to queue
[2024-01-27T08:44:27.885+0000] {logging_mixin.py:188} INFO - [2024-01-27T08:44:27.885+0000] {dagbag.py:538} INFO - Filling up the DagBag from /home/airflow/.local/lib/python3.8/site-packages/airflow/example_dags/example_python_operator.py
[2024-01-27T08:44:27.893+0000] {processor.py:840} INFO - DAG(s) 'example_python_operator' retrieved from /home/airflow/.local/lib/python3.8/site-packages/airflow/example_dags/example_python_operator.py
[2024-01-27T08:44:27.911+0000] {logging_mixin.py:188} INFO - [2024-01-27T08:44:27.911+0000] {dag.py:3036} INFO - Sync 1 DAGs
[2024-01-27T08:44:27.921+0000] {logging_mixin.py:188} INFO - [2024-01-27T08:44:27.920+0000] {dag.py:3823} INFO - Setting next_dagrun for example_python_operator to None, run_after=None
[2024-01-27T08:44:27.936+0000] {processor.py:183} INFO - Processing /home/airflow/.local/lib/python3.8/site-packages/airflow/example_dags/example_python_operator.py took 0.055 seconds
[2024-01-27T08:44:58.892+0000] {processor.py:161} INFO - Started process (PID=460) to work on /home/airflow/.local/lib/python3.8/site-packages/airflow/example_dags/example_python_operator.py
[2024-01-27T08:44:58.893+0000] {processor.py:830} INFO - Processing file /home/airflow/.local/lib/python3.8/site-packages/airflow/example_dags/example_python_operator.py for tasks to queue
[2024-01-27T08:44:58.894+0000] {logging_mixin.py:188} INFO - [2024-01-27T08:44:58.894+0000] {dagbag.py:538} INFO - Filling up the DagBag from /home/airflow/.local/lib/python3.8/site-packages/airflow/example_dags/example_python_operator.py
[2024-01-27T08:44:58.901+0000] {processor.py:840} INFO - DAG(s) 'example_python_operator' retrieved from /home/airflow/.local/lib/python3.8/site-packages/airflow/example_dags/example_python_operator.py
[2024-01-27T08:44:58.915+0000] {logging_mixin.py:188} INFO - [2024-01-27T08:44:58.915+0000] {dag.py:3036} INFO - Sync 1 DAGs
[2024-01-27T08:44:58.923+0000] {logging_mixin.py:188} INFO - [2024-01-27T08:44:58.923+0000] {dag.py:3823} INFO - Setting next_dagrun for example_python_operator to None, run_after=None
[2024-01-27T08:44:58.935+0000] {processor.py:183} INFO - Processing /home/airflow/.local/lib/python3.8/site-packages/airflow/example_dags/example_python_operator.py took 0.044 seconds
