[2024-01-27T08:41:25.125+0000] {processor.py:161} INFO - Started process (PID=57) to work on /home/airflow/.local/lib/python3.8/site-packages/airflow/example_dags/example_short_circuit_operator.py
[2024-01-27T08:41:25.126+0000] {processor.py:830} INFO - Processing file /home/airflow/.local/lib/python3.8/site-packages/airflow/example_dags/example_short_circuit_operator.py for tasks to queue
[2024-01-27T08:41:25.128+0000] {logging_mixin.py:188} INFO - [2024-01-27T08:41:25.128+0000] {dagbag.py:538} INFO - Filling up the DagBag from /home/airflow/.local/lib/python3.8/site-packages/airflow/example_dags/example_short_circuit_operator.py
[2024-01-27T08:41:25.137+0000] {processor.py:840} INFO - DAG(s) 'example_short_circuit_operator' retrieved from /home/airflow/.local/lib/python3.8/site-packages/airflow/example_dags/example_short_circuit_operator.py
[2024-01-27T08:41:25.150+0000] {logging_mixin.py:188} INFO - [2024-01-27T08:41:25.149+0000] {dag.py:3036} INFO - Sync 1 DAGs
[2024-01-27T08:41:25.175+0000] {logging_mixin.py:188} INFO - [2024-01-27T08:41:25.174+0000] {dag.py:3823} INFO - Setting next_dagrun for example_short_circuit_operator to 2024-01-26 00:00:00+00:00, run_after=2024-01-27 00:00:00+00:00
[2024-01-27T08:41:25.190+0000] {processor.py:183} INFO - Processing /home/airflow/.local/lib/python3.8/site-packages/airflow/example_dags/example_short_circuit_operator.py took 0.068 seconds
[2024-01-27T08:41:55.718+0000] {processor.py:161} INFO - Started process (PID=113) to work on /home/airflow/.local/lib/python3.8/site-packages/airflow/example_dags/example_short_circuit_operator.py
[2024-01-27T08:41:55.719+0000] {processor.py:830} INFO - Processing file /home/airflow/.local/lib/python3.8/site-packages/airflow/example_dags/example_short_circuit_operator.py for tasks to queue
[2024-01-27T08:41:55.720+0000] {logging_mixin.py:188} INFO - [2024-01-27T08:41:55.720+0000] {dagbag.py:538} INFO - Filling up the DagBag from /home/airflow/.local/lib/python3.8/site-packages/airflow/example_dags/example_short_circuit_operator.py
[2024-01-27T08:41:55.725+0000] {processor.py:840} INFO - DAG(s) 'example_short_circuit_operator' retrieved from /home/airflow/.local/lib/python3.8/site-packages/airflow/example_dags/example_short_circuit_operator.py
[2024-01-27T08:41:55.803+0000] {logging_mixin.py:188} INFO - [2024-01-27T08:41:55.803+0000] {dag.py:3036} INFO - Sync 1 DAGs
[2024-01-27T08:41:55.817+0000] {logging_mixin.py:188} INFO - [2024-01-27T08:41:55.817+0000] {dag.py:3823} INFO - Setting next_dagrun for example_short_circuit_operator to 2024-01-26 00:00:00+00:00, run_after=2024-01-27 00:00:00+00:00
[2024-01-27T08:41:55.829+0000] {processor.py:183} INFO - Processing /home/airflow/.local/lib/python3.8/site-packages/airflow/example_dags/example_short_circuit_operator.py took 0.113 seconds
[2024-01-27T08:42:26.310+0000] {processor.py:161} INFO - Started process (PID=168) to work on /home/airflow/.local/lib/python3.8/site-packages/airflow/example_dags/example_short_circuit_operator.py
[2024-01-27T08:42:26.310+0000] {processor.py:830} INFO - Processing file /home/airflow/.local/lib/python3.8/site-packages/airflow/example_dags/example_short_circuit_operator.py for tasks to queue
[2024-01-27T08:42:26.312+0000] {logging_mixin.py:188} INFO - [2024-01-27T08:42:26.311+0000] {dagbag.py:538} INFO - Filling up the DagBag from /home/airflow/.local/lib/python3.8/site-packages/airflow/example_dags/example_short_circuit_operator.py
[2024-01-27T08:42:26.317+0000] {processor.py:840} INFO - DAG(s) 'example_short_circuit_operator' retrieved from /home/airflow/.local/lib/python3.8/site-packages/airflow/example_dags/example_short_circuit_operator.py
[2024-01-27T08:42:26.332+0000] {logging_mixin.py:188} INFO - [2024-01-27T08:42:26.332+0000] {dag.py:3036} INFO - Sync 1 DAGs
[2024-01-27T08:42:26.349+0000] {logging_mixin.py:188} INFO - [2024-01-27T08:42:26.349+0000] {dag.py:3823} INFO - Setting next_dagrun for example_short_circuit_operator to 2024-01-26 00:00:00+00:00, run_after=2024-01-27 00:00:00+00:00
[2024-01-27T08:42:26.361+0000] {processor.py:183} INFO - Processing /home/airflow/.local/lib/python3.8/site-packages/airflow/example_dags/example_short_circuit_operator.py took 0.053 seconds
[2024-01-27T08:42:56.442+0000] {processor.py:161} INFO - Started process (PID=223) to work on /home/airflow/.local/lib/python3.8/site-packages/airflow/example_dags/example_short_circuit_operator.py
[2024-01-27T08:42:56.443+0000] {processor.py:830} INFO - Processing file /home/airflow/.local/lib/python3.8/site-packages/airflow/example_dags/example_short_circuit_operator.py for tasks to queue
[2024-01-27T08:42:56.444+0000] {logging_mixin.py:188} INFO - [2024-01-27T08:42:56.443+0000] {dagbag.py:538} INFO - Filling up the DagBag from /home/airflow/.local/lib/python3.8/site-packages/airflow/example_dags/example_short_circuit_operator.py
[2024-01-27T08:42:56.448+0000] {processor.py:840} INFO - DAG(s) 'example_short_circuit_operator' retrieved from /home/airflow/.local/lib/python3.8/site-packages/airflow/example_dags/example_short_circuit_operator.py
[2024-01-27T08:42:56.464+0000] {logging_mixin.py:188} INFO - [2024-01-27T08:42:56.464+0000] {dag.py:3036} INFO - Sync 1 DAGs
[2024-01-27T08:42:56.478+0000] {logging_mixin.py:188} INFO - [2024-01-27T08:42:56.478+0000] {dag.py:3823} INFO - Setting next_dagrun for example_short_circuit_operator to 2024-01-26 00:00:00+00:00, run_after=2024-01-27 00:00:00+00:00
[2024-01-27T08:42:56.489+0000] {processor.py:183} INFO - Processing /home/airflow/.local/lib/python3.8/site-packages/airflow/example_dags/example_short_circuit_operator.py took 0.050 seconds
[2024-01-27T08:43:26.522+0000] {processor.py:161} INFO - Started process (PID=278) to work on /home/airflow/.local/lib/python3.8/site-packages/airflow/example_dags/example_short_circuit_operator.py
[2024-01-27T08:43:26.522+0000] {processor.py:830} INFO - Processing file /home/airflow/.local/lib/python3.8/site-packages/airflow/example_dags/example_short_circuit_operator.py for tasks to queue
[2024-01-27T08:43:26.523+0000] {logging_mixin.py:188} INFO - [2024-01-27T08:43:26.523+0000] {dagbag.py:538} INFO - Filling up the DagBag from /home/airflow/.local/lib/python3.8/site-packages/airflow/example_dags/example_short_circuit_operator.py
[2024-01-27T08:43:26.528+0000] {processor.py:840} INFO - DAG(s) 'example_short_circuit_operator' retrieved from /home/airflow/.local/lib/python3.8/site-packages/airflow/example_dags/example_short_circuit_operator.py
[2024-01-27T08:43:26.543+0000] {logging_mixin.py:188} INFO - [2024-01-27T08:43:26.543+0000] {dag.py:3036} INFO - Sync 1 DAGs
[2024-01-27T08:43:26.557+0000] {logging_mixin.py:188} INFO - [2024-01-27T08:43:26.557+0000] {dag.py:3823} INFO - Setting next_dagrun for example_short_circuit_operator to 2024-01-26 00:00:00+00:00, run_after=2024-01-27 00:00:00+00:00
[2024-01-27T08:43:26.571+0000] {processor.py:183} INFO - Processing /home/airflow/.local/lib/python3.8/site-packages/airflow/example_dags/example_short_circuit_operator.py took 0.051 seconds
[2024-01-27T08:43:56.750+0000] {processor.py:161} INFO - Started process (PID=333) to work on /home/airflow/.local/lib/python3.8/site-packages/airflow/example_dags/example_short_circuit_operator.py
[2024-01-27T08:43:56.752+0000] {processor.py:830} INFO - Processing file /home/airflow/.local/lib/python3.8/site-packages/airflow/example_dags/example_short_circuit_operator.py for tasks to queue
[2024-01-27T08:43:56.753+0000] {logging_mixin.py:188} INFO - [2024-01-27T08:43:56.753+0000] {dagbag.py:538} INFO - Filling up the DagBag from /home/airflow/.local/lib/python3.8/site-packages/airflow/example_dags/example_short_circuit_operator.py
[2024-01-27T08:43:56.759+0000] {processor.py:840} INFO - DAG(s) 'example_short_circuit_operator' retrieved from /home/airflow/.local/lib/python3.8/site-packages/airflow/example_dags/example_short_circuit_operator.py
[2024-01-27T08:43:56.780+0000] {logging_mixin.py:188} INFO - [2024-01-27T08:43:56.780+0000] {dag.py:3036} INFO - Sync 1 DAGs
[2024-01-27T08:43:56.797+0000] {logging_mixin.py:188} INFO - [2024-01-27T08:43:56.797+0000] {dag.py:3823} INFO - Setting next_dagrun for example_short_circuit_operator to 2024-01-26 00:00:00+00:00, run_after=2024-01-27 00:00:00+00:00
[2024-01-27T08:43:56.810+0000] {processor.py:183} INFO - Processing /home/airflow/.local/lib/python3.8/site-packages/airflow/example_dags/example_short_circuit_operator.py took 0.064 seconds
[2024-01-27T08:44:27.084+0000] {processor.py:161} INFO - Started process (PID=388) to work on /home/airflow/.local/lib/python3.8/site-packages/airflow/example_dags/example_short_circuit_operator.py
[2024-01-27T08:44:27.085+0000] {processor.py:830} INFO - Processing file /home/airflow/.local/lib/python3.8/site-packages/airflow/example_dags/example_short_circuit_operator.py for tasks to queue
[2024-01-27T08:44:27.086+0000] {logging_mixin.py:188} INFO - [2024-01-27T08:44:27.086+0000] {dagbag.py:538} INFO - Filling up the DagBag from /home/airflow/.local/lib/python3.8/site-packages/airflow/example_dags/example_short_circuit_operator.py
[2024-01-27T08:44:27.091+0000] {processor.py:840} INFO - DAG(s) 'example_short_circuit_operator' retrieved from /home/airflow/.local/lib/python3.8/site-packages/airflow/example_dags/example_short_circuit_operator.py
[2024-01-27T08:44:27.106+0000] {logging_mixin.py:188} INFO - [2024-01-27T08:44:27.106+0000] {dag.py:3036} INFO - Sync 1 DAGs
[2024-01-27T08:44:27.121+0000] {logging_mixin.py:188} INFO - [2024-01-27T08:44:27.121+0000] {dag.py:3823} INFO - Setting next_dagrun for example_short_circuit_operator to 2024-01-26 00:00:00+00:00, run_after=2024-01-27 00:00:00+00:00
[2024-01-27T08:44:27.135+0000] {processor.py:183} INFO - Processing /home/airflow/.local/lib/python3.8/site-packages/airflow/example_dags/example_short_circuit_operator.py took 0.052 seconds
[2024-01-27T08:44:57.194+0000] {processor.py:161} INFO - Started process (PID=443) to work on /home/airflow/.local/lib/python3.8/site-packages/airflow/example_dags/example_short_circuit_operator.py
[2024-01-27T08:44:57.195+0000] {processor.py:830} INFO - Processing file /home/airflow/.local/lib/python3.8/site-packages/airflow/example_dags/example_short_circuit_operator.py for tasks to queue
[2024-01-27T08:44:57.196+0000] {logging_mixin.py:188} INFO - [2024-01-27T08:44:57.196+0000] {dagbag.py:538} INFO - Filling up the DagBag from /home/airflow/.local/lib/python3.8/site-packages/airflow/example_dags/example_short_circuit_operator.py
[2024-01-27T08:44:57.201+0000] {processor.py:840} INFO - DAG(s) 'example_short_circuit_operator' retrieved from /home/airflow/.local/lib/python3.8/site-packages/airflow/example_dags/example_short_circuit_operator.py
[2024-01-27T08:44:57.221+0000] {logging_mixin.py:188} INFO - [2024-01-27T08:44:57.221+0000] {dag.py:3036} INFO - Sync 1 DAGs
[2024-01-27T08:44:57.240+0000] {logging_mixin.py:188} INFO - [2024-01-27T08:44:57.239+0000] {dag.py:3823} INFO - Setting next_dagrun for example_short_circuit_operator to 2024-01-26 00:00:00+00:00, run_after=2024-01-27 00:00:00+00:00
[2024-01-27T08:44:57.252+0000] {processor.py:183} INFO - Processing /home/airflow/.local/lib/python3.8/site-packages/airflow/example_dags/example_short_circuit_operator.py took 0.060 seconds
