[2024-01-27T08:41:24.194+0000] {processor.py:161} INFO - Started process (PID=38) to work on /home/airflow/.local/lib/python3.8/site-packages/airflow/example_dags/example_sla_dag.py
[2024-01-27T08:41:24.195+0000] {processor.py:830} INFO - Processing file /home/airflow/.local/lib/python3.8/site-packages/airflow/example_dags/example_sla_dag.py for tasks to queue
[2024-01-27T08:41:24.196+0000] {logging_mixin.py:188} INFO - [2024-01-27T08:41:24.196+0000] {dagbag.py:538} INFO - Filling up the DagBag from /home/airflow/.local/lib/python3.8/site-packages/airflow/example_dags/example_sla_dag.py
[2024-01-27T08:41:24.205+0000] {processor.py:840} INFO - DAG(s) 'example_sla_dag' retrieved from /home/airflow/.local/lib/python3.8/site-packages/airflow/example_dags/example_sla_dag.py
[2024-01-27T08:41:24.217+0000] {logging_mixin.py:188} INFO - [2024-01-27T08:41:24.217+0000] {dag.py:3036} INFO - Sync 1 DAGs
[2024-01-27T08:41:24.251+0000] {logging_mixin.py:188} INFO - [2024-01-27T08:41:24.250+0000] {dag.py:3823} INFO - Setting next_dagrun for example_sla_dag to 2024-01-27 08:38:00+00:00, run_after=2024-01-27 08:40:00+00:00
[2024-01-27T08:41:24.271+0000] {processor.py:183} INFO - Processing /home/airflow/.local/lib/python3.8/site-packages/airflow/example_dags/example_sla_dag.py took 0.079 seconds
[2024-01-27T08:41:54.495+0000] {processor.py:161} INFO - Started process (PID=94) to work on /home/airflow/.local/lib/python3.8/site-packages/airflow/example_dags/example_sla_dag.py
[2024-01-27T08:41:54.495+0000] {processor.py:830} INFO - Processing file /home/airflow/.local/lib/python3.8/site-packages/airflow/example_dags/example_sla_dag.py for tasks to queue
[2024-01-27T08:41:54.496+0000] {logging_mixin.py:188} INFO - [2024-01-27T08:41:54.496+0000] {dagbag.py:538} INFO - Filling up the DagBag from /home/airflow/.local/lib/python3.8/site-packages/airflow/example_dags/example_sla_dag.py
[2024-01-27T08:41:54.502+0000] {processor.py:840} INFO - DAG(s) 'example_sla_dag' retrieved from /home/airflow/.local/lib/python3.8/site-packages/airflow/example_dags/example_sla_dag.py
[2024-01-27T08:41:54.585+0000] {logging_mixin.py:188} INFO - [2024-01-27T08:41:54.585+0000] {dag.py:3036} INFO - Sync 1 DAGs
[2024-01-27T08:41:54.601+0000] {logging_mixin.py:188} INFO - [2024-01-27T08:41:54.601+0000] {dag.py:3823} INFO - Setting next_dagrun for example_sla_dag to 2024-01-27 08:38:00+00:00, run_after=2024-01-27 08:40:00+00:00
[2024-01-27T08:41:54.612+0000] {processor.py:183} INFO - Processing /home/airflow/.local/lib/python3.8/site-packages/airflow/example_dags/example_sla_dag.py took 0.120 seconds
[2024-01-27T08:42:25.558+0000] {processor.py:161} INFO - Started process (PID=149) to work on /home/airflow/.local/lib/python3.8/site-packages/airflow/example_dags/example_sla_dag.py
[2024-01-27T08:42:25.561+0000] {processor.py:830} INFO - Processing file /home/airflow/.local/lib/python3.8/site-packages/airflow/example_dags/example_sla_dag.py for tasks to queue
[2024-01-27T08:42:25.563+0000] {logging_mixin.py:188} INFO - [2024-01-27T08:42:25.562+0000] {dagbag.py:538} INFO - Filling up the DagBag from /home/airflow/.local/lib/python3.8/site-packages/airflow/example_dags/example_sla_dag.py
[2024-01-27T08:42:25.572+0000] {processor.py:840} INFO - DAG(s) 'example_sla_dag' retrieved from /home/airflow/.local/lib/python3.8/site-packages/airflow/example_dags/example_sla_dag.py
[2024-01-27T08:42:25.589+0000] {logging_mixin.py:188} INFO - [2024-01-27T08:42:25.589+0000] {dag.py:3036} INFO - Sync 1 DAGs
[2024-01-27T08:42:25.614+0000] {logging_mixin.py:188} INFO - [2024-01-27T08:42:25.613+0000] {dag.py:3823} INFO - Setting next_dagrun for example_sla_dag to 2024-01-27 08:40:00+00:00, run_after=2024-01-27 08:42:00+00:00
[2024-01-27T08:42:25.626+0000] {processor.py:183} INFO - Processing /home/airflow/.local/lib/python3.8/site-packages/airflow/example_dags/example_sla_dag.py took 0.071 seconds
[2024-01-27T08:42:55.681+0000] {processor.py:161} INFO - Started process (PID=204) to work on /home/airflow/.local/lib/python3.8/site-packages/airflow/example_dags/example_sla_dag.py
[2024-01-27T08:42:55.687+0000] {processor.py:830} INFO - Processing file /home/airflow/.local/lib/python3.8/site-packages/airflow/example_dags/example_sla_dag.py for tasks to queue
[2024-01-27T08:42:55.688+0000] {logging_mixin.py:188} INFO - [2024-01-27T08:42:55.688+0000] {dagbag.py:538} INFO - Filling up the DagBag from /home/airflow/.local/lib/python3.8/site-packages/airflow/example_dags/example_sla_dag.py
[2024-01-27T08:42:55.693+0000] {processor.py:840} INFO - DAG(s) 'example_sla_dag' retrieved from /home/airflow/.local/lib/python3.8/site-packages/airflow/example_dags/example_sla_dag.py
[2024-01-27T08:42:55.707+0000] {logging_mixin.py:188} INFO - [2024-01-27T08:42:55.707+0000] {dag.py:3036} INFO - Sync 1 DAGs
[2024-01-27T08:42:55.726+0000] {logging_mixin.py:188} INFO - [2024-01-27T08:42:55.726+0000] {dag.py:3823} INFO - Setting next_dagrun for example_sla_dag to 2024-01-27 08:40:00+00:00, run_after=2024-01-27 08:42:00+00:00
[2024-01-27T08:42:55.739+0000] {processor.py:183} INFO - Processing /home/airflow/.local/lib/python3.8/site-packages/airflow/example_dags/example_sla_dag.py took 0.061 seconds
[2024-01-27T08:43:25.823+0000] {processor.py:161} INFO - Started process (PID=260) to work on /home/airflow/.local/lib/python3.8/site-packages/airflow/example_dags/example_sla_dag.py
[2024-01-27T08:43:25.829+0000] {processor.py:830} INFO - Processing file /home/airflow/.local/lib/python3.8/site-packages/airflow/example_dags/example_sla_dag.py for tasks to queue
[2024-01-27T08:43:25.834+0000] {logging_mixin.py:188} INFO - [2024-01-27T08:43:25.833+0000] {dagbag.py:538} INFO - Filling up the DagBag from /home/airflow/.local/lib/python3.8/site-packages/airflow/example_dags/example_sla_dag.py
[2024-01-27T08:43:25.856+0000] {processor.py:840} INFO - DAG(s) 'example_sla_dag' retrieved from /home/airflow/.local/lib/python3.8/site-packages/airflow/example_dags/example_sla_dag.py
[2024-01-27T08:43:25.881+0000] {logging_mixin.py:188} INFO - [2024-01-27T08:43:25.880+0000] {dag.py:3036} INFO - Sync 1 DAGs
[2024-01-27T08:43:25.900+0000] {logging_mixin.py:188} INFO - [2024-01-27T08:43:25.900+0000] {dag.py:3823} INFO - Setting next_dagrun for example_sla_dag to 2024-01-27 08:40:00+00:00, run_after=2024-01-27 08:42:00+00:00
[2024-01-27T08:43:25.913+0000] {processor.py:183} INFO - Processing /home/airflow/.local/lib/python3.8/site-packages/airflow/example_dags/example_sla_dag.py took 0.092 seconds
[2024-01-27T08:43:56.052+0000] {processor.py:161} INFO - Started process (PID=315) to work on /home/airflow/.local/lib/python3.8/site-packages/airflow/example_dags/example_sla_dag.py
[2024-01-27T08:43:56.053+0000] {processor.py:830} INFO - Processing file /home/airflow/.local/lib/python3.8/site-packages/airflow/example_dags/example_sla_dag.py for tasks to queue
[2024-01-27T08:43:56.056+0000] {logging_mixin.py:188} INFO - [2024-01-27T08:43:56.055+0000] {dagbag.py:538} INFO - Filling up the DagBag from /home/airflow/.local/lib/python3.8/site-packages/airflow/example_dags/example_sla_dag.py
[2024-01-27T08:43:56.067+0000] {processor.py:840} INFO - DAG(s) 'example_sla_dag' retrieved from /home/airflow/.local/lib/python3.8/site-packages/airflow/example_dags/example_sla_dag.py
[2024-01-27T08:43:56.087+0000] {logging_mixin.py:188} INFO - [2024-01-27T08:43:56.087+0000] {dag.py:3036} INFO - Sync 1 DAGs
[2024-01-27T08:43:56.106+0000] {logging_mixin.py:188} INFO - [2024-01-27T08:43:56.106+0000] {dag.py:3823} INFO - Setting next_dagrun for example_sla_dag to 2024-01-27 08:40:00+00:00, run_after=2024-01-27 08:42:00+00:00
[2024-01-27T08:43:56.118+0000] {processor.py:183} INFO - Processing /home/airflow/.local/lib/python3.8/site-packages/airflow/example_dags/example_sla_dag.py took 0.071 seconds
[2024-01-27T08:44:26.325+0000] {processor.py:161} INFO - Started process (PID=370) to work on /home/airflow/.local/lib/python3.8/site-packages/airflow/example_dags/example_sla_dag.py
[2024-01-27T08:44:26.326+0000] {processor.py:830} INFO - Processing file /home/airflow/.local/lib/python3.8/site-packages/airflow/example_dags/example_sla_dag.py for tasks to queue
[2024-01-27T08:44:26.328+0000] {logging_mixin.py:188} INFO - [2024-01-27T08:44:26.327+0000] {dagbag.py:538} INFO - Filling up the DagBag from /home/airflow/.local/lib/python3.8/site-packages/airflow/example_dags/example_sla_dag.py
[2024-01-27T08:44:26.336+0000] {processor.py:840} INFO - DAG(s) 'example_sla_dag' retrieved from /home/airflow/.local/lib/python3.8/site-packages/airflow/example_dags/example_sla_dag.py
[2024-01-27T08:44:26.355+0000] {logging_mixin.py:188} INFO - [2024-01-27T08:44:26.355+0000] {dag.py:3036} INFO - Sync 1 DAGs
[2024-01-27T08:44:26.375+0000] {logging_mixin.py:188} INFO - [2024-01-27T08:44:26.375+0000] {dag.py:3823} INFO - Setting next_dagrun for example_sla_dag to 2024-01-27 08:42:00+00:00, run_after=2024-01-27 08:44:00+00:00
[2024-01-27T08:44:26.387+0000] {processor.py:183} INFO - Processing /home/airflow/.local/lib/python3.8/site-packages/airflow/example_dags/example_sla_dag.py took 0.067 seconds
[2024-01-27T08:44:56.446+0000] {processor.py:161} INFO - Started process (PID=425) to work on /home/airflow/.local/lib/python3.8/site-packages/airflow/example_dags/example_sla_dag.py
[2024-01-27T08:44:56.447+0000] {processor.py:830} INFO - Processing file /home/airflow/.local/lib/python3.8/site-packages/airflow/example_dags/example_sla_dag.py for tasks to queue
[2024-01-27T08:44:56.448+0000] {logging_mixin.py:188} INFO - [2024-01-27T08:44:56.448+0000] {dagbag.py:538} INFO - Filling up the DagBag from /home/airflow/.local/lib/python3.8/site-packages/airflow/example_dags/example_sla_dag.py
[2024-01-27T08:44:56.453+0000] {processor.py:840} INFO - DAG(s) 'example_sla_dag' retrieved from /home/airflow/.local/lib/python3.8/site-packages/airflow/example_dags/example_sla_dag.py
[2024-01-27T08:44:56.466+0000] {logging_mixin.py:188} INFO - [2024-01-27T08:44:56.465+0000] {dag.py:3036} INFO - Sync 1 DAGs
[2024-01-27T08:44:56.483+0000] {logging_mixin.py:188} INFO - [2024-01-27T08:44:56.483+0000] {dag.py:3823} INFO - Setting next_dagrun for example_sla_dag to 2024-01-27 08:42:00+00:00, run_after=2024-01-27 08:44:00+00:00
[2024-01-27T08:44:56.496+0000] {processor.py:183} INFO - Processing /home/airflow/.local/lib/python3.8/site-packages/airflow/example_dags/example_sla_dag.py took 0.051 seconds
