[2024-01-27T08:41:25.987+0000] {processor.py:161} INFO - Started process (PID=75) to work on /home/airflow/.local/lib/python3.8/site-packages/airflow/example_dags/example_complex.py
[2024-01-27T08:41:25.987+0000] {processor.py:830} INFO - Processing file /home/airflow/.local/lib/python3.8/site-packages/airflow/example_dags/example_complex.py for tasks to queue
[2024-01-27T08:41:25.989+0000] {logging_mixin.py:188} INFO - [2024-01-27T08:41:25.988+0000] {dagbag.py:538} INFO - Filling up the DagBag from /home/airflow/.local/lib/python3.8/site-packages/airflow/example_dags/example_complex.py
[2024-01-27T08:41:26.001+0000] {processor.py:840} INFO - DAG(s) 'example_complex' retrieved from /home/airflow/.local/lib/python3.8/site-packages/airflow/example_dags/example_complex.py
[2024-01-27T08:41:26.011+0000] {logging_mixin.py:188} INFO - [2024-01-27T08:41:26.011+0000] {dag.py:3036} INFO - Sync 1 DAGs
[2024-01-27T08:41:26.025+0000] {logging_mixin.py:188} INFO - [2024-01-27T08:41:26.025+0000] {dag.py:3823} INFO - Setting next_dagrun for example_complex to None, run_after=None
[2024-01-27T08:41:26.044+0000] {processor.py:183} INFO - Processing /home/airflow/.local/lib/python3.8/site-packages/airflow/example_dags/example_complex.py took 0.061 seconds
[2024-01-27T08:41:56.888+0000] {processor.py:161} INFO - Started process (PID=131) to work on /home/airflow/.local/lib/python3.8/site-packages/airflow/example_dags/example_complex.py
[2024-01-27T08:41:56.889+0000] {processor.py:830} INFO - Processing file /home/airflow/.local/lib/python3.8/site-packages/airflow/example_dags/example_complex.py for tasks to queue
[2024-01-27T08:41:56.890+0000] {logging_mixin.py:188} INFO - [2024-01-27T08:41:56.890+0000] {dagbag.py:538} INFO - Filling up the DagBag from /home/airflow/.local/lib/python3.8/site-packages/airflow/example_dags/example_complex.py
[2024-01-27T08:41:56.898+0000] {processor.py:840} INFO - DAG(s) 'example_complex' retrieved from /home/airflow/.local/lib/python3.8/site-packages/airflow/example_dags/example_complex.py
[2024-01-27T08:41:56.975+0000] {logging_mixin.py:188} INFO - [2024-01-27T08:41:56.975+0000] {dag.py:3036} INFO - Sync 1 DAGs
[2024-01-27T08:41:56.982+0000] {logging_mixin.py:188} INFO - [2024-01-27T08:41:56.982+0000] {dag.py:3823} INFO - Setting next_dagrun for example_complex to None, run_after=None
[2024-01-27T08:41:56.997+0000] {processor.py:183} INFO - Processing /home/airflow/.local/lib/python3.8/site-packages/airflow/example_dags/example_complex.py took 0.111 seconds
[2024-01-27T08:42:27.970+0000] {processor.py:161} INFO - Started process (PID=186) to work on /home/airflow/.local/lib/python3.8/site-packages/airflow/example_dags/example_complex.py
[2024-01-27T08:42:27.972+0000] {processor.py:830} INFO - Processing file /home/airflow/.local/lib/python3.8/site-packages/airflow/example_dags/example_complex.py for tasks to queue
[2024-01-27T08:42:27.976+0000] {logging_mixin.py:188} INFO - [2024-01-27T08:42:27.976+0000] {dagbag.py:538} INFO - Filling up the DagBag from /home/airflow/.local/lib/python3.8/site-packages/airflow/example_dags/example_complex.py
[2024-01-27T08:42:28.011+0000] {processor.py:840} INFO - DAG(s) 'example_complex' retrieved from /home/airflow/.local/lib/python3.8/site-packages/airflow/example_dags/example_complex.py
[2024-01-27T08:42:28.110+0000] {logging_mixin.py:188} INFO - [2024-01-27T08:42:28.110+0000] {dag.py:3036} INFO - Sync 1 DAGs
[2024-01-27T08:42:28.139+0000] {logging_mixin.py:188} INFO - [2024-01-27T08:42:28.138+0000] {dag.py:3823} INFO - Setting next_dagrun for example_complex to None, run_after=None
[2024-01-27T08:42:28.165+0000] {processor.py:183} INFO - Processing /home/airflow/.local/lib/python3.8/site-packages/airflow/example_dags/example_complex.py took 0.203 seconds
[2024-01-27T08:42:59.086+0000] {processor.py:161} INFO - Started process (PID=241) to work on /home/airflow/.local/lib/python3.8/site-packages/airflow/example_dags/example_complex.py
[2024-01-27T08:42:59.092+0000] {processor.py:830} INFO - Processing file /home/airflow/.local/lib/python3.8/site-packages/airflow/example_dags/example_complex.py for tasks to queue
[2024-01-27T08:42:59.096+0000] {logging_mixin.py:188} INFO - [2024-01-27T08:42:59.095+0000] {dagbag.py:538} INFO - Filling up the DagBag from /home/airflow/.local/lib/python3.8/site-packages/airflow/example_dags/example_complex.py
[2024-01-27T08:42:59.104+0000] {processor.py:840} INFO - DAG(s) 'example_complex' retrieved from /home/airflow/.local/lib/python3.8/site-packages/airflow/example_dags/example_complex.py
[2024-01-27T08:42:59.126+0000] {logging_mixin.py:188} INFO - [2024-01-27T08:42:59.126+0000] {dag.py:3036} INFO - Sync 1 DAGs
[2024-01-27T08:42:59.134+0000] {logging_mixin.py:188} INFO - [2024-01-27T08:42:59.134+0000] {dag.py:3823} INFO - Setting next_dagrun for example_complex to None, run_after=None
[2024-01-27T08:42:59.147+0000] {processor.py:183} INFO - Processing /home/airflow/.local/lib/python3.8/site-packages/airflow/example_dags/example_complex.py took 0.063 seconds
[2024-01-27T08:43:29.260+0000] {processor.py:161} INFO - Started process (PID=297) to work on /home/airflow/.local/lib/python3.8/site-packages/airflow/example_dags/example_complex.py
[2024-01-27T08:43:29.265+0000] {processor.py:830} INFO - Processing file /home/airflow/.local/lib/python3.8/site-packages/airflow/example_dags/example_complex.py for tasks to queue
[2024-01-27T08:43:29.269+0000] {logging_mixin.py:188} INFO - [2024-01-27T08:43:29.269+0000] {dagbag.py:538} INFO - Filling up the DagBag from /home/airflow/.local/lib/python3.8/site-packages/airflow/example_dags/example_complex.py
[2024-01-27T08:43:29.278+0000] {processor.py:840} INFO - DAG(s) 'example_complex' retrieved from /home/airflow/.local/lib/python3.8/site-packages/airflow/example_dags/example_complex.py
[2024-01-27T08:43:29.299+0000] {logging_mixin.py:188} INFO - [2024-01-27T08:43:29.298+0000] {dag.py:3036} INFO - Sync 1 DAGs
[2024-01-27T08:43:29.307+0000] {logging_mixin.py:188} INFO - [2024-01-27T08:43:29.306+0000] {dag.py:3823} INFO - Setting next_dagrun for example_complex to None, run_after=None
[2024-01-27T08:43:29.322+0000] {processor.py:183} INFO - Processing /home/airflow/.local/lib/python3.8/site-packages/airflow/example_dags/example_complex.py took 0.064 seconds
[2024-01-27T08:43:59.524+0000] {processor.py:161} INFO - Started process (PID=352) to work on /home/airflow/.local/lib/python3.8/site-packages/airflow/example_dags/example_complex.py
[2024-01-27T08:43:59.525+0000] {processor.py:830} INFO - Processing file /home/airflow/.local/lib/python3.8/site-packages/airflow/example_dags/example_complex.py for tasks to queue
[2024-01-27T08:43:59.526+0000] {logging_mixin.py:188} INFO - [2024-01-27T08:43:59.526+0000] {dagbag.py:538} INFO - Filling up the DagBag from /home/airflow/.local/lib/python3.8/site-packages/airflow/example_dags/example_complex.py
[2024-01-27T08:43:59.541+0000] {processor.py:840} INFO - DAG(s) 'example_complex' retrieved from /home/airflow/.local/lib/python3.8/site-packages/airflow/example_dags/example_complex.py
[2024-01-27T08:43:59.571+0000] {logging_mixin.py:188} INFO - [2024-01-27T08:43:59.571+0000] {dag.py:3036} INFO - Sync 1 DAGs
[2024-01-27T08:43:59.580+0000] {logging_mixin.py:188} INFO - [2024-01-27T08:43:59.580+0000] {dag.py:3823} INFO - Setting next_dagrun for example_complex to None, run_after=None
[2024-01-27T08:43:59.594+0000] {processor.py:183} INFO - Processing /home/airflow/.local/lib/python3.8/site-packages/airflow/example_dags/example_complex.py took 0.074 seconds
[2024-01-27T08:44:29.907+0000] {processor.py:161} INFO - Started process (PID=407) to work on /home/airflow/.local/lib/python3.8/site-packages/airflow/example_dags/example_complex.py
[2024-01-27T08:44:29.907+0000] {processor.py:830} INFO - Processing file /home/airflow/.local/lib/python3.8/site-packages/airflow/example_dags/example_complex.py for tasks to queue
[2024-01-27T08:44:29.908+0000] {logging_mixin.py:188} INFO - [2024-01-27T08:44:29.908+0000] {dagbag.py:538} INFO - Filling up the DagBag from /home/airflow/.local/lib/python3.8/site-packages/airflow/example_dags/example_complex.py
[2024-01-27T08:44:29.917+0000] {processor.py:840} INFO - DAG(s) 'example_complex' retrieved from /home/airflow/.local/lib/python3.8/site-packages/airflow/example_dags/example_complex.py
[2024-01-27T08:44:29.938+0000] {logging_mixin.py:188} INFO - [2024-01-27T08:44:29.938+0000] {dag.py:3036} INFO - Sync 1 DAGs
[2024-01-27T08:44:29.947+0000] {logging_mixin.py:188} INFO - [2024-01-27T08:44:29.947+0000] {dag.py:3823} INFO - Setting next_dagrun for example_complex to None, run_after=None
[2024-01-27T08:44:29.959+0000] {processor.py:183} INFO - Processing /home/airflow/.local/lib/python3.8/site-packages/airflow/example_dags/example_complex.py took 0.054 seconds
[2024-01-27T08:45:00.945+0000] {processor.py:161} INFO - Started process (PID=462) to work on /home/airflow/.local/lib/python3.8/site-packages/airflow/example_dags/example_complex.py
[2024-01-27T08:45:00.949+0000] {processor.py:830} INFO - Processing file /home/airflow/.local/lib/python3.8/site-packages/airflow/example_dags/example_complex.py for tasks to queue
[2024-01-27T08:45:00.951+0000] {logging_mixin.py:188} INFO - [2024-01-27T08:45:00.950+0000] {dagbag.py:538} INFO - Filling up the DagBag from /home/airflow/.local/lib/python3.8/site-packages/airflow/example_dags/example_complex.py
[2024-01-27T08:45:00.963+0000] {processor.py:840} INFO - DAG(s) 'example_complex' retrieved from /home/airflow/.local/lib/python3.8/site-packages/airflow/example_dags/example_complex.py
[2024-01-27T08:45:00.984+0000] {logging_mixin.py:188} INFO - [2024-01-27T08:45:00.984+0000] {dag.py:3036} INFO - Sync 1 DAGs
[2024-01-27T08:45:00.995+0000] {logging_mixin.py:188} INFO - [2024-01-27T08:45:00.994+0000] {dag.py:3823} INFO - Setting next_dagrun for example_complex to None, run_after=None
[2024-01-27T08:45:01.008+0000] {processor.py:183} INFO - Processing /home/airflow/.local/lib/python3.8/site-packages/airflow/example_dags/example_complex.py took 0.065 seconds
