[2024-01-27T08:41:24.088+0000] {processor.py:161} INFO - Started process (PID=36) to work on /home/airflow/.local/lib/python3.8/site-packages/airflow/example_dags/example_branch_datetime_operator.py
[2024-01-27T08:41:24.089+0000] {processor.py:830} INFO - Processing file /home/airflow/.local/lib/python3.8/site-packages/airflow/example_dags/example_branch_datetime_operator.py for tasks to queue
[2024-01-27T08:41:24.090+0000] {logging_mixin.py:188} INFO - [2024-01-27T08:41:24.090+0000] {dagbag.py:538} INFO - Filling up the DagBag from /home/airflow/.local/lib/python3.8/site-packages/airflow/example_dags/example_branch_datetime_operator.py
[2024-01-27T08:41:24.100+0000] {processor.py:840} INFO - DAG(s) 'example_branch_datetime_operator', 'example_branch_datetime_operator_3', 'example_branch_datetime_operator_2' retrieved from /home/airflow/.local/lib/python3.8/site-packages/airflow/example_dags/example_branch_datetime_operator.py
[2024-01-27T08:41:24.112+0000] {logging_mixin.py:188} INFO - [2024-01-27T08:41:24.112+0000] {dag.py:3036} INFO - Sync 3 DAGs
[2024-01-27T08:41:24.138+0000] {logging_mixin.py:188} INFO - [2024-01-27T08:41:24.137+0000] {dag.py:3823} INFO - Setting next_dagrun for example_branch_datetime_operator to 2024-01-26 00:00:00+00:00, run_after=2024-01-27 00:00:00+00:00
[2024-01-27T08:41:24.144+0000] {logging_mixin.py:188} INFO - [2024-01-27T08:41:24.143+0000] {dag.py:3823} INFO - Setting next_dagrun for example_branch_datetime_operator_2 to 2024-01-26 00:00:00+00:00, run_after=2024-01-27 00:00:00+00:00
[2024-01-27T08:41:24.148+0000] {logging_mixin.py:188} INFO - [2024-01-27T08:41:24.148+0000] {dag.py:3823} INFO - Setting next_dagrun for example_branch_datetime_operator_3 to 2024-01-26 00:00:00+00:00, run_after=2024-01-27 00:00:00+00:00
[2024-01-27T08:41:24.171+0000] {processor.py:183} INFO - Processing /home/airflow/.local/lib/python3.8/site-packages/airflow/example_dags/example_branch_datetime_operator.py took 0.084 seconds
[2024-01-27T08:41:54.354+0000] {processor.py:161} INFO - Started process (PID=92) to work on /home/airflow/.local/lib/python3.8/site-packages/airflow/example_dags/example_branch_datetime_operator.py
[2024-01-27T08:41:54.355+0000] {processor.py:830} INFO - Processing file /home/airflow/.local/lib/python3.8/site-packages/airflow/example_dags/example_branch_datetime_operator.py for tasks to queue
[2024-01-27T08:41:54.356+0000] {logging_mixin.py:188} INFO - [2024-01-27T08:41:54.355+0000] {dagbag.py:538} INFO - Filling up the DagBag from /home/airflow/.local/lib/python3.8/site-packages/airflow/example_dags/example_branch_datetime_operator.py
[2024-01-27T08:41:54.362+0000] {processor.py:840} INFO - DAG(s) 'example_branch_datetime_operator_3', 'example_branch_datetime_operator_2', 'example_branch_datetime_operator' retrieved from /home/airflow/.local/lib/python3.8/site-packages/airflow/example_dags/example_branch_datetime_operator.py
[2024-01-27T08:41:54.446+0000] {logging_mixin.py:188} INFO - [2024-01-27T08:41:54.445+0000] {dag.py:3036} INFO - Sync 3 DAGs
[2024-01-27T08:41:54.460+0000] {logging_mixin.py:188} INFO - [2024-01-27T08:41:54.460+0000] {dag.py:3823} INFO - Setting next_dagrun for example_branch_datetime_operator to 2024-01-26 00:00:00+00:00, run_after=2024-01-27 00:00:00+00:00
[2024-01-27T08:41:54.463+0000] {logging_mixin.py:188} INFO - [2024-01-27T08:41:54.462+0000] {dag.py:3823} INFO - Setting next_dagrun for example_branch_datetime_operator_2 to 2024-01-26 00:00:00+00:00, run_after=2024-01-27 00:00:00+00:00
[2024-01-27T08:41:54.464+0000] {logging_mixin.py:188} INFO - [2024-01-27T08:41:54.464+0000] {dag.py:3823} INFO - Setting next_dagrun for example_branch_datetime_operator_3 to 2024-01-26 00:00:00+00:00, run_after=2024-01-27 00:00:00+00:00
[2024-01-27T08:41:54.475+0000] {processor.py:183} INFO - Processing /home/airflow/.local/lib/python3.8/site-packages/airflow/example_dags/example_branch_datetime_operator.py took 0.123 seconds
[2024-01-27T08:42:24.525+0000] {processor.py:161} INFO - Started process (PID=147) to work on /home/airflow/.local/lib/python3.8/site-packages/airflow/example_dags/example_branch_datetime_operator.py
[2024-01-27T08:42:24.525+0000] {processor.py:830} INFO - Processing file /home/airflow/.local/lib/python3.8/site-packages/airflow/example_dags/example_branch_datetime_operator.py for tasks to queue
[2024-01-27T08:42:24.526+0000] {logging_mixin.py:188} INFO - [2024-01-27T08:42:24.526+0000] {dagbag.py:538} INFO - Filling up the DagBag from /home/airflow/.local/lib/python3.8/site-packages/airflow/example_dags/example_branch_datetime_operator.py
[2024-01-27T08:42:24.533+0000] {processor.py:840} INFO - DAG(s) 'example_branch_datetime_operator_2', 'example_branch_datetime_operator', 'example_branch_datetime_operator_3' retrieved from /home/airflow/.local/lib/python3.8/site-packages/airflow/example_dags/example_branch_datetime_operator.py
[2024-01-27T08:42:24.550+0000] {logging_mixin.py:188} INFO - [2024-01-27T08:42:24.550+0000] {dag.py:3036} INFO - Sync 3 DAGs
[2024-01-27T08:42:24.566+0000] {logging_mixin.py:188} INFO - [2024-01-27T08:42:24.565+0000] {dag.py:3823} INFO - Setting next_dagrun for example_branch_datetime_operator to 2024-01-26 00:00:00+00:00, run_after=2024-01-27 00:00:00+00:00
[2024-01-27T08:42:24.569+0000] {logging_mixin.py:188} INFO - [2024-01-27T08:42:24.569+0000] {dag.py:3823} INFO - Setting next_dagrun for example_branch_datetime_operator_2 to 2024-01-26 00:00:00+00:00, run_after=2024-01-27 00:00:00+00:00
[2024-01-27T08:42:24.571+0000] {logging_mixin.py:188} INFO - [2024-01-27T08:42:24.571+0000] {dag.py:3823} INFO - Setting next_dagrun for example_branch_datetime_operator_3 to 2024-01-26 00:00:00+00:00, run_after=2024-01-27 00:00:00+00:00
[2024-01-27T08:42:24.581+0000] {processor.py:183} INFO - Processing /home/airflow/.local/lib/python3.8/site-packages/airflow/example_dags/example_branch_datetime_operator.py took 0.058 seconds
[2024-01-27T08:42:54.660+0000] {processor.py:161} INFO - Started process (PID=202) to work on /home/airflow/.local/lib/python3.8/site-packages/airflow/example_dags/example_branch_datetime_operator.py
[2024-01-27T08:42:54.661+0000] {processor.py:830} INFO - Processing file /home/airflow/.local/lib/python3.8/site-packages/airflow/example_dags/example_branch_datetime_operator.py for tasks to queue
[2024-01-27T08:42:54.662+0000] {logging_mixin.py:188} INFO - [2024-01-27T08:42:54.662+0000] {dagbag.py:538} INFO - Filling up the DagBag from /home/airflow/.local/lib/python3.8/site-packages/airflow/example_dags/example_branch_datetime_operator.py
[2024-01-27T08:42:54.669+0000] {processor.py:840} INFO - DAG(s) 'example_branch_datetime_operator_3', 'example_branch_datetime_operator_2', 'example_branch_datetime_operator' retrieved from /home/airflow/.local/lib/python3.8/site-packages/airflow/example_dags/example_branch_datetime_operator.py
[2024-01-27T08:42:54.686+0000] {logging_mixin.py:188} INFO - [2024-01-27T08:42:54.686+0000] {dag.py:3036} INFO - Sync 3 DAGs
[2024-01-27T08:42:54.703+0000] {logging_mixin.py:188} INFO - [2024-01-27T08:42:54.702+0000] {dag.py:3823} INFO - Setting next_dagrun for example_branch_datetime_operator to 2024-01-26 00:00:00+00:00, run_after=2024-01-27 00:00:00+00:00
[2024-01-27T08:42:54.706+0000] {logging_mixin.py:188} INFO - [2024-01-27T08:42:54.706+0000] {dag.py:3823} INFO - Setting next_dagrun for example_branch_datetime_operator_2 to 2024-01-26 00:00:00+00:00, run_after=2024-01-27 00:00:00+00:00
[2024-01-27T08:42:54.709+0000] {logging_mixin.py:188} INFO - [2024-01-27T08:42:54.709+0000] {dag.py:3823} INFO - Setting next_dagrun for example_branch_datetime_operator_3 to 2024-01-26 00:00:00+00:00, run_after=2024-01-27 00:00:00+00:00
[2024-01-27T08:42:54.720+0000] {processor.py:183} INFO - Processing /home/airflow/.local/lib/python3.8/site-packages/airflow/example_dags/example_branch_datetime_operator.py took 0.062 seconds
[2024-01-27T08:43:24.804+0000] {processor.py:161} INFO - Started process (PID=258) to work on /home/airflow/.local/lib/python3.8/site-packages/airflow/example_dags/example_branch_datetime_operator.py
[2024-01-27T08:43:24.804+0000] {processor.py:830} INFO - Processing file /home/airflow/.local/lib/python3.8/site-packages/airflow/example_dags/example_branch_datetime_operator.py for tasks to queue
[2024-01-27T08:43:24.805+0000] {logging_mixin.py:188} INFO - [2024-01-27T08:43:24.805+0000] {dagbag.py:538} INFO - Filling up the DagBag from /home/airflow/.local/lib/python3.8/site-packages/airflow/example_dags/example_branch_datetime_operator.py
[2024-01-27T08:43:24.812+0000] {processor.py:840} INFO - DAG(s) 'example_branch_datetime_operator', 'example_branch_datetime_operator_3', 'example_branch_datetime_operator_2' retrieved from /home/airflow/.local/lib/python3.8/site-packages/airflow/example_dags/example_branch_datetime_operator.py
[2024-01-27T08:43:24.830+0000] {logging_mixin.py:188} INFO - [2024-01-27T08:43:24.830+0000] {dag.py:3036} INFO - Sync 3 DAGs
[2024-01-27T08:43:24.845+0000] {logging_mixin.py:188} INFO - [2024-01-27T08:43:24.845+0000] {dag.py:3823} INFO - Setting next_dagrun for example_branch_datetime_operator to 2024-01-26 00:00:00+00:00, run_after=2024-01-27 00:00:00+00:00
[2024-01-27T08:43:24.848+0000] {logging_mixin.py:188} INFO - [2024-01-27T08:43:24.848+0000] {dag.py:3823} INFO - Setting next_dagrun for example_branch_datetime_operator_2 to 2024-01-26 00:00:00+00:00, run_after=2024-01-27 00:00:00+00:00
[2024-01-27T08:43:24.850+0000] {logging_mixin.py:188} INFO - [2024-01-27T08:43:24.850+0000] {dag.py:3823} INFO - Setting next_dagrun for example_branch_datetime_operator_3 to 2024-01-26 00:00:00+00:00, run_after=2024-01-27 00:00:00+00:00
[2024-01-27T08:43:24.861+0000] {processor.py:183} INFO - Processing /home/airflow/.local/lib/python3.8/site-packages/airflow/example_dags/example_branch_datetime_operator.py took 0.059 seconds
[2024-01-27T08:43:55.009+0000] {processor.py:161} INFO - Started process (PID=313) to work on /home/airflow/.local/lib/python3.8/site-packages/airflow/example_dags/example_branch_datetime_operator.py
[2024-01-27T08:43:55.010+0000] {processor.py:830} INFO - Processing file /home/airflow/.local/lib/python3.8/site-packages/airflow/example_dags/example_branch_datetime_operator.py for tasks to queue
[2024-01-27T08:43:55.011+0000] {logging_mixin.py:188} INFO - [2024-01-27T08:43:55.011+0000] {dagbag.py:538} INFO - Filling up the DagBag from /home/airflow/.local/lib/python3.8/site-packages/airflow/example_dags/example_branch_datetime_operator.py
[2024-01-27T08:43:55.018+0000] {processor.py:840} INFO - DAG(s) 'example_branch_datetime_operator_2', 'example_branch_datetime_operator', 'example_branch_datetime_operator_3' retrieved from /home/airflow/.local/lib/python3.8/site-packages/airflow/example_dags/example_branch_datetime_operator.py
[2024-01-27T08:43:55.038+0000] {logging_mixin.py:188} INFO - [2024-01-27T08:43:55.038+0000] {dag.py:3036} INFO - Sync 3 DAGs
[2024-01-27T08:43:55.059+0000] {logging_mixin.py:188} INFO - [2024-01-27T08:43:55.059+0000] {dag.py:3823} INFO - Setting next_dagrun for example_branch_datetime_operator to 2024-01-26 00:00:00+00:00, run_after=2024-01-27 00:00:00+00:00
[2024-01-27T08:43:55.063+0000] {logging_mixin.py:188} INFO - [2024-01-27T08:43:55.063+0000] {dag.py:3823} INFO - Setting next_dagrun for example_branch_datetime_operator_2 to 2024-01-26 00:00:00+00:00, run_after=2024-01-27 00:00:00+00:00
[2024-01-27T08:43:55.065+0000] {logging_mixin.py:188} INFO - [2024-01-27T08:43:55.065+0000] {dag.py:3823} INFO - Setting next_dagrun for example_branch_datetime_operator_3 to 2024-01-26 00:00:00+00:00, run_after=2024-01-27 00:00:00+00:00
[2024-01-27T08:43:55.076+0000] {processor.py:183} INFO - Processing /home/airflow/.local/lib/python3.8/site-packages/airflow/example_dags/example_branch_datetime_operator.py took 0.069 seconds
[2024-01-27T08:44:25.281+0000] {processor.py:161} INFO - Started process (PID=368) to work on /home/airflow/.local/lib/python3.8/site-packages/airflow/example_dags/example_branch_datetime_operator.py
[2024-01-27T08:44:25.281+0000] {processor.py:830} INFO - Processing file /home/airflow/.local/lib/python3.8/site-packages/airflow/example_dags/example_branch_datetime_operator.py for tasks to queue
[2024-01-27T08:44:25.283+0000] {logging_mixin.py:188} INFO - [2024-01-27T08:44:25.282+0000] {dagbag.py:538} INFO - Filling up the DagBag from /home/airflow/.local/lib/python3.8/site-packages/airflow/example_dags/example_branch_datetime_operator.py
[2024-01-27T08:44:25.289+0000] {processor.py:840} INFO - DAG(s) 'example_branch_datetime_operator_3', 'example_branch_datetime_operator', 'example_branch_datetime_operator_2' retrieved from /home/airflow/.local/lib/python3.8/site-packages/airflow/example_dags/example_branch_datetime_operator.py
[2024-01-27T08:44:25.307+0000] {logging_mixin.py:188} INFO - [2024-01-27T08:44:25.307+0000] {dag.py:3036} INFO - Sync 3 DAGs
[2024-01-27T08:44:25.322+0000] {logging_mixin.py:188} INFO - [2024-01-27T08:44:25.322+0000] {dag.py:3823} INFO - Setting next_dagrun for example_branch_datetime_operator to 2024-01-26 00:00:00+00:00, run_after=2024-01-27 00:00:00+00:00
[2024-01-27T08:44:25.326+0000] {logging_mixin.py:188} INFO - [2024-01-27T08:44:25.325+0000] {dag.py:3823} INFO - Setting next_dagrun for example_branch_datetime_operator_2 to 2024-01-26 00:00:00+00:00, run_after=2024-01-27 00:00:00+00:00
[2024-01-27T08:44:25.327+0000] {logging_mixin.py:188} INFO - [2024-01-27T08:44:25.327+0000] {dag.py:3823} INFO - Setting next_dagrun for example_branch_datetime_operator_3 to 2024-01-26 00:00:00+00:00, run_after=2024-01-27 00:00:00+00:00
[2024-01-27T08:44:25.337+0000] {processor.py:183} INFO - Processing /home/airflow/.local/lib/python3.8/site-packages/airflow/example_dags/example_branch_datetime_operator.py took 0.058 seconds
[2024-01-27T08:44:55.367+0000] {processor.py:161} INFO - Started process (PID=423) to work on /home/airflow/.local/lib/python3.8/site-packages/airflow/example_dags/example_branch_datetime_operator.py
[2024-01-27T08:44:55.367+0000] {processor.py:830} INFO - Processing file /home/airflow/.local/lib/python3.8/site-packages/airflow/example_dags/example_branch_datetime_operator.py for tasks to queue
[2024-01-27T08:44:55.368+0000] {logging_mixin.py:188} INFO - [2024-01-27T08:44:55.368+0000] {dagbag.py:538} INFO - Filling up the DagBag from /home/airflow/.local/lib/python3.8/site-packages/airflow/example_dags/example_branch_datetime_operator.py
[2024-01-27T08:44:55.375+0000] {processor.py:840} INFO - DAG(s) 'example_branch_datetime_operator', 'example_branch_datetime_operator_2', 'example_branch_datetime_operator_3' retrieved from /home/airflow/.local/lib/python3.8/site-packages/airflow/example_dags/example_branch_datetime_operator.py
[2024-01-27T08:44:55.394+0000] {logging_mixin.py:188} INFO - [2024-01-27T08:44:55.393+0000] {dag.py:3036} INFO - Sync 3 DAGs
[2024-01-27T08:44:55.409+0000] {logging_mixin.py:188} INFO - [2024-01-27T08:44:55.409+0000] {dag.py:3823} INFO - Setting next_dagrun for example_branch_datetime_operator to 2024-01-26 00:00:00+00:00, run_after=2024-01-27 00:00:00+00:00
[2024-01-27T08:44:55.413+0000] {logging_mixin.py:188} INFO - [2024-01-27T08:44:55.413+0000] {dag.py:3823} INFO - Setting next_dagrun for example_branch_datetime_operator_2 to 2024-01-26 00:00:00+00:00, run_after=2024-01-27 00:00:00+00:00
[2024-01-27T08:44:55.415+0000] {logging_mixin.py:188} INFO - [2024-01-27T08:44:55.415+0000] {dag.py:3823} INFO - Setting next_dagrun for example_branch_datetime_operator_3 to 2024-01-26 00:00:00+00:00, run_after=2024-01-27 00:00:00+00:00
[2024-01-27T08:44:55.425+0000] {processor.py:183} INFO - Processing /home/airflow/.local/lib/python3.8/site-packages/airflow/example_dags/example_branch_datetime_operator.py took 0.061 seconds
