[2024-01-27T08:41:25.795+0000] {processor.py:161} INFO - Started process (PID=71) to work on /home/airflow/.local/lib/python3.8/site-packages/airflow/example_dags/example_datasets.py
[2024-01-27T08:41:25.796+0000] {processor.py:830} INFO - Processing file /home/airflow/.local/lib/python3.8/site-packages/airflow/example_dags/example_datasets.py for tasks to queue
[2024-01-27T08:41:25.797+0000] {logging_mixin.py:188} INFO - [2024-01-27T08:41:25.797+0000] {dagbag.py:538} INFO - Filling up the DagBag from /home/airflow/.local/lib/python3.8/site-packages/airflow/example_dags/example_datasets.py
[2024-01-27T08:41:25.808+0000] {processor.py:840} INFO - DAG(s) 'dataset_consumes_unknown_never_scheduled', 'dataset_produces_1', 'dataset_consumes_1_never_scheduled', 'dataset_consumes_1_and_2', 'dataset_produces_2', 'dataset_consumes_1' retrieved from /home/airflow/.local/lib/python3.8/site-packages/airflow/example_dags/example_datasets.py
[2024-01-27T08:41:25.827+0000] {logging_mixin.py:188} INFO - [2024-01-27T08:41:25.826+0000] {dag.py:3036} INFO - Sync 6 DAGs
[2024-01-27T08:41:25.850+0000] {logging_mixin.py:188} INFO - [2024-01-27T08:41:25.849+0000] {dag.py:3823} INFO - Setting next_dagrun for dataset_consumes_1 to None, run_after=None
[2024-01-27T08:41:25.853+0000] {logging_mixin.py:188} INFO - [2024-01-27T08:41:25.852+0000] {dag.py:3823} INFO - Setting next_dagrun for dataset_consumes_1_and_2 to None, run_after=None
[2024-01-27T08:41:25.854+0000] {logging_mixin.py:188} INFO - [2024-01-27T08:41:25.854+0000] {dag.py:3823} INFO - Setting next_dagrun for dataset_consumes_1_never_scheduled to None, run_after=None
[2024-01-27T08:41:25.856+0000] {logging_mixin.py:188} INFO - [2024-01-27T08:41:25.855+0000] {dag.py:3823} INFO - Setting next_dagrun for dataset_consumes_unknown_never_scheduled to None, run_after=None
[2024-01-27T08:41:25.858+0000] {logging_mixin.py:188} INFO - [2024-01-27T08:41:25.858+0000] {dag.py:3823} INFO - Setting next_dagrun for dataset_produces_1 to 2024-01-26 00:00:00+00:00, run_after=2024-01-27 00:00:00+00:00
[2024-01-27T08:41:25.860+0000] {logging_mixin.py:188} INFO - [2024-01-27T08:41:25.860+0000] {dag.py:3823} INFO - Setting next_dagrun for dataset_produces_2 to None, run_after=None
[2024-01-27T08:41:25.886+0000] {processor.py:183} INFO - Processing /home/airflow/.local/lib/python3.8/site-packages/airflow/example_dags/example_datasets.py took 0.095 seconds
[2024-01-27T08:41:56.599+0000] {processor.py:161} INFO - Started process (PID=127) to work on /home/airflow/.local/lib/python3.8/site-packages/airflow/example_dags/example_datasets.py
[2024-01-27T08:41:56.599+0000] {processor.py:830} INFO - Processing file /home/airflow/.local/lib/python3.8/site-packages/airflow/example_dags/example_datasets.py for tasks to queue
[2024-01-27T08:41:56.600+0000] {logging_mixin.py:188} INFO - [2024-01-27T08:41:56.600+0000] {dagbag.py:538} INFO - Filling up the DagBag from /home/airflow/.local/lib/python3.8/site-packages/airflow/example_dags/example_datasets.py
[2024-01-27T08:41:56.606+0000] {processor.py:840} INFO - DAG(s) 'dataset_consumes_1', 'dataset_consumes_1_and_2', 'dataset_consumes_unknown_never_scheduled', 'dataset_consumes_1_never_scheduled', 'dataset_produces_2', 'dataset_produces_1' retrieved from /home/airflow/.local/lib/python3.8/site-packages/airflow/example_dags/example_datasets.py
[2024-01-27T08:41:56.718+0000] {logging_mixin.py:188} INFO - [2024-01-27T08:41:56.717+0000] {dag.py:3036} INFO - Sync 6 DAGs
[2024-01-27T08:41:56.733+0000] {logging_mixin.py:188} INFO - [2024-01-27T08:41:56.733+0000] {dag.py:3823} INFO - Setting next_dagrun for dataset_consumes_1 to None, run_after=None
[2024-01-27T08:41:56.735+0000] {logging_mixin.py:188} INFO - [2024-01-27T08:41:56.735+0000] {dag.py:3823} INFO - Setting next_dagrun for dataset_consumes_1_and_2 to None, run_after=None
[2024-01-27T08:41:56.736+0000] {logging_mixin.py:188} INFO - [2024-01-27T08:41:56.736+0000] {dag.py:3823} INFO - Setting next_dagrun for dataset_consumes_1_never_scheduled to None, run_after=None
[2024-01-27T08:41:56.736+0000] {logging_mixin.py:188} INFO - [2024-01-27T08:41:56.736+0000] {dag.py:3823} INFO - Setting next_dagrun for dataset_consumes_unknown_never_scheduled to None, run_after=None
[2024-01-27T08:41:56.738+0000] {logging_mixin.py:188} INFO - [2024-01-27T08:41:56.738+0000] {dag.py:3823} INFO - Setting next_dagrun for dataset_produces_1 to 2024-01-26 00:00:00+00:00, run_after=2024-01-27 00:00:00+00:00
[2024-01-27T08:41:56.739+0000] {logging_mixin.py:188} INFO - [2024-01-27T08:41:56.739+0000] {dag.py:3823} INFO - Setting next_dagrun for dataset_produces_2 to None, run_after=None
[2024-01-27T08:41:56.761+0000] {processor.py:183} INFO - Processing /home/airflow/.local/lib/python3.8/site-packages/airflow/example_dags/example_datasets.py took 0.164 seconds
[2024-01-27T08:42:26.820+0000] {processor.py:161} INFO - Started process (PID=182) to work on /home/airflow/.local/lib/python3.8/site-packages/airflow/example_dags/example_datasets.py
[2024-01-27T08:42:26.821+0000] {processor.py:830} INFO - Processing file /home/airflow/.local/lib/python3.8/site-packages/airflow/example_dags/example_datasets.py for tasks to queue
[2024-01-27T08:42:26.822+0000] {logging_mixin.py:188} INFO - [2024-01-27T08:42:26.821+0000] {dagbag.py:538} INFO - Filling up the DagBag from /home/airflow/.local/lib/python3.8/site-packages/airflow/example_dags/example_datasets.py
[2024-01-27T08:42:26.828+0000] {processor.py:840} INFO - DAG(s) 'dataset_produces_2', 'dataset_consumes_1', 'dataset_consumes_unknown_never_scheduled', 'dataset_consumes_1_never_scheduled', 'dataset_consumes_1_and_2', 'dataset_produces_1' retrieved from /home/airflow/.local/lib/python3.8/site-packages/airflow/example_dags/example_datasets.py
[2024-01-27T08:42:26.856+0000] {logging_mixin.py:188} INFO - [2024-01-27T08:42:26.856+0000] {dag.py:3036} INFO - Sync 6 DAGs
[2024-01-27T08:42:26.873+0000] {logging_mixin.py:188} INFO - [2024-01-27T08:42:26.873+0000] {dag.py:3823} INFO - Setting next_dagrun for dataset_consumes_1 to None, run_after=None
[2024-01-27T08:42:26.875+0000] {logging_mixin.py:188} INFO - [2024-01-27T08:42:26.875+0000] {dag.py:3823} INFO - Setting next_dagrun for dataset_consumes_1_and_2 to None, run_after=None
[2024-01-27T08:42:26.876+0000] {logging_mixin.py:188} INFO - [2024-01-27T08:42:26.876+0000] {dag.py:3823} INFO - Setting next_dagrun for dataset_consumes_1_never_scheduled to None, run_after=None
[2024-01-27T08:42:26.877+0000] {logging_mixin.py:188} INFO - [2024-01-27T08:42:26.877+0000] {dag.py:3823} INFO - Setting next_dagrun for dataset_consumes_unknown_never_scheduled to None, run_after=None
[2024-01-27T08:42:26.879+0000] {logging_mixin.py:188} INFO - [2024-01-27T08:42:26.879+0000] {dag.py:3823} INFO - Setting next_dagrun for dataset_produces_1 to 2024-01-26 00:00:00+00:00, run_after=2024-01-27 00:00:00+00:00
[2024-01-27T08:42:26.880+0000] {logging_mixin.py:188} INFO - [2024-01-27T08:42:26.880+0000] {dag.py:3823} INFO - Setting next_dagrun for dataset_produces_2 to None, run_after=None
[2024-01-27T08:42:26.901+0000] {processor.py:183} INFO - Processing /home/airflow/.local/lib/python3.8/site-packages/airflow/example_dags/example_datasets.py took 0.083 seconds
[2024-01-27T08:42:56.972+0000] {processor.py:161} INFO - Started process (PID=237) to work on /home/airflow/.local/lib/python3.8/site-packages/airflow/example_dags/example_datasets.py
[2024-01-27T08:42:56.973+0000] {processor.py:830} INFO - Processing file /home/airflow/.local/lib/python3.8/site-packages/airflow/example_dags/example_datasets.py for tasks to queue
[2024-01-27T08:42:56.974+0000] {logging_mixin.py:188} INFO - [2024-01-27T08:42:56.974+0000] {dagbag.py:538} INFO - Filling up the DagBag from /home/airflow/.local/lib/python3.8/site-packages/airflow/example_dags/example_datasets.py
[2024-01-27T08:42:56.980+0000] {processor.py:840} INFO - DAG(s) 'dataset_consumes_unknown_never_scheduled', 'dataset_consumes_1_and_2', 'dataset_produces_1', 'dataset_produces_2', 'dataset_consumes_1_never_scheduled', 'dataset_consumes_1' retrieved from /home/airflow/.local/lib/python3.8/site-packages/airflow/example_dags/example_datasets.py
[2024-01-27T08:42:57.005+0000] {logging_mixin.py:188} INFO - [2024-01-27T08:42:57.005+0000] {dag.py:3036} INFO - Sync 6 DAGs
[2024-01-27T08:42:57.020+0000] {logging_mixin.py:188} INFO - [2024-01-27T08:42:57.020+0000] {dag.py:3823} INFO - Setting next_dagrun for dataset_consumes_1 to None, run_after=None
[2024-01-27T08:42:57.023+0000] {logging_mixin.py:188} INFO - [2024-01-27T08:42:57.023+0000] {dag.py:3823} INFO - Setting next_dagrun for dataset_consumes_1_and_2 to None, run_after=None
[2024-01-27T08:42:57.024+0000] {logging_mixin.py:188} INFO - [2024-01-27T08:42:57.023+0000] {dag.py:3823} INFO - Setting next_dagrun for dataset_consumes_1_never_scheduled to None, run_after=None
[2024-01-27T08:42:57.024+0000] {logging_mixin.py:188} INFO - [2024-01-27T08:42:57.024+0000] {dag.py:3823} INFO - Setting next_dagrun for dataset_consumes_unknown_never_scheduled to None, run_after=None
[2024-01-27T08:42:57.026+0000] {logging_mixin.py:188} INFO - [2024-01-27T08:42:57.026+0000] {dag.py:3823} INFO - Setting next_dagrun for dataset_produces_1 to 2024-01-26 00:00:00+00:00, run_after=2024-01-27 00:00:00+00:00
[2024-01-27T08:42:57.027+0000] {logging_mixin.py:188} INFO - [2024-01-27T08:42:57.027+0000] {dag.py:3823} INFO - Setting next_dagrun for dataset_produces_2 to None, run_after=None
[2024-01-27T08:42:57.047+0000] {processor.py:183} INFO - Processing /home/airflow/.local/lib/python3.8/site-packages/airflow/example_dags/example_datasets.py took 0.076 seconds
[2024-01-27T08:43:27.135+0000] {processor.py:161} INFO - Started process (PID=293) to work on /home/airflow/.local/lib/python3.8/site-packages/airflow/example_dags/example_datasets.py
[2024-01-27T08:43:27.136+0000] {processor.py:830} INFO - Processing file /home/airflow/.local/lib/python3.8/site-packages/airflow/example_dags/example_datasets.py for tasks to queue
[2024-01-27T08:43:27.137+0000] {logging_mixin.py:188} INFO - [2024-01-27T08:43:27.137+0000] {dagbag.py:538} INFO - Filling up the DagBag from /home/airflow/.local/lib/python3.8/site-packages/airflow/example_dags/example_datasets.py
[2024-01-27T08:43:27.144+0000] {processor.py:840} INFO - DAG(s) 'dataset_consumes_1', 'dataset_consumes_1_never_scheduled', 'dataset_produces_2', 'dataset_consumes_unknown_never_scheduled', 'dataset_consumes_1_and_2', 'dataset_produces_1' retrieved from /home/airflow/.local/lib/python3.8/site-packages/airflow/example_dags/example_datasets.py
[2024-01-27T08:43:27.168+0000] {logging_mixin.py:188} INFO - [2024-01-27T08:43:27.168+0000] {dag.py:3036} INFO - Sync 6 DAGs
[2024-01-27T08:43:27.184+0000] {logging_mixin.py:188} INFO - [2024-01-27T08:43:27.184+0000] {dag.py:3823} INFO - Setting next_dagrun for dataset_consumes_1 to None, run_after=None
[2024-01-27T08:43:27.186+0000] {logging_mixin.py:188} INFO - [2024-01-27T08:43:27.186+0000] {dag.py:3823} INFO - Setting next_dagrun for dataset_consumes_1_and_2 to None, run_after=None
[2024-01-27T08:43:27.187+0000] {logging_mixin.py:188} INFO - [2024-01-27T08:43:27.187+0000] {dag.py:3823} INFO - Setting next_dagrun for dataset_consumes_1_never_scheduled to None, run_after=None
[2024-01-27T08:43:27.188+0000] {logging_mixin.py:188} INFO - [2024-01-27T08:43:27.188+0000] {dag.py:3823} INFO - Setting next_dagrun for dataset_consumes_unknown_never_scheduled to None, run_after=None
[2024-01-27T08:43:27.190+0000] {logging_mixin.py:188} INFO - [2024-01-27T08:43:27.190+0000] {dag.py:3823} INFO - Setting next_dagrun for dataset_produces_1 to 2024-01-26 00:00:00+00:00, run_after=2024-01-27 00:00:00+00:00
[2024-01-27T08:43:27.191+0000] {logging_mixin.py:188} INFO - [2024-01-27T08:43:27.191+0000] {dag.py:3823} INFO - Setting next_dagrun for dataset_produces_2 to None, run_after=None
[2024-01-27T08:43:27.211+0000] {processor.py:183} INFO - Processing /home/airflow/.local/lib/python3.8/site-packages/airflow/example_dags/example_datasets.py took 0.077 seconds
[2024-01-27T08:43:57.391+0000] {processor.py:161} INFO - Started process (PID=349) to work on /home/airflow/.local/lib/python3.8/site-packages/airflow/example_dags/example_datasets.py
[2024-01-27T08:43:57.391+0000] {processor.py:830} INFO - Processing file /home/airflow/.local/lib/python3.8/site-packages/airflow/example_dags/example_datasets.py for tasks to queue
[2024-01-27T08:43:57.392+0000] {logging_mixin.py:188} INFO - [2024-01-27T08:43:57.392+0000] {dagbag.py:538} INFO - Filling up the DagBag from /home/airflow/.local/lib/python3.8/site-packages/airflow/example_dags/example_datasets.py
[2024-01-27T08:43:57.398+0000] {processor.py:840} INFO - DAG(s) 'dataset_produces_2', 'dataset_produces_1', 'dataset_consumes_1', 'dataset_consumes_unknown_never_scheduled', 'dataset_consumes_1_never_scheduled', 'dataset_consumes_1_and_2' retrieved from /home/airflow/.local/lib/python3.8/site-packages/airflow/example_dags/example_datasets.py
[2024-01-27T08:43:57.424+0000] {logging_mixin.py:188} INFO - [2024-01-27T08:43:57.423+0000] {dag.py:3036} INFO - Sync 6 DAGs
[2024-01-27T08:43:57.439+0000] {logging_mixin.py:188} INFO - [2024-01-27T08:43:57.439+0000] {dag.py:3823} INFO - Setting next_dagrun for dataset_consumes_1 to None, run_after=None
[2024-01-27T08:43:57.442+0000] {logging_mixin.py:188} INFO - [2024-01-27T08:43:57.442+0000] {dag.py:3823} INFO - Setting next_dagrun for dataset_consumes_1_and_2 to None, run_after=None
[2024-01-27T08:43:57.443+0000] {logging_mixin.py:188} INFO - [2024-01-27T08:43:57.443+0000] {dag.py:3823} INFO - Setting next_dagrun for dataset_consumes_1_never_scheduled to None, run_after=None
[2024-01-27T08:43:57.444+0000] {logging_mixin.py:188} INFO - [2024-01-27T08:43:57.443+0000] {dag.py:3823} INFO - Setting next_dagrun for dataset_consumes_unknown_never_scheduled to None, run_after=None
[2024-01-27T08:43:57.445+0000] {logging_mixin.py:188} INFO - [2024-01-27T08:43:57.445+0000] {dag.py:3823} INFO - Setting next_dagrun for dataset_produces_1 to 2024-01-26 00:00:00+00:00, run_after=2024-01-27 00:00:00+00:00
[2024-01-27T08:43:57.446+0000] {logging_mixin.py:188} INFO - [2024-01-27T08:43:57.446+0000] {dag.py:3823} INFO - Setting next_dagrun for dataset_produces_2 to None, run_after=None
[2024-01-27T08:43:57.466+0000] {processor.py:183} INFO - Processing /home/airflow/.local/lib/python3.8/site-packages/airflow/example_dags/example_datasets.py took 0.077 seconds
[2024-01-27T08:44:27.765+0000] {processor.py:161} INFO - Started process (PID=403) to work on /home/airflow/.local/lib/python3.8/site-packages/airflow/example_dags/example_datasets.py
[2024-01-27T08:44:27.765+0000] {processor.py:830} INFO - Processing file /home/airflow/.local/lib/python3.8/site-packages/airflow/example_dags/example_datasets.py for tasks to queue
[2024-01-27T08:44:27.766+0000] {logging_mixin.py:188} INFO - [2024-01-27T08:44:27.766+0000] {dagbag.py:538} INFO - Filling up the DagBag from /home/airflow/.local/lib/python3.8/site-packages/airflow/example_dags/example_datasets.py
[2024-01-27T08:44:27.773+0000] {processor.py:840} INFO - DAG(s) 'dataset_produces_2', 'dataset_consumes_1', 'dataset_consumes_unknown_never_scheduled', 'dataset_consumes_1_never_scheduled', 'dataset_consumes_1_and_2', 'dataset_produces_1' retrieved from /home/airflow/.local/lib/python3.8/site-packages/airflow/example_dags/example_datasets.py
[2024-01-27T08:44:27.799+0000] {logging_mixin.py:188} INFO - [2024-01-27T08:44:27.799+0000] {dag.py:3036} INFO - Sync 6 DAGs
[2024-01-27T08:44:27.822+0000] {logging_mixin.py:188} INFO - [2024-01-27T08:44:27.822+0000] {dag.py:3823} INFO - Setting next_dagrun for dataset_consumes_1 to None, run_after=None
[2024-01-27T08:44:27.826+0000] {logging_mixin.py:188} INFO - [2024-01-27T08:44:27.826+0000] {dag.py:3823} INFO - Setting next_dagrun for dataset_consumes_1_and_2 to None, run_after=None
[2024-01-27T08:44:27.827+0000] {logging_mixin.py:188} INFO - [2024-01-27T08:44:27.827+0000] {dag.py:3823} INFO - Setting next_dagrun for dataset_consumes_1_never_scheduled to None, run_after=None
[2024-01-27T08:44:27.828+0000] {logging_mixin.py:188} INFO - [2024-01-27T08:44:27.828+0000] {dag.py:3823} INFO - Setting next_dagrun for dataset_consumes_unknown_never_scheduled to None, run_after=None
[2024-01-27T08:44:27.830+0000] {logging_mixin.py:188} INFO - [2024-01-27T08:44:27.830+0000] {dag.py:3823} INFO - Setting next_dagrun for dataset_produces_1 to 2024-01-26 00:00:00+00:00, run_after=2024-01-27 00:00:00+00:00
[2024-01-27T08:44:27.831+0000] {logging_mixin.py:188} INFO - [2024-01-27T08:44:27.831+0000] {dag.py:3823} INFO - Setting next_dagrun for dataset_produces_2 to None, run_after=None
[2024-01-27T08:44:27.860+0000] {processor.py:183} INFO - Processing /home/airflow/.local/lib/python3.8/site-packages/airflow/example_dags/example_datasets.py took 0.098 seconds
[2024-01-27T08:44:58.816+0000] {processor.py:161} INFO - Started process (PID=458) to work on /home/airflow/.local/lib/python3.8/site-packages/airflow/example_dags/example_datasets.py
[2024-01-27T08:44:58.817+0000] {processor.py:830} INFO - Processing file /home/airflow/.local/lib/python3.8/site-packages/airflow/example_dags/example_datasets.py for tasks to queue
[2024-01-27T08:44:58.818+0000] {logging_mixin.py:188} INFO - [2024-01-27T08:44:58.818+0000] {dagbag.py:538} INFO - Filling up the DagBag from /home/airflow/.local/lib/python3.8/site-packages/airflow/example_dags/example_datasets.py
[2024-01-27T08:44:58.825+0000] {processor.py:840} INFO - DAG(s) 'dataset_produces_1', 'dataset_consumes_unknown_never_scheduled', 'dataset_consumes_1', 'dataset_produces_2', 'dataset_consumes_1_never_scheduled', 'dataset_consumes_1_and_2' retrieved from /home/airflow/.local/lib/python3.8/site-packages/airflow/example_dags/example_datasets.py
[2024-01-27T08:44:58.850+0000] {logging_mixin.py:188} INFO - [2024-01-27T08:44:58.850+0000] {dag.py:3036} INFO - Sync 6 DAGs
[2024-01-27T08:44:58.865+0000] {logging_mixin.py:188} INFO - [2024-01-27T08:44:58.865+0000] {dag.py:3823} INFO - Setting next_dagrun for dataset_consumes_1 to None, run_after=None
[2024-01-27T08:44:58.868+0000] {logging_mixin.py:188} INFO - [2024-01-27T08:44:58.868+0000] {dag.py:3823} INFO - Setting next_dagrun for dataset_consumes_1_and_2 to None, run_after=None
[2024-01-27T08:44:58.869+0000] {logging_mixin.py:188} INFO - [2024-01-27T08:44:58.869+0000] {dag.py:3823} INFO - Setting next_dagrun for dataset_consumes_1_never_scheduled to None, run_after=None
[2024-01-27T08:44:58.870+0000] {logging_mixin.py:188} INFO - [2024-01-27T08:44:58.870+0000] {dag.py:3823} INFO - Setting next_dagrun for dataset_consumes_unknown_never_scheduled to None, run_after=None
[2024-01-27T08:44:58.872+0000] {logging_mixin.py:188} INFO - [2024-01-27T08:44:58.872+0000] {dag.py:3823} INFO - Setting next_dagrun for dataset_produces_1 to 2024-01-26 00:00:00+00:00, run_after=2024-01-27 00:00:00+00:00
[2024-01-27T08:44:58.873+0000] {logging_mixin.py:188} INFO - [2024-01-27T08:44:58.872+0000] {dag.py:3823} INFO - Setting next_dagrun for dataset_produces_2 to None, run_after=None
[2024-01-27T08:44:58.893+0000] {processor.py:183} INFO - Processing /home/airflow/.local/lib/python3.8/site-packages/airflow/example_dags/example_datasets.py took 0.079 seconds
