[2024-01-27T08:41:25.187+0000] {processor.py:161} INFO - Started process (PID=58) to work on /home/airflow/.local/lib/python3.8/site-packages/airflow/example_dags/example_task_group_decorator.py
[2024-01-27T08:41:25.188+0000] {processor.py:830} INFO - Processing file /home/airflow/.local/lib/python3.8/site-packages/airflow/example_dags/example_task_group_decorator.py for tasks to queue
[2024-01-27T08:41:25.189+0000] {logging_mixin.py:188} INFO - [2024-01-27T08:41:25.189+0000] {dagbag.py:538} INFO - Filling up the DagBag from /home/airflow/.local/lib/python3.8/site-packages/airflow/example_dags/example_task_group_decorator.py
[2024-01-27T08:41:25.203+0000] {processor.py:840} INFO - DAG(s) 'example_task_group_decorator' retrieved from /home/airflow/.local/lib/python3.8/site-packages/airflow/example_dags/example_task_group_decorator.py
[2024-01-27T08:41:25.215+0000] {logging_mixin.py:188} INFO - [2024-01-27T08:41:25.215+0000] {dag.py:3036} INFO - Sync 1 DAGs
[2024-01-27T08:41:25.247+0000] {logging_mixin.py:188} INFO - [2024-01-27T08:41:25.246+0000] {dag.py:3823} INFO - Setting next_dagrun for example_task_group_decorator to 2024-01-26 00:00:00+00:00, run_after=2024-01-27 00:00:00+00:00
[2024-01-27T08:41:25.276+0000] {processor.py:183} INFO - Processing /home/airflow/.local/lib/python3.8/site-packages/airflow/example_dags/example_task_group_decorator.py took 0.092 seconds
[2024-01-27T08:41:55.784+0000] {processor.py:161} INFO - Started process (PID=114) to work on /home/airflow/.local/lib/python3.8/site-packages/airflow/example_dags/example_task_group_decorator.py
[2024-01-27T08:41:55.784+0000] {processor.py:830} INFO - Processing file /home/airflow/.local/lib/python3.8/site-packages/airflow/example_dags/example_task_group_decorator.py for tasks to queue
[2024-01-27T08:41:55.785+0000] {logging_mixin.py:188} INFO - [2024-01-27T08:41:55.785+0000] {dagbag.py:538} INFO - Filling up the DagBag from /home/airflow/.local/lib/python3.8/site-packages/airflow/example_dags/example_task_group_decorator.py
[2024-01-27T08:41:55.795+0000] {processor.py:840} INFO - DAG(s) 'example_task_group_decorator' retrieved from /home/airflow/.local/lib/python3.8/site-packages/airflow/example_dags/example_task_group_decorator.py
[2024-01-27T08:41:55.870+0000] {logging_mixin.py:188} INFO - [2024-01-27T08:41:55.870+0000] {dag.py:3036} INFO - Sync 1 DAGs
[2024-01-27T08:41:55.884+0000] {logging_mixin.py:188} INFO - [2024-01-27T08:41:55.884+0000] {dag.py:3823} INFO - Setting next_dagrun for example_task_group_decorator to 2024-01-26 00:00:00+00:00, run_after=2024-01-27 00:00:00+00:00
[2024-01-27T08:41:55.896+0000] {processor.py:183} INFO - Processing /home/airflow/.local/lib/python3.8/site-packages/airflow/example_dags/example_task_group_decorator.py took 0.115 seconds
[2024-01-27T08:42:26.350+0000] {processor.py:161} INFO - Started process (PID=169) to work on /home/airflow/.local/lib/python3.8/site-packages/airflow/example_dags/example_task_group_decorator.py
[2024-01-27T08:42:26.350+0000] {processor.py:830} INFO - Processing file /home/airflow/.local/lib/python3.8/site-packages/airflow/example_dags/example_task_group_decorator.py for tasks to queue
[2024-01-27T08:42:26.351+0000] {logging_mixin.py:188} INFO - [2024-01-27T08:42:26.351+0000] {dagbag.py:538} INFO - Filling up the DagBag from /home/airflow/.local/lib/python3.8/site-packages/airflow/example_dags/example_task_group_decorator.py
[2024-01-27T08:42:26.361+0000] {processor.py:840} INFO - DAG(s) 'example_task_group_decorator' retrieved from /home/airflow/.local/lib/python3.8/site-packages/airflow/example_dags/example_task_group_decorator.py
[2024-01-27T08:42:26.378+0000] {logging_mixin.py:188} INFO - [2024-01-27T08:42:26.378+0000] {dag.py:3036} INFO - Sync 1 DAGs
[2024-01-27T08:42:26.394+0000] {logging_mixin.py:188} INFO - [2024-01-27T08:42:26.394+0000] {dag.py:3823} INFO - Setting next_dagrun for example_task_group_decorator to 2024-01-26 00:00:00+00:00, run_after=2024-01-27 00:00:00+00:00
[2024-01-27T08:42:26.405+0000] {processor.py:183} INFO - Processing /home/airflow/.local/lib/python3.8/site-packages/airflow/example_dags/example_task_group_decorator.py took 0.058 seconds
[2024-01-27T08:42:56.504+0000] {processor.py:161} INFO - Started process (PID=224) to work on /home/airflow/.local/lib/python3.8/site-packages/airflow/example_dags/example_task_group_decorator.py
[2024-01-27T08:42:56.504+0000] {processor.py:830} INFO - Processing file /home/airflow/.local/lib/python3.8/site-packages/airflow/example_dags/example_task_group_decorator.py for tasks to queue
[2024-01-27T08:42:56.505+0000] {logging_mixin.py:188} INFO - [2024-01-27T08:42:56.505+0000] {dagbag.py:538} INFO - Filling up the DagBag from /home/airflow/.local/lib/python3.8/site-packages/airflow/example_dags/example_task_group_decorator.py
[2024-01-27T08:42:56.515+0000] {processor.py:840} INFO - DAG(s) 'example_task_group_decorator' retrieved from /home/airflow/.local/lib/python3.8/site-packages/airflow/example_dags/example_task_group_decorator.py
[2024-01-27T08:42:56.533+0000] {logging_mixin.py:188} INFO - [2024-01-27T08:42:56.533+0000] {dag.py:3036} INFO - Sync 1 DAGs
[2024-01-27T08:42:56.550+0000] {logging_mixin.py:188} INFO - [2024-01-27T08:42:56.549+0000] {dag.py:3823} INFO - Setting next_dagrun for example_task_group_decorator to 2024-01-26 00:00:00+00:00, run_after=2024-01-27 00:00:00+00:00
[2024-01-27T08:42:56.563+0000] {processor.py:183} INFO - Processing /home/airflow/.local/lib/python3.8/site-packages/airflow/example_dags/example_task_group_decorator.py took 0.061 seconds
[2024-01-27T08:43:26.590+0000] {processor.py:161} INFO - Started process (PID=280) to work on /home/airflow/.local/lib/python3.8/site-packages/airflow/example_dags/example_task_group_decorator.py
[2024-01-27T08:43:26.591+0000] {processor.py:830} INFO - Processing file /home/airflow/.local/lib/python3.8/site-packages/airflow/example_dags/example_task_group_decorator.py for tasks to queue
[2024-01-27T08:43:26.592+0000] {logging_mixin.py:188} INFO - [2024-01-27T08:43:26.592+0000] {dagbag.py:538} INFO - Filling up the DagBag from /home/airflow/.local/lib/python3.8/site-packages/airflow/example_dags/example_task_group_decorator.py
[2024-01-27T08:43:26.602+0000] {processor.py:840} INFO - DAG(s) 'example_task_group_decorator' retrieved from /home/airflow/.local/lib/python3.8/site-packages/airflow/example_dags/example_task_group_decorator.py
[2024-01-27T08:43:26.618+0000] {logging_mixin.py:188} INFO - [2024-01-27T08:43:26.618+0000] {dag.py:3036} INFO - Sync 1 DAGs
[2024-01-27T08:43:26.633+0000] {logging_mixin.py:188} INFO - [2024-01-27T08:43:26.633+0000] {dag.py:3823} INFO - Setting next_dagrun for example_task_group_decorator to 2024-01-26 00:00:00+00:00, run_after=2024-01-27 00:00:00+00:00
[2024-01-27T08:43:26.645+0000] {processor.py:183} INFO - Processing /home/airflow/.local/lib/python3.8/site-packages/airflow/example_dags/example_task_group_decorator.py took 0.057 seconds
[2024-01-27T08:43:56.791+0000] {processor.py:161} INFO - Started process (PID=334) to work on /home/airflow/.local/lib/python3.8/site-packages/airflow/example_dags/example_task_group_decorator.py
[2024-01-27T08:43:56.792+0000] {processor.py:830} INFO - Processing file /home/airflow/.local/lib/python3.8/site-packages/airflow/example_dags/example_task_group_decorator.py for tasks to queue
[2024-01-27T08:43:56.793+0000] {logging_mixin.py:188} INFO - [2024-01-27T08:43:56.793+0000] {dagbag.py:538} INFO - Filling up the DagBag from /home/airflow/.local/lib/python3.8/site-packages/airflow/example_dags/example_task_group_decorator.py
[2024-01-27T08:43:56.803+0000] {processor.py:840} INFO - DAG(s) 'example_task_group_decorator' retrieved from /home/airflow/.local/lib/python3.8/site-packages/airflow/example_dags/example_task_group_decorator.py
[2024-01-27T08:43:56.820+0000] {logging_mixin.py:188} INFO - [2024-01-27T08:43:56.820+0000] {dag.py:3036} INFO - Sync 1 DAGs
[2024-01-27T08:43:56.837+0000] {logging_mixin.py:188} INFO - [2024-01-27T08:43:56.836+0000] {dag.py:3823} INFO - Setting next_dagrun for example_task_group_decorator to 2024-01-26 00:00:00+00:00, run_after=2024-01-27 00:00:00+00:00
[2024-01-27T08:43:56.849+0000] {processor.py:183} INFO - Processing /home/airflow/.local/lib/python3.8/site-packages/airflow/example_dags/example_task_group_decorator.py took 0.060 seconds
[2024-01-27T08:44:27.325+0000] {processor.py:161} INFO - Started process (PID=390) to work on /home/airflow/.local/lib/python3.8/site-packages/airflow/example_dags/example_task_group_decorator.py
[2024-01-27T08:44:27.326+0000] {processor.py:830} INFO - Processing file /home/airflow/.local/lib/python3.8/site-packages/airflow/example_dags/example_task_group_decorator.py for tasks to queue
[2024-01-27T08:44:27.328+0000] {logging_mixin.py:188} INFO - [2024-01-27T08:44:27.327+0000] {dagbag.py:538} INFO - Filling up the DagBag from /home/airflow/.local/lib/python3.8/site-packages/airflow/example_dags/example_task_group_decorator.py
[2024-01-27T08:44:27.338+0000] {processor.py:840} INFO - DAG(s) 'example_task_group_decorator' retrieved from /home/airflow/.local/lib/python3.8/site-packages/airflow/example_dags/example_task_group_decorator.py
[2024-01-27T08:44:27.355+0000] {logging_mixin.py:188} INFO - [2024-01-27T08:44:27.355+0000] {dag.py:3036} INFO - Sync 1 DAGs
[2024-01-27T08:44:27.370+0000] {logging_mixin.py:188} INFO - [2024-01-27T08:44:27.370+0000] {dag.py:3823} INFO - Setting next_dagrun for example_task_group_decorator to 2024-01-26 00:00:00+00:00, run_after=2024-01-27 00:00:00+00:00
[2024-01-27T08:44:27.382+0000] {processor.py:183} INFO - Processing /home/airflow/.local/lib/python3.8/site-packages/airflow/example_dags/example_task_group_decorator.py took 0.059 seconds
[2024-01-27T08:44:58.277+0000] {processor.py:161} INFO - Started process (PID=445) to work on /home/airflow/.local/lib/python3.8/site-packages/airflow/example_dags/example_task_group_decorator.py
[2024-01-27T08:44:58.283+0000] {processor.py:830} INFO - Processing file /home/airflow/.local/lib/python3.8/site-packages/airflow/example_dags/example_task_group_decorator.py for tasks to queue
[2024-01-27T08:44:58.287+0000] {logging_mixin.py:188} INFO - [2024-01-27T08:44:58.286+0000] {dagbag.py:538} INFO - Filling up the DagBag from /home/airflow/.local/lib/python3.8/site-packages/airflow/example_dags/example_task_group_decorator.py
[2024-01-27T08:44:58.298+0000] {processor.py:840} INFO - DAG(s) 'example_task_group_decorator' retrieved from /home/airflow/.local/lib/python3.8/site-packages/airflow/example_dags/example_task_group_decorator.py
[2024-01-27T08:44:58.314+0000] {logging_mixin.py:188} INFO - [2024-01-27T08:44:58.314+0000] {dag.py:3036} INFO - Sync 1 DAGs
[2024-01-27T08:44:58.328+0000] {logging_mixin.py:188} INFO - [2024-01-27T08:44:58.328+0000] {dag.py:3823} INFO - Setting next_dagrun for example_task_group_decorator to 2024-01-26 00:00:00+00:00, run_after=2024-01-27 00:00:00+00:00
[2024-01-27T08:44:58.340+0000] {processor.py:183} INFO - Processing /home/airflow/.local/lib/python3.8/site-packages/airflow/example_dags/example_task_group_decorator.py took 0.065 seconds
