[2024-01-27T08:41:24.938+0000] {processor.py:161} INFO - Started process (PID=54) to work on /home/airflow/.local/lib/python3.8/site-packages/airflow/example_dags/tutorial.py
[2024-01-27T08:41:24.938+0000] {processor.py:830} INFO - Processing file /home/airflow/.local/lib/python3.8/site-packages/airflow/example_dags/tutorial.py for tasks to queue
[2024-01-27T08:41:24.940+0000] {logging_mixin.py:188} INFO - [2024-01-27T08:41:24.939+0000] {dagbag.py:538} INFO - Filling up the DagBag from /home/airflow/.local/lib/python3.8/site-packages/airflow/example_dags/tutorial.py
[2024-01-27T08:41:24.944+0000] {processor.py:840} INFO - DAG(s) 'tutorial' retrieved from /home/airflow/.local/lib/python3.8/site-packages/airflow/example_dags/tutorial.py
[2024-01-27T08:41:24.954+0000] {logging_mixin.py:188} INFO - [2024-01-27T08:41:24.954+0000] {dag.py:3036} INFO - Sync 1 DAGs
[2024-01-27T08:41:24.985+0000] {logging_mixin.py:188} INFO - [2024-01-27T08:41:24.984+0000] {dag.py:3823} INFO - Setting next_dagrun for tutorial to 2024-01-26 00:00:00+00:00, run_after=2024-01-27 00:00:00+00:00
[2024-01-27T08:41:25.004+0000] {processor.py:183} INFO - Processing /home/airflow/.local/lib/python3.8/site-packages/airflow/example_dags/tutorial.py took 0.068 seconds
[2024-01-27T08:41:55.466+0000] {processor.py:161} INFO - Started process (PID=109) to work on /home/airflow/.local/lib/python3.8/site-packages/airflow/example_dags/tutorial.py
[2024-01-27T08:41:55.467+0000] {processor.py:830} INFO - Processing file /home/airflow/.local/lib/python3.8/site-packages/airflow/example_dags/tutorial.py for tasks to queue
[2024-01-27T08:41:55.468+0000] {logging_mixin.py:188} INFO - [2024-01-27T08:41:55.468+0000] {dagbag.py:538} INFO - Filling up the DagBag from /home/airflow/.local/lib/python3.8/site-packages/airflow/example_dags/tutorial.py
[2024-01-27T08:41:55.472+0000] {processor.py:840} INFO - DAG(s) 'tutorial' retrieved from /home/airflow/.local/lib/python3.8/site-packages/airflow/example_dags/tutorial.py
[2024-01-27T08:41:55.542+0000] {logging_mixin.py:188} INFO - [2024-01-27T08:41:55.542+0000] {dag.py:3036} INFO - Sync 1 DAGs
[2024-01-27T08:41:55.556+0000] {logging_mixin.py:188} INFO - [2024-01-27T08:41:55.556+0000] {dag.py:3823} INFO - Setting next_dagrun for tutorial to 2024-01-26 00:00:00+00:00, run_after=2024-01-27 00:00:00+00:00
[2024-01-27T08:41:55.570+0000] {processor.py:183} INFO - Processing /home/airflow/.local/lib/python3.8/site-packages/airflow/example_dags/tutorial.py took 0.106 seconds
[2024-01-27T08:42:26.146+0000] {processor.py:161} INFO - Started process (PID=165) to work on /home/airflow/.local/lib/python3.8/site-packages/airflow/example_dags/tutorial.py
[2024-01-27T08:42:26.147+0000] {processor.py:830} INFO - Processing file /home/airflow/.local/lib/python3.8/site-packages/airflow/example_dags/tutorial.py for tasks to queue
[2024-01-27T08:42:26.148+0000] {logging_mixin.py:188} INFO - [2024-01-27T08:42:26.147+0000] {dagbag.py:538} INFO - Filling up the DagBag from /home/airflow/.local/lib/python3.8/site-packages/airflow/example_dags/tutorial.py
[2024-01-27T08:42:26.151+0000] {processor.py:840} INFO - DAG(s) 'tutorial' retrieved from /home/airflow/.local/lib/python3.8/site-packages/airflow/example_dags/tutorial.py
[2024-01-27T08:42:26.164+0000] {logging_mixin.py:188} INFO - [2024-01-27T08:42:26.164+0000] {dag.py:3036} INFO - Sync 1 DAGs
[2024-01-27T08:42:26.179+0000] {logging_mixin.py:188} INFO - [2024-01-27T08:42:26.179+0000] {dag.py:3823} INFO - Setting next_dagrun for tutorial to 2024-01-26 00:00:00+00:00, run_after=2024-01-27 00:00:00+00:00
[2024-01-27T08:42:26.192+0000] {processor.py:183} INFO - Processing /home/airflow/.local/lib/python3.8/site-packages/airflow/example_dags/tutorial.py took 0.047 seconds
[2024-01-27T08:42:56.244+0000] {processor.py:161} INFO - Started process (PID=219) to work on /home/airflow/.local/lib/python3.8/site-packages/airflow/example_dags/tutorial.py
[2024-01-27T08:42:56.244+0000] {processor.py:830} INFO - Processing file /home/airflow/.local/lib/python3.8/site-packages/airflow/example_dags/tutorial.py for tasks to queue
[2024-01-27T08:42:56.245+0000] {logging_mixin.py:188} INFO - [2024-01-27T08:42:56.245+0000] {dagbag.py:538} INFO - Filling up the DagBag from /home/airflow/.local/lib/python3.8/site-packages/airflow/example_dags/tutorial.py
[2024-01-27T08:42:56.249+0000] {processor.py:840} INFO - DAG(s) 'tutorial' retrieved from /home/airflow/.local/lib/python3.8/site-packages/airflow/example_dags/tutorial.py
[2024-01-27T08:42:56.261+0000] {logging_mixin.py:188} INFO - [2024-01-27T08:42:56.261+0000] {dag.py:3036} INFO - Sync 1 DAGs
[2024-01-27T08:42:56.275+0000] {logging_mixin.py:188} INFO - [2024-01-27T08:42:56.275+0000] {dag.py:3823} INFO - Setting next_dagrun for tutorial to 2024-01-26 00:00:00+00:00, run_after=2024-01-27 00:00:00+00:00
[2024-01-27T08:42:56.287+0000] {processor.py:183} INFO - Processing /home/airflow/.local/lib/python3.8/site-packages/airflow/example_dags/tutorial.py took 0.045 seconds
[2024-01-27T08:43:26.359+0000] {processor.py:161} INFO - Started process (PID=275) to work on /home/airflow/.local/lib/python3.8/site-packages/airflow/example_dags/tutorial.py
[2024-01-27T08:43:26.360+0000] {processor.py:830} INFO - Processing file /home/airflow/.local/lib/python3.8/site-packages/airflow/example_dags/tutorial.py for tasks to queue
[2024-01-27T08:43:26.361+0000] {logging_mixin.py:188} INFO - [2024-01-27T08:43:26.361+0000] {dagbag.py:538} INFO - Filling up the DagBag from /home/airflow/.local/lib/python3.8/site-packages/airflow/example_dags/tutorial.py
[2024-01-27T08:43:26.365+0000] {processor.py:840} INFO - DAG(s) 'tutorial' retrieved from /home/airflow/.local/lib/python3.8/site-packages/airflow/example_dags/tutorial.py
[2024-01-27T08:43:26.379+0000] {logging_mixin.py:188} INFO - [2024-01-27T08:43:26.379+0000] {dag.py:3036} INFO - Sync 1 DAGs
[2024-01-27T08:43:26.395+0000] {logging_mixin.py:188} INFO - [2024-01-27T08:43:26.395+0000] {dag.py:3823} INFO - Setting next_dagrun for tutorial to 2024-01-26 00:00:00+00:00, run_after=2024-01-27 00:00:00+00:00
[2024-01-27T08:43:26.407+0000] {processor.py:183} INFO - Processing /home/airflow/.local/lib/python3.8/site-packages/airflow/example_dags/tutorial.py took 0.049 seconds
[2024-01-27T08:43:56.614+0000] {processor.py:161} INFO - Started process (PID=330) to work on /home/airflow/.local/lib/python3.8/site-packages/airflow/example_dags/tutorial.py
[2024-01-27T08:43:56.615+0000] {processor.py:830} INFO - Processing file /home/airflow/.local/lib/python3.8/site-packages/airflow/example_dags/tutorial.py for tasks to queue
[2024-01-27T08:43:56.616+0000] {logging_mixin.py:188} INFO - [2024-01-27T08:43:56.616+0000] {dagbag.py:538} INFO - Filling up the DagBag from /home/airflow/.local/lib/python3.8/site-packages/airflow/example_dags/tutorial.py
[2024-01-27T08:43:56.622+0000] {processor.py:840} INFO - DAG(s) 'tutorial' retrieved from /home/airflow/.local/lib/python3.8/site-packages/airflow/example_dags/tutorial.py
[2024-01-27T08:43:56.640+0000] {logging_mixin.py:188} INFO - [2024-01-27T08:43:56.640+0000] {dag.py:3036} INFO - Sync 1 DAGs
[2024-01-27T08:43:56.659+0000] {logging_mixin.py:188} INFO - [2024-01-27T08:43:56.658+0000] {dag.py:3823} INFO - Setting next_dagrun for tutorial to 2024-01-26 00:00:00+00:00, run_after=2024-01-27 00:00:00+00:00
[2024-01-27T08:43:56.672+0000] {processor.py:183} INFO - Processing /home/airflow/.local/lib/python3.8/site-packages/airflow/example_dags/tutorial.py took 0.059 seconds
[2024-01-27T08:44:26.954+0000] {processor.py:161} INFO - Started process (PID=385) to work on /home/airflow/.local/lib/python3.8/site-packages/airflow/example_dags/tutorial.py
[2024-01-27T08:44:26.955+0000] {processor.py:830} INFO - Processing file /home/airflow/.local/lib/python3.8/site-packages/airflow/example_dags/tutorial.py for tasks to queue
[2024-01-27T08:44:26.956+0000] {logging_mixin.py:188} INFO - [2024-01-27T08:44:26.956+0000] {dagbag.py:538} INFO - Filling up the DagBag from /home/airflow/.local/lib/python3.8/site-packages/airflow/example_dags/tutorial.py
[2024-01-27T08:44:26.959+0000] {processor.py:840} INFO - DAG(s) 'tutorial' retrieved from /home/airflow/.local/lib/python3.8/site-packages/airflow/example_dags/tutorial.py
[2024-01-27T08:44:26.972+0000] {logging_mixin.py:188} INFO - [2024-01-27T08:44:26.972+0000] {dag.py:3036} INFO - Sync 1 DAGs
[2024-01-27T08:44:26.987+0000] {logging_mixin.py:188} INFO - [2024-01-27T08:44:26.987+0000] {dag.py:3823} INFO - Setting next_dagrun for tutorial to 2024-01-26 00:00:00+00:00, run_after=2024-01-27 00:00:00+00:00
[2024-01-27T08:44:26.999+0000] {processor.py:183} INFO - Processing /home/airflow/.local/lib/python3.8/site-packages/airflow/example_dags/tutorial.py took 0.047 seconds
[2024-01-27T08:44:57.059+0000] {processor.py:161} INFO - Started process (PID=440) to work on /home/airflow/.local/lib/python3.8/site-packages/airflow/example_dags/tutorial.py
[2024-01-27T08:44:57.059+0000] {processor.py:830} INFO - Processing file /home/airflow/.local/lib/python3.8/site-packages/airflow/example_dags/tutorial.py for tasks to queue
[2024-01-27T08:44:57.060+0000] {logging_mixin.py:188} INFO - [2024-01-27T08:44:57.060+0000] {dagbag.py:538} INFO - Filling up the DagBag from /home/airflow/.local/lib/python3.8/site-packages/airflow/example_dags/tutorial.py
[2024-01-27T08:44:57.064+0000] {processor.py:840} INFO - DAG(s) 'tutorial' retrieved from /home/airflow/.local/lib/python3.8/site-packages/airflow/example_dags/tutorial.py
[2024-01-27T08:44:57.080+0000] {logging_mixin.py:188} INFO - [2024-01-27T08:44:57.080+0000] {dag.py:3036} INFO - Sync 1 DAGs
[2024-01-27T08:44:57.097+0000] {logging_mixin.py:188} INFO - [2024-01-27T08:44:57.097+0000] {dag.py:3823} INFO - Setting next_dagrun for tutorial to 2024-01-26 00:00:00+00:00, run_after=2024-01-27 00:00:00+00:00
[2024-01-27T08:44:57.109+0000] {processor.py:183} INFO - Processing /home/airflow/.local/lib/python3.8/site-packages/airflow/example_dags/tutorial.py took 0.052 seconds
