[2024-01-27T08:41:24.726+0000] {processor.py:161} INFO - Started process (PID=49) to work on /home/airflow/.local/lib/python3.8/site-packages/airflow/example_dags/tutorial_objectstorage.py
[2024-01-27T08:41:24.727+0000] {processor.py:830} INFO - Processing file /home/airflow/.local/lib/python3.8/site-packages/airflow/example_dags/tutorial_objectstorage.py for tasks to queue
[2024-01-27T08:41:24.728+0000] {logging_mixin.py:188} INFO - [2024-01-27T08:41:24.728+0000] {dagbag.py:538} INFO - Filling up the DagBag from /home/airflow/.local/lib/python3.8/site-packages/airflow/example_dags/tutorial_objectstorage.py
[2024-01-27T08:41:24.733+0000] {processor.py:840} INFO - DAG(s) 'tutorial_objectstorage' retrieved from /home/airflow/.local/lib/python3.8/site-packages/airflow/example_dags/tutorial_objectstorage.py
[2024-01-27T08:41:24.743+0000] {logging_mixin.py:188} INFO - [2024-01-27T08:41:24.743+0000] {dag.py:3036} INFO - Sync 1 DAGs
[2024-01-27T08:41:24.756+0000] {logging_mixin.py:188} INFO - [2024-01-27T08:41:24.756+0000] {dag.py:3823} INFO - Setting next_dagrun for tutorial_objectstorage to None, run_after=None
[2024-01-27T08:41:24.775+0000] {processor.py:183} INFO - Processing /home/airflow/.local/lib/python3.8/site-packages/airflow/example_dags/tutorial_objectstorage.py took 0.051 seconds
[2024-01-27T08:41:55.212+0000] {processor.py:161} INFO - Started process (PID=105) to work on /home/airflow/.local/lib/python3.8/site-packages/airflow/example_dags/tutorial_objectstorage.py
[2024-01-27T08:41:55.212+0000] {processor.py:830} INFO - Processing file /home/airflow/.local/lib/python3.8/site-packages/airflow/example_dags/tutorial_objectstorage.py for tasks to queue
[2024-01-27T08:41:55.213+0000] {logging_mixin.py:188} INFO - [2024-01-27T08:41:55.213+0000] {dagbag.py:538} INFO - Filling up the DagBag from /home/airflow/.local/lib/python3.8/site-packages/airflow/example_dags/tutorial_objectstorage.py
[2024-01-27T08:41:55.218+0000] {processor.py:840} INFO - DAG(s) 'tutorial_objectstorage' retrieved from /home/airflow/.local/lib/python3.8/site-packages/airflow/example_dags/tutorial_objectstorage.py
[2024-01-27T08:41:55.295+0000] {logging_mixin.py:188} INFO - [2024-01-27T08:41:55.295+0000] {dag.py:3036} INFO - Sync 1 DAGs
[2024-01-27T08:41:55.306+0000] {logging_mixin.py:188} INFO - [2024-01-27T08:41:55.305+0000] {dag.py:3823} INFO - Setting next_dagrun for tutorial_objectstorage to None, run_after=None
[2024-01-27T08:41:55.318+0000] {processor.py:183} INFO - Processing /home/airflow/.local/lib/python3.8/site-packages/airflow/example_dags/tutorial_objectstorage.py took 0.108 seconds
[2024-01-27T08:42:25.995+0000] {processor.py:161} INFO - Started process (PID=160) to work on /home/airflow/.local/lib/python3.8/site-packages/airflow/example_dags/tutorial_objectstorage.py
[2024-01-27T08:42:25.996+0000] {processor.py:830} INFO - Processing file /home/airflow/.local/lib/python3.8/site-packages/airflow/example_dags/tutorial_objectstorage.py for tasks to queue
[2024-01-27T08:42:25.997+0000] {logging_mixin.py:188} INFO - [2024-01-27T08:42:25.997+0000] {dagbag.py:538} INFO - Filling up the DagBag from /home/airflow/.local/lib/python3.8/site-packages/airflow/example_dags/tutorial_objectstorage.py
[2024-01-27T08:42:26.003+0000] {processor.py:840} INFO - DAG(s) 'tutorial_objectstorage' retrieved from /home/airflow/.local/lib/python3.8/site-packages/airflow/example_dags/tutorial_objectstorage.py
[2024-01-27T08:42:26.017+0000] {logging_mixin.py:188} INFO - [2024-01-27T08:42:26.016+0000] {dag.py:3036} INFO - Sync 1 DAGs
[2024-01-27T08:42:26.026+0000] {logging_mixin.py:188} INFO - [2024-01-27T08:42:26.026+0000] {dag.py:3823} INFO - Setting next_dagrun for tutorial_objectstorage to None, run_after=None
[2024-01-27T08:42:26.040+0000] {processor.py:183} INFO - Processing /home/airflow/.local/lib/python3.8/site-packages/airflow/example_dags/tutorial_objectstorage.py took 0.047 seconds
[2024-01-27T08:42:56.059+0000] {processor.py:161} INFO - Started process (PID=215) to work on /home/airflow/.local/lib/python3.8/site-packages/airflow/example_dags/tutorial_objectstorage.py
[2024-01-27T08:42:56.059+0000] {processor.py:830} INFO - Processing file /home/airflow/.local/lib/python3.8/site-packages/airflow/example_dags/tutorial_objectstorage.py for tasks to queue
[2024-01-27T08:42:56.060+0000] {logging_mixin.py:188} INFO - [2024-01-27T08:42:56.060+0000] {dagbag.py:538} INFO - Filling up the DagBag from /home/airflow/.local/lib/python3.8/site-packages/airflow/example_dags/tutorial_objectstorage.py
[2024-01-27T08:42:56.065+0000] {processor.py:840} INFO - DAG(s) 'tutorial_objectstorage' retrieved from /home/airflow/.local/lib/python3.8/site-packages/airflow/example_dags/tutorial_objectstorage.py
[2024-01-27T08:42:56.078+0000] {logging_mixin.py:188} INFO - [2024-01-27T08:42:56.078+0000] {dag.py:3036} INFO - Sync 1 DAGs
[2024-01-27T08:42:56.087+0000] {logging_mixin.py:188} INFO - [2024-01-27T08:42:56.086+0000] {dag.py:3823} INFO - Setting next_dagrun for tutorial_objectstorage to None, run_after=None
[2024-01-27T08:42:56.099+0000] {processor.py:183} INFO - Processing /home/airflow/.local/lib/python3.8/site-packages/airflow/example_dags/tutorial_objectstorage.py took 0.042 seconds
[2024-01-27T08:43:26.230+0000] {processor.py:161} INFO - Started process (PID=271) to work on /home/airflow/.local/lib/python3.8/site-packages/airflow/example_dags/tutorial_objectstorage.py
[2024-01-27T08:43:26.230+0000] {processor.py:830} INFO - Processing file /home/airflow/.local/lib/python3.8/site-packages/airflow/example_dags/tutorial_objectstorage.py for tasks to queue
[2024-01-27T08:43:26.231+0000] {logging_mixin.py:188} INFO - [2024-01-27T08:43:26.231+0000] {dagbag.py:538} INFO - Filling up the DagBag from /home/airflow/.local/lib/python3.8/site-packages/airflow/example_dags/tutorial_objectstorage.py
[2024-01-27T08:43:26.236+0000] {processor.py:840} INFO - DAG(s) 'tutorial_objectstorage' retrieved from /home/airflow/.local/lib/python3.8/site-packages/airflow/example_dags/tutorial_objectstorage.py
[2024-01-27T08:43:26.249+0000] {logging_mixin.py:188} INFO - [2024-01-27T08:43:26.248+0000] {dag.py:3036} INFO - Sync 1 DAGs
[2024-01-27T08:43:26.257+0000] {logging_mixin.py:188} INFO - [2024-01-27T08:43:26.257+0000] {dag.py:3823} INFO - Setting next_dagrun for tutorial_objectstorage to None, run_after=None
[2024-01-27T08:43:26.271+0000] {processor.py:183} INFO - Processing /home/airflow/.local/lib/python3.8/site-packages/airflow/example_dags/tutorial_objectstorage.py took 0.044 seconds
[2024-01-27T08:43:56.491+0000] {processor.py:161} INFO - Started process (PID=326) to work on /home/airflow/.local/lib/python3.8/site-packages/airflow/example_dags/tutorial_objectstorage.py
[2024-01-27T08:43:56.492+0000] {processor.py:830} INFO - Processing file /home/airflow/.local/lib/python3.8/site-packages/airflow/example_dags/tutorial_objectstorage.py for tasks to queue
[2024-01-27T08:43:56.493+0000] {logging_mixin.py:188} INFO - [2024-01-27T08:43:56.493+0000] {dagbag.py:538} INFO - Filling up the DagBag from /home/airflow/.local/lib/python3.8/site-packages/airflow/example_dags/tutorial_objectstorage.py
[2024-01-27T08:43:56.497+0000] {processor.py:840} INFO - DAG(s) 'tutorial_objectstorage' retrieved from /home/airflow/.local/lib/python3.8/site-packages/airflow/example_dags/tutorial_objectstorage.py
[2024-01-27T08:43:56.511+0000] {logging_mixin.py:188} INFO - [2024-01-27T08:43:56.511+0000] {dag.py:3036} INFO - Sync 1 DAGs
[2024-01-27T08:43:56.520+0000] {logging_mixin.py:188} INFO - [2024-01-27T08:43:56.519+0000] {dag.py:3823} INFO - Setting next_dagrun for tutorial_objectstorage to None, run_after=None
[2024-01-27T08:43:56.532+0000] {processor.py:183} INFO - Processing /home/airflow/.local/lib/python3.8/site-packages/airflow/example_dags/tutorial_objectstorage.py took 0.042 seconds
[2024-01-27T08:44:26.835+0000] {processor.py:161} INFO - Started process (PID=381) to work on /home/airflow/.local/lib/python3.8/site-packages/airflow/example_dags/tutorial_objectstorage.py
[2024-01-27T08:44:26.836+0000] {processor.py:830} INFO - Processing file /home/airflow/.local/lib/python3.8/site-packages/airflow/example_dags/tutorial_objectstorage.py for tasks to queue
[2024-01-27T08:44:26.837+0000] {logging_mixin.py:188} INFO - [2024-01-27T08:44:26.836+0000] {dagbag.py:538} INFO - Filling up the DagBag from /home/airflow/.local/lib/python3.8/site-packages/airflow/example_dags/tutorial_objectstorage.py
[2024-01-27T08:44:26.841+0000] {processor.py:840} INFO - DAG(s) 'tutorial_objectstorage' retrieved from /home/airflow/.local/lib/python3.8/site-packages/airflow/example_dags/tutorial_objectstorage.py
[2024-01-27T08:44:26.854+0000] {logging_mixin.py:188} INFO - [2024-01-27T08:44:26.854+0000] {dag.py:3036} INFO - Sync 1 DAGs
[2024-01-27T08:44:26.862+0000] {logging_mixin.py:188} INFO - [2024-01-27T08:44:26.862+0000] {dag.py:3823} INFO - Setting next_dagrun for tutorial_objectstorage to None, run_after=None
[2024-01-27T08:44:26.875+0000] {processor.py:183} INFO - Processing /home/airflow/.local/lib/python3.8/site-packages/airflow/example_dags/tutorial_objectstorage.py took 0.042 seconds
[2024-01-27T08:44:56.940+0000] {processor.py:161} INFO - Started process (PID=436) to work on /home/airflow/.local/lib/python3.8/site-packages/airflow/example_dags/tutorial_objectstorage.py
[2024-01-27T08:44:56.941+0000] {processor.py:830} INFO - Processing file /home/airflow/.local/lib/python3.8/site-packages/airflow/example_dags/tutorial_objectstorage.py for tasks to queue
[2024-01-27T08:44:56.942+0000] {logging_mixin.py:188} INFO - [2024-01-27T08:44:56.942+0000] {dagbag.py:538} INFO - Filling up the DagBag from /home/airflow/.local/lib/python3.8/site-packages/airflow/example_dags/tutorial_objectstorage.py
[2024-01-27T08:44:56.946+0000] {processor.py:840} INFO - DAG(s) 'tutorial_objectstorage' retrieved from /home/airflow/.local/lib/python3.8/site-packages/airflow/example_dags/tutorial_objectstorage.py
[2024-01-27T08:44:56.959+0000] {logging_mixin.py:188} INFO - [2024-01-27T08:44:56.959+0000] {dag.py:3036} INFO - Sync 1 DAGs
[2024-01-27T08:44:56.967+0000] {logging_mixin.py:188} INFO - [2024-01-27T08:44:56.967+0000] {dag.py:3823} INFO - Setting next_dagrun for tutorial_objectstorage to None, run_after=None
[2024-01-27T08:44:56.979+0000] {processor.py:183} INFO - Processing /home/airflow/.local/lib/python3.8/site-packages/airflow/example_dags/tutorial_objectstorage.py took 0.041 seconds
