[2023-12-25T11:26:08.510+0700] {processor.py:161} INFO - Started process (PID=6707) to work on /home/thanh/.local/lib/python3.10/site-packages/airflow/example_dags/example_branch_datetime_operator.py
[2023-12-25T11:26:08.510+0700] {processor.py:830} INFO - Processing file /home/thanh/.local/lib/python3.10/site-packages/airflow/example_dags/example_branch_datetime_operator.py for tasks to queue
[2023-12-25T11:26:08.511+0700] {logging_mixin.py:188} INFO - [2023-12-25T11:26:08.510+0700] {dagbag.py:538} INFO - Filling up the DagBag from /home/thanh/.local/lib/python3.10/site-packages/airflow/example_dags/example_branch_datetime_operator.py
[2023-12-25T11:26:08.518+0700] {processor.py:840} INFO - DAG(s) 'example_branch_datetime_operator_2', 'example_branch_datetime_operator', 'example_branch_datetime_operator_3' retrieved from /home/thanh/.local/lib/python3.10/site-packages/airflow/example_dags/example_branch_datetime_operator.py
[2023-12-25T11:26:08.592+0700] {logging_mixin.py:188} INFO - [2023-12-25T11:26:08.591+0700] {override.py:1769} INFO - Created Permission View: can delete on DAG:example_branch_datetime_operator_2
[2023-12-25T11:26:08.600+0700] {logging_mixin.py:188} INFO - [2023-12-25T11:26:08.600+0700] {override.py:1769} INFO - Created Permission View: can read on DAG:example_branch_datetime_operator_2
[2023-12-25T11:26:08.604+0700] {logging_mixin.py:188} INFO - [2023-12-25T11:26:08.604+0700] {override.py:1769} INFO - Created Permission View: can edit on DAG:example_branch_datetime_operator_2
[2023-12-25T11:26:08.615+0700] {logging_mixin.py:188} INFO - [2023-12-25T11:26:08.615+0700] {override.py:1769} INFO - Created Permission View: can delete on DAG:example_branch_datetime_operator
[2023-12-25T11:26:08.620+0700] {logging_mixin.py:188} INFO - [2023-12-25T11:26:08.620+0700] {override.py:1769} INFO - Created Permission View: can read on DAG:example_branch_datetime_operator
[2023-12-25T11:26:08.626+0700] {logging_mixin.py:188} INFO - [2023-12-25T11:26:08.626+0700] {override.py:1769} INFO - Created Permission View: can edit on DAG:example_branch_datetime_operator
[2023-12-25T11:26:08.637+0700] {logging_mixin.py:188} INFO - [2023-12-25T11:26:08.637+0700] {override.py:1769} INFO - Created Permission View: can delete on DAG:example_branch_datetime_operator_3
[2023-12-25T11:26:08.643+0700] {logging_mixin.py:188} INFO - [2023-12-25T11:26:08.642+0700] {override.py:1769} INFO - Created Permission View: can read on DAG:example_branch_datetime_operator_3
[2023-12-25T11:26:08.647+0700] {logging_mixin.py:188} INFO - [2023-12-25T11:26:08.647+0700] {override.py:1769} INFO - Created Permission View: can edit on DAG:example_branch_datetime_operator_3
[2023-12-25T11:26:08.648+0700] {logging_mixin.py:188} INFO - [2023-12-25T11:26:08.647+0700] {dag.py:3033} INFO - Sync 3 DAGs
[2023-12-25T11:26:08.656+0700] {logging_mixin.py:188} INFO - [2023-12-25T11:26:08.656+0700] {dag.py:3055} INFO - Creating ORM DAG for example_branch_datetime_operator_2
[2023-12-25T11:26:08.656+0700] {logging_mixin.py:188} INFO - [2023-12-25T11:26:08.656+0700] {dag.py:3055} INFO - Creating ORM DAG for example_branch_datetime_operator_3
[2023-12-25T11:26:08.657+0700] {logging_mixin.py:188} INFO - [2023-12-25T11:26:08.657+0700] {dag.py:3055} INFO - Creating ORM DAG for example_branch_datetime_operator
[2023-12-25T11:26:08.663+0700] {logging_mixin.py:188} INFO - [2023-12-25T11:26:08.663+0700] {dag.py:3820} INFO - Setting next_dagrun for example_branch_datetime_operator to 2023-12-24T00:00:00+00:00, run_after=2023-12-25T00:00:00+00:00
[2023-12-25T11:26:08.665+0700] {logging_mixin.py:188} INFO - [2023-12-25T11:26:08.665+0700] {dag.py:3820} INFO - Setting next_dagrun for example_branch_datetime_operator_2 to 2023-12-24T00:00:00+00:00, run_after=2023-12-25T00:00:00+00:00
[2023-12-25T11:26:08.666+0700] {logging_mixin.py:188} INFO - [2023-12-25T11:26:08.666+0700] {dag.py:3820} INFO - Setting next_dagrun for example_branch_datetime_operator_3 to 2023-12-24T00:00:00+00:00, run_after=2023-12-25T00:00:00+00:00
[2023-12-25T11:26:08.681+0700] {processor.py:183} INFO - Processing /home/thanh/.local/lib/python3.10/site-packages/airflow/example_dags/example_branch_datetime_operator.py took 0.173 seconds
