[2023-12-25T11:25:27.486+0700] {manager.py:469} INFO - Processing files using up to 1 processes at a time 
[2023-12-25T11:25:27.486+0700] {manager.py:470} INFO - Process each file at most once every 30 seconds
[2023-12-25T11:25:27.487+0700] {manager.py:471} INFO - Checking for new files in /home/thanh/projects/streaming_credit_card/dags every 300 seconds
[2023-12-25T11:25:27.487+0700] {manager.py:738} INFO - Searching for files in /home/thanh/projects/streaming_credit_card/dags
[2023-12-25T11:25:27.511+0700] {manager.py:741} INFO - There are 48 files in /home/thanh/projects/streaming_credit_card/dags
[2023-12-25T11:25:27.722+0700] {manager.py:879} INFO - 
================================================================================
DAG File Processing Stats

File Path                                                                                                                        PID    Runtime      # DAGs    # Errors  Last Runtime    Last Run
-------------------------------------------------------------------------------------------------------------------------------  -----  ---------  --------  ----------  --------------  -------------------
/home/thanh/.local/lib/python3.10/site-packages/airflow/example_dags/example_dynamic_task_mapping_with_no_taskflow_operators.py                           0           0
/home/thanh/.local/lib/python3.10/site-packages/airflow/example_dags/example_branch_python_dop_operator_3.py                                              0           0
/home/thanh/.local/lib/python3.10/site-packages/airflow/example_dags/example_branch_datetime_operator.py                                                  0           0
/home/thanh/.local/lib/python3.10/site-packages/airflow/example_dags/example_kubernetes_executor.py                                                       0           0
/home/thanh/.local/lib/python3.10/site-packages/airflow/example_dags/example_sla_dag.py                                                                   0           0
/home/thanh/.local/lib/python3.10/site-packages/airflow/example_dags/example_subdag_operator.py                                                           0           0
/home/thanh/.local/lib/python3.10/site-packages/airflow/example_dags/example_time_delta_sensor_async.py                                                   0           0
/home/thanh/.local/lib/python3.10/site-packages/airflow/example_dags/tutorial_taskflow_api.py                                                             0           0
/home/thanh/.local/lib/python3.10/site-packages/airflow/example_dags/example_sensors.py                                                                   0           0
/home/thanh/.local/lib/python3.10/site-packages/airflow/example_dags/tutorial_taskflow_api_virtualenv.py                                                  0           0
/home/thanh/.local/lib/python3.10/site-packages/airflow/example_dags/tutorial_dag.py                                                                      0           0
/home/thanh/.local/lib/python3.10/site-packages/airflow/example_dags/example_short_circuit_decorator.py                                                   0           0
/home/thanh/.local/lib/python3.10/site-packages/airflow/example_dags/example_latest_only_with_trigger.py                                                  0           0
/home/thanh/.local/lib/python3.10/site-packages/airflow/example_dags/example_setup_teardown.py                                                            0           0
/home/thanh/.local/lib/python3.10/site-packages/airflow/example_dags/example_xcom.py                                                                      0           0
/home/thanh/.local/lib/python3.10/site-packages/airflow/example_dags/tutorial_objectstorage.py                                                            0           0
/home/thanh/.local/lib/python3.10/site-packages/airflow/example_dags/example_trigger_target_dag.py                                                        0           0
/home/thanh/.local/lib/python3.10/site-packages/airflow/example_dags/example_skip_dag.py                                                                  0           0
/home/thanh/.local/lib/python3.10/site-packages/airflow/example_dags/example_python_decorator.py                                                          0           0
/home/thanh/.local/lib/python3.10/site-packages/airflow/example_dags/example_dag_decorator.py                                                             0           0
/home/thanh/.local/lib/python3.10/site-packages/airflow/example_dags/tutorial.py                                                                          0           0
/home/thanh/.local/lib/python3.10/site-packages/airflow/example_dags/example_branch_operator.py                                                           0           0
/home/thanh/.local/lib/python3.10/site-packages/airflow/example_dags/example_setup_teardown_taskflow.py                                                   0           0
/home/thanh/.local/lib/python3.10/site-packages/airflow/example_dags/example_short_circuit_operator.py                                                    0           0
/home/thanh/.local/lib/python3.10/site-packages/airflow/example_dags/example_task_group_decorator.py                                                      0           0
/home/thanh/.local/lib/python3.10/site-packages/airflow/example_dags/example_nested_branch_dag.py                                                         0           0
/home/thanh/.local/lib/python3.10/site-packages/airflow/example_dags/example_latest_only.py                                                               0           0
/home/thanh/.local/lib/python3.10/site-packages/airflow/example_dags/example_passing_params_via_test_command.py                                           0           0
/home/thanh/.local/lib/python3.10/site-packages/airflow/example_dags/example_params_ui_tutorial.py                                                        0           0
/home/thanh/.local/lib/python3.10/site-packages/airflow/example_dags/example_branch_operator_decorator.py                                                 0           0
/home/thanh/.local/lib/python3.10/site-packages/airflow/example_dags/example_task_group.py                                                                0           0
/home/thanh/.local/lib/python3.10/site-packages/airflow/example_dags/example_params_trigger_ui.py                                                         0           0
/home/thanh/.local/lib/python3.10/site-packages/airflow/example_dags/example_bash_operator.py                                                             0           0
/home/thanh/.local/lib/python3.10/site-packages/airflow/example_dags/example_trigger_controller_dag.py                                                    0           0
/home/thanh/.local/lib/python3.10/site-packages/airflow/example_dags/example_sensor_decorator.py                                                          0           0
/home/thanh/.local/lib/python3.10/site-packages/airflow/example_dags/example_dynamic_task_mapping.py                                                      0           0
/home/thanh/.local/lib/python3.10/site-packages/airflow/example_dags/example_branch_day_of_week_operator.py                                               0           0
/home/thanh/.local/lib/python3.10/site-packages/airflow/example_dags/example_datasets.py                                                                  0           0
/home/thanh/.local/lib/python3.10/site-packages/airflow/example_dags/example_xcomargs.py                                                                  0           0
/home/thanh/.local/lib/python3.10/site-packages/airflow/example_dags/example_python_operator.py                                                           0           0
/home/thanh/.local/lib/python3.10/site-packages/airflow/example_dags/example_external_task_marker_dag.py                                                  0           0
/home/thanh/.local/lib/python3.10/site-packages/airflow/example_dags/example_complex.py                                                                   0           0
/home/thanh/.local/lib/python3.10/site-packages/airflow/example_dags/example_local_kubernetes_executor.py                                                 0           0
/home/thanh/.local/lib/python3.10/site-packages/airflow/example_dags/example_branch_labels.py                                                             0           0
/home/thanh/.local/lib/python3.10/site-packages/airflow/example_dags/plugins/event_listener.py                                                            0           0
/home/thanh/.local/lib/python3.10/site-packages/airflow/example_dags/plugins/listener_plugin.py                                                           0           0
/home/thanh/.local/lib/python3.10/site-packages/airflow/example_dags/plugins/workday.py                                                                   0           0
/home/thanh/.local/lib/python3.10/site-packages/airflow/example_dags/subdags/subdag.py                                                                    0           0  0.10s           2023-12-25T04:25:27
================================================================================
[2023-12-25T11:25:58.102+0700] {manager.py:879} INFO - 
================================================================================
DAG File Processing Stats

File Path                                                                                                                        PID    Runtime      # DAGs    # Errors  Last Runtime    Last Run
-------------------------------------------------------------------------------------------------------------------------------  -----  ---------  --------  ----------  --------------  -------------------
/home/thanh/.local/lib/python3.10/site-packages/airflow/example_dags/example_dynamic_task_mapping_with_no_taskflow_operators.py                           0           0
/home/thanh/.local/lib/python3.10/site-packages/airflow/example_dags/example_branch_python_dop_operator_3.py                                              0           0
/home/thanh/.local/lib/python3.10/site-packages/airflow/example_dags/example_branch_datetime_operator.py                                                  0           0
/home/thanh/.local/lib/python3.10/site-packages/airflow/example_dags/example_kubernetes_executor.py                                                       0           0
/home/thanh/.local/lib/python3.10/site-packages/airflow/example_dags/example_dag_decorator.py                                                             0           0
/home/thanh/.local/lib/python3.10/site-packages/airflow/example_dags/example_branch_operator.py                                                           0           0
/home/thanh/.local/lib/python3.10/site-packages/airflow/example_dags/example_latest_only.py                                                               0           0
/home/thanh/.local/lib/python3.10/site-packages/airflow/example_dags/example_branch_operator_decorator.py                                                 0           0
/home/thanh/.local/lib/python3.10/site-packages/airflow/example_dags/example_bash_operator.py                                                             0           0
/home/thanh/.local/lib/python3.10/site-packages/airflow/example_dags/example_sensor_decorator.py                                                          0           0
/home/thanh/.local/lib/python3.10/site-packages/airflow/example_dags/example_dynamic_task_mapping.py                                                      0           0
/home/thanh/.local/lib/python3.10/site-packages/airflow/example_dags/example_branch_day_of_week_operator.py                                               0           0
/home/thanh/.local/lib/python3.10/site-packages/airflow/example_dags/example_datasets.py                                                                  0           0
/home/thanh/.local/lib/python3.10/site-packages/airflow/example_dags/example_xcomargs.py                                                                  0           0
/home/thanh/.local/lib/python3.10/site-packages/airflow/example_dags/example_python_operator.py                                                           0           0
/home/thanh/.local/lib/python3.10/site-packages/airflow/example_dags/example_external_task_marker_dag.py                                                  0           0
/home/thanh/.local/lib/python3.10/site-packages/airflow/example_dags/example_complex.py                                                                   0           0
/home/thanh/.local/lib/python3.10/site-packages/airflow/example_dags/example_local_kubernetes_executor.py                                                 0           0
/home/thanh/.local/lib/python3.10/site-packages/airflow/example_dags/example_branch_labels.py                                                             0           0
/home/thanh/.local/lib/python3.10/site-packages/airflow/example_dags/plugins/event_listener.py                                                            0           0
/home/thanh/.local/lib/python3.10/site-packages/airflow/example_dags/plugins/listener_plugin.py                                                           0           0
/home/thanh/.local/lib/python3.10/site-packages/airflow/example_dags/plugins/workday.py                                                                   0           0
/home/thanh/.local/lib/python3.10/site-packages/airflow/example_dags/subdags/subdag.py                                                                    0           0  0.10s           2023-12-25T04:25:27
/home/thanh/.local/lib/python3.10/site-packages/airflow/example_dags/example_sla_dag.py                                                                   1           0  0.20s           2023-12-25T04:25:29
/home/thanh/.local/lib/python3.10/site-packages/airflow/example_dags/example_time_delta_sensor_async.py                                                   1           0  0.21s           2023-12-25T04:25:31
/home/thanh/.local/lib/python3.10/site-packages/airflow/example_dags/tutorial_taskflow_api.py                                                             1           0  0.21s           2023-12-25T04:25:32
/home/thanh/.local/lib/python3.10/site-packages/airflow/example_dags/example_sensors.py                                                                   1           0  0.21s           2023-12-25T04:25:34
/home/thanh/.local/lib/python3.10/site-packages/airflow/example_dags/tutorial_taskflow_api_virtualenv.py                                                  1           0  0.21s           2023-12-25T04:25:35
/home/thanh/.local/lib/python3.10/site-packages/airflow/example_dags/tutorial_dag.py                                                                      1           0  0.21s           2023-12-25T04:25:36
/home/thanh/.local/lib/python3.10/site-packages/airflow/example_dags/example_short_circuit_decorator.py                                                   1           0  0.21s           2023-12-25T04:25:37
/home/thanh/.local/lib/python3.10/site-packages/airflow/example_dags/example_latest_only_with_trigger.py                                                  1           0  0.21s           2023-12-25T04:25:39
/home/thanh/.local/lib/python3.10/site-packages/airflow/example_dags/example_setup_teardown.py                                                            1           0  0.21s           2023-12-25T04:25:40
/home/thanh/.local/lib/python3.10/site-packages/airflow/example_dags/example_xcom.py                                                                      1           0  0.21s           2023-12-25T04:25:41
/home/thanh/.local/lib/python3.10/site-packages/airflow/example_dags/tutorial_objectstorage.py                                                            1           0  0.20s           2023-12-25T04:25:42
/home/thanh/.local/lib/python3.10/site-packages/airflow/example_dags/example_trigger_target_dag.py                                                        1           0  0.20s           2023-12-25T04:25:44
/home/thanh/.local/lib/python3.10/site-packages/airflow/example_dags/example_skip_dag.py                                                                  1           0  0.20s           2023-12-25T04:25:45
/home/thanh/.local/lib/python3.10/site-packages/airflow/example_dags/example_python_decorator.py                                                          1           0  0.20s           2023-12-25T04:25:46
/home/thanh/.local/lib/python3.10/site-packages/airflow/example_dags/tutorial.py                                                                          1           0  0.20s           2023-12-25T04:25:47
/home/thanh/.local/lib/python3.10/site-packages/airflow/example_dags/example_setup_teardown_taskflow.py                                                   1           0  0.31s           2023-12-25T04:25:48
/home/thanh/.local/lib/python3.10/site-packages/airflow/example_dags/example_short_circuit_operator.py                                                    1           0  0.31s           2023-12-25T04:25:49
/home/thanh/.local/lib/python3.10/site-packages/airflow/example_dags/example_task_group_decorator.py                                                      1           0  0.31s           2023-12-25T04:25:50
/home/thanh/.local/lib/python3.10/site-packages/airflow/example_dags/example_nested_branch_dag.py                                                         1           0  0.21s           2023-12-25T04:25:52
/home/thanh/.local/lib/python3.10/site-packages/airflow/example_dags/example_passing_params_via_test_command.py                                           1           0  0.20s           2023-12-25T04:25:53
/home/thanh/.local/lib/python3.10/site-packages/airflow/example_dags/example_params_ui_tutorial.py                                                        1           0  0.21s           2023-12-25T04:25:54
/home/thanh/.local/lib/python3.10/site-packages/airflow/example_dags/example_task_group.py                                                                1           0  0.20s           2023-12-25T04:25:55
/home/thanh/.local/lib/python3.10/site-packages/airflow/example_dags/example_params_trigger_ui.py                                                         1           0  0.20s           2023-12-25T04:25:57
/home/thanh/.local/lib/python3.10/site-packages/airflow/example_dags/example_trigger_controller_dag.py                                                    1           0  0.20s           2023-12-25T04:25:58
/home/thanh/.local/lib/python3.10/site-packages/airflow/example_dags/example_subdag_operator.py                                                           3           0  0.21s           2023-12-25T04:25:30
================================================================================
[2023-12-25T11:44:58.519+0700] {manager.py:469} INFO - Processing files using up to 1 processes at a time 
[2023-12-25T11:44:58.520+0700] {manager.py:470} INFO - Process each file at most once every 30 seconds
[2023-12-25T11:44:58.520+0700] {manager.py:471} INFO - Checking for new files in /home/thanh/projects/streaming_credit_card/dags every 300 seconds
[2023-12-25T11:44:58.520+0700] {manager.py:738} INFO - Searching for files in /home/thanh/projects/streaming_credit_card/dags
[2023-12-25T11:44:58.521+0700] {manager.py:741} INFO - There are 0 files in /home/thanh/projects/streaming_credit_card/dags
[2023-12-25T11:49:58.601+0700] {manager.py:738} INFO - Searching for files in /home/thanh/projects/streaming_credit_card/dags
[2023-12-25T11:49:58.612+0700] {manager.py:741} INFO - There are 0 files in /home/thanh/projects/streaming_credit_card/dags
[2023-12-25T11:54:58.685+0700] {manager.py:738} INFO - Searching for files in /home/thanh/projects/streaming_credit_card/dags
[2023-12-25T11:54:58.686+0700] {manager.py:741} INFO - There are 0 files in /home/thanh/projects/streaming_credit_card/dags
[2023-12-25T11:59:58.770+0700] {manager.py:738} INFO - Searching for files in /home/thanh/projects/streaming_credit_card/dags
[2023-12-25T11:59:58.771+0700] {manager.py:741} INFO - There are 0 files in /home/thanh/projects/streaming_credit_card/dags
[2023-12-25T12:04:58.851+0700] {manager.py:738} INFO - Searching for files in /home/thanh/projects/streaming_credit_card/dags
[2023-12-25T12:04:58.852+0700] {manager.py:741} INFO - There are 0 files in /home/thanh/projects/streaming_credit_card/dags
[2023-12-25T12:09:58.932+0700] {manager.py:738} INFO - Searching for files in /home/thanh/projects/streaming_credit_card/dags
[2023-12-25T12:09:58.933+0700] {manager.py:741} INFO - There are 0 files in /home/thanh/projects/streaming_credit_card/dags
[2023-12-25T12:14:58.990+0700] {manager.py:738} INFO - Searching for files in /home/thanh/projects/streaming_credit_card/dags
[2023-12-25T12:14:58.991+0700] {manager.py:741} INFO - There are 0 files in /home/thanh/projects/streaming_credit_card/dags
[2023-12-25T12:17:19.038+0700] {manager.py:469} INFO - Processing files using up to 1 processes at a time 
[2023-12-25T12:17:19.038+0700] {manager.py:470} INFO - Process each file at most once every 30 seconds
[2023-12-25T12:17:19.038+0700] {manager.py:471} INFO - Checking for new files in /home/thanh/projects/streaming_credit_card/dags every 300 seconds
[2023-12-25T12:17:19.039+0700] {manager.py:738} INFO - Searching for files in /home/thanh/projects/streaming_credit_card/dags
[2023-12-25T12:17:19.039+0700] {manager.py:741} INFO - There are 0 files in /home/thanh/projects/streaming_credit_card/dags
