[2024-01-27 08:55:08,819] {taskinstance.py:1159} INFO - Dependencies all met for <TaskInstance: first_sample_dag.print_hello_world manual__2024-01-27T08:55:07.265977+00:00 [queued]>
[2024-01-27 08:55:08,829] {taskinstance.py:1159} INFO - Dependencies all met for <TaskInstance: first_sample_dag.print_hello_world manual__2024-01-27T08:55:07.265977+00:00 [queued]>
[2024-01-27 08:55:08,829] {taskinstance.py:1356} INFO - 
--------------------------------------------------------------------------------
[2024-01-27 08:55:08,829] {taskinstance.py:1357} INFO - Starting attempt 1 of 1
[2024-01-27 08:55:08,829] {taskinstance.py:1358} INFO - 
--------------------------------------------------------------------------------
[2024-01-27 08:55:08,841] {taskinstance.py:1377} INFO - Executing <Task(BashOperator): print_hello_world> on 2024-01-27 08:55:07.265977+00:00
[2024-01-27 08:55:08,847] {standard_task_runner.py:52} INFO - Started process 255 to run task
[2024-01-27 08:55:08,850] {standard_task_runner.py:79} INFO - Running: ['***', 'tasks', 'run', 'first_sample_dag', 'print_hello_world', 'manual__2024-01-27T08:55:07.265977+00:00', '--job-id', '2', '--raw', '--subdir', 'DAGS_FOLDER/sample_dag.py', '--cfg-path', '/tmp/tmp5gwb8vep', '--error-file', '/tmp/tmpvvhwwxyi']
[2024-01-27 08:55:08,851] {standard_task_runner.py:80} INFO - Job 2: Subtask print_hello_world
[2024-01-27 08:55:08,889] {task_command.py:369} INFO - Running <TaskInstance: first_sample_dag.print_hello_world manual__2024-01-27T08:55:07.265977+00:00 [running]> on host 3adeeefe50dc
[2024-01-27 08:55:08,946] {taskinstance.py:1571} INFO - Exporting the following env vars:
AIRFLOW_CTX_DAG_OWNER=***
AIRFLOW_CTX_DAG_ID=first_sample_dag
AIRFLOW_CTX_TASK_ID=print_hello_world
AIRFLOW_CTX_EXECUTION_DATE=2024-01-27T08:55:07.265977+00:00
AIRFLOW_CTX_TRY_NUMBER=1
AIRFLOW_CTX_DAG_RUN_ID=manual__2024-01-27T08:55:07.265977+00:00
[2024-01-27 08:55:08,947] {subprocess.py:62} INFO - Tmp dir root location: 
 /tmp
[2024-01-27 08:55:08,947] {subprocess.py:74} INFO - Running command: ['bash', '-c', 'echo "HelloWorld!"']
[2024-01-27 08:55:08,955] {subprocess.py:85} INFO - Output:
[2024-01-27 08:55:08,956] {subprocess.py:92} INFO - HelloWorld!
[2024-01-27 08:55:08,956] {subprocess.py:96} INFO - Command exited with return code 0
[2024-01-27 08:55:08,977] {taskinstance.py:1400} INFO - Marking task as SUCCESS. dag_id=first_sample_dag, task_id=print_hello_world, execution_date=20240127T085507, start_date=20240127T085508, end_date=20240127T085508
[2024-01-27 08:55:09,021] {local_task_job.py:156} INFO - Task exited with return code 0
[2024-01-27 08:55:09,048] {local_task_job.py:273} INFO - 1 downstream tasks scheduled from follow-on schedule check
